{"/Users/nrw/python/tui-project/liap-tui/frontend/src/App.jsx": {"path":"/Users/nrw/python/tui-project/liap-tui/frontend/src/App.jsx","statementMap":{"0":{"start":{"line":24,"column":23},"end":{"line":50,"column":1}},"1":{"start":{"line":25,"column":14},"end":{"line":25,"column":22}},"2":{"start":{"line":28,"column":26},"end":{"line":37,"column":4}},"3":{"start":{"line":29,"column":4},"end":{"line":36,"column":5}},"4":{"start":{"line":31,"column":8},"end":{"line":31,"column":32}},"5":{"start":{"line":33,"column":8},"end":{"line":33,"column":35}},"6":{"start":{"line":35,"column":8},"end":{"line":35,"column":20}},"7":{"start":{"line":39,"column":2},"end":{"line":47,"column":3}},"8":{"start":{"line":41,"column":4},"end":{"line":43,"column":5}},"9":{"start":{"line":42,"column":6},"end":{"line":42,"column":41}},"10":{"start":{"line":44,"column":4},"end":{"line":46,"column":5}},"11":{"start":{"line":45,"column":6},"end":{"line":45,"column":46}},"12":{"start":{"line":49,"column":2},"end":{"line":49,"column":18}},"13":{"start":{"line":53,"column":18},"end":{"line":65,"column":1}},"14":{"start":{"line":54,"column":14},"end":{"line":54,"column":22}},"15":{"start":{"line":56,"column":2},"end":{"line":58,"column":3}},"16":{"start":{"line":57,"column":4},"end":{"line":57,"column":39}},"17":{"start":{"line":60,"column":2},"end":{"line":64,"column":4}},"18":{"start":{"line":68,"column":18},"end":{"line":110,"column":1}},"19":{"start":{"line":69,"column":2},"end":{"line":109,"column":4}},"20":{"start":{"line":113,"column":24},"end":{"line":167,"column":1}},"21":{"start":{"line":114,"column":56},"end":{"line":114,"column":71}},"22":{"start":{"line":115,"column":56},"end":{"line":115,"column":70}},"23":{"start":{"line":117,"column":2},"end":{"line":136,"column":9}},"24":{"start":{"line":118,"column":25},"end":{"line":127,"column":5}},"25":{"start":{"line":119,"column":6},"end":{"line":126,"column":7}},"26":{"start":{"line":120,"column":8},"end":{"line":120,"column":35}},"27":{"start":{"line":121,"column":8},"end":{"line":121,"column":37}},"28":{"start":{"line":122,"column":8},"end":{"line":122,"column":54}},"29":{"start":{"line":124,"column":8},"end":{"line":124,"column":70}},"30":{"start":{"line":125,"column":8},"end":{"line":125,"column":46}},"31":{"start":{"line":129,"column":4},"end":{"line":129,"column":19}},"32":{"start":{"line":132,"column":4},"end":{"line":135,"column":6}},"33":{"start":{"line":133,"column":6},"end":{"line":133,"column":24}},"34":{"start":{"line":134,"column":6},"end":{"line":134,"column":51}},"35":{"start":{"line":138,"column":2},"end":{"line":153,"column":3}},"36":{"start":{"line":139,"column":4},"end":{"line":152,"column":6}},"37":{"start":{"line":145,"column":27},"end":{"line":145,"column":51}},"38":{"start":{"line":155,"column":2},"end":{"line":164,"column":3}},"39":{"start":{"line":156,"column":4},"end":{"line":163,"column":6}},"40":{"start":{"line":166,"column":2},"end":{"line":166,"column":23}},"41":{"start":{"line":170,"column":12},"end":{"line":178,"column":1}},"42":{"start":{"line":171,"column":2},"end":{"line":177,"column":4}}},"fnMap":{"0":{"name":"(anonymous_0)","decl":{"start":{"line":24,"column":23},"end":{"line":24,"column":24}},"loc":{"start":{"line":24,"column":60},"end":{"line":50,"column":1}},"line":24},"1":{"name":"(anonymous_1)","decl":{"start":{"line":28,"column":45},"end":{"line":28,"column":46}},"loc":{"start":{"line":28,"column":54},"end":{"line":37,"column":3}},"line":28},"2":{"name":"(anonymous_2)","decl":{"start":{"line":53,"column":18},"end":{"line":53,"column":19}},"loc":{"start":{"line":53,"column":36},"end":{"line":65,"column":1}},"line":53},"3":{"name":"(anonymous_3)","decl":{"start":{"line":68,"column":18},"end":{"line":68,"column":19}},"loc":{"start":{"line":68,"column":24},"end":{"line":110,"column":1}},"line":68},"4":{"name":"(anonymous_4)","decl":{"start":{"line":113,"column":24},"end":{"line":113,"column":25}},"loc":{"start":{"line":113,"column":30},"end":{"line":167,"column":1}},"line":113},"5":{"name":"(anonymous_5)","decl":{"start":{"line":117,"column":12},"end":{"line":117,"column":13}},"loc":{"start":{"line":117,"column":18},"end":{"line":136,"column":3}},"line":117},"6":{"name":"(anonymous_6)","decl":{"start":{"line":118,"column":25},"end":{"line":118,"column":26}},"loc":{"start":{"line":118,"column":37},"end":{"line":127,"column":5}},"line":118},"7":{"name":"(anonymous_7)","decl":{"start":{"line":132,"column":11},"end":{"line":132,"column":12}},"loc":{"start":{"line":132,"column":17},"end":{"line":135,"column":5}},"line":132},"8":{"name":"(anonymous_8)","decl":{"start":{"line":145,"column":21},"end":{"line":145,"column":22}},"loc":{"start":{"line":145,"column":27},"end":{"line":145,"column":51}},"line":145},"9":{"name":"(anonymous_9)","decl":{"start":{"line":170,"column":12},"end":{"line":170,"column":13}},"loc":{"start":{"line":170,"column":18},"end":{"line":178,"column":1}},"line":170}},"branchMap":{"0":{"loc":{"start":{"line":24,"column":36},"end":{"line":24,"column":53}},"type":"default-arg","locations":[{"start":{"line":24,"column":51},"end":{"line":24,"column":53}}],"line":24},"1":{"loc":{"start":{"line":29,"column":4},"end":{"line":36,"column":5}},"type":"switch","locations":[{"start":{"line":30,"column":6},"end":{"line":31,"column":32}},{"start":{"line":32,"column":6},"end":{"line":33,"column":35}},{"start":{"line":34,"column":6},"end":{"line":35,"column":20}}],"line":29},"2":{"loc":{"start":{"line":39,"column":2},"end":{"line":47,"column":3}},"type":"if","locations":[{"start":{"line":39,"column":2},"end":{"line":47,"column":3}},{"start":{},"end":{}}],"line":39},"3":{"loc":{"start":{"line":41,"column":4},"end":{"line":43,"column":5}},"type":"if","locations":[{"start":{"line":41,"column":4},"end":{"line":43,"column":5}},{"start":{},"end":{}}],"line":41},"4":{"loc":{"start":{"line":44,"column":4},"end":{"line":46,"column":5}},"type":"if","locations":[{"start":{"line":44,"column":4},"end":{"line":46,"column":5}},{"start":{},"end":{}}],"line":44},"5":{"loc":{"start":{"line":56,"column":2},"end":{"line":58,"column":3}},"type":"if","locations":[{"start":{"line":56,"column":2},"end":{"line":58,"column":3}},{"start":{},"end":{}}],"line":56},"6":{"loc":{"start":{"line":56,"column":6},"end":{"line":56,"column":43}},"type":"binary-expr","locations":[{"start":{"line":56,"column":6},"end":{"line":56,"column":21}},{"start":{"line":56,"column":25},"end":{"line":56,"column":43}}],"line":56},"7":{"loc":{"start":{"line":138,"column":2},"end":{"line":153,"column":3}},"type":"if","locations":[{"start":{"line":138,"column":2},"end":{"line":153,"column":3}},{"start":{},"end":{}}],"line":138},"8":{"loc":{"start":{"line":155,"column":2},"end":{"line":164,"column":3}},"type":"if","locations":[{"start":{"line":155,"column":2},"end":{"line":164,"column":3}},{"start":{},"end":{}}],"line":155}},"s":{"0":0,"1":0,"2":0,"3":0,"4":0,"5":0,"6":0,"7":0,"8":0,"9":0,"10":0,"11":0,"12":0,"13":0,"14":0,"15":0,"16":0,"17":0,"18":0,"19":0,"20":0,"21":0,"22":0,"23":0,"24":0,"25":0,"26":0,"27":0,"28":0,"29":0,"30":0,"31":0,"32":0,"33":0,"34":0,"35":0,"36":0,"37":0,"38":0,"39":0,"40":0,"41":0,"42":0},"f":{"0":0,"1":0,"2":0,"3":0,"4":0,"5":0,"6":0,"7":0,"8":0,"9":0},"b":{"0":[0],"1":[0,0,0],"2":[0,0],"3":[0,0],"4":[0,0],"5":[0,0],"6":[0,0],"7":[0,0],"8":[0,0]}}
,"/Users/nrw/python/tui-project/liap-tui/frontend/src/components/Button.jsx": {"path":"/Users/nrw/python/tui-project/liap-tui/frontend/src/components/Button.jsx","statementMap":{"0":{"start":{"line":3,"column":15},"end":{"line":84,"column":1}},"1":{"start":{"line":18,"column":24},"end":{"line":24,"column":3}},"2":{"start":{"line":26,"column":27},"end":{"line":39,"column":5}},"3":{"start":{"line":41,"column":24},"end":{"line":45,"column":5}},"4":{"start":{"line":47,"column":20},"end":{"line":55,"column":16}},"5":{"start":{"line":57,"column":24},"end":{"line":60,"column":5}},"6":{"start":{"line":58,"column":6},"end":{"line":58,"column":38}},"7":{"start":{"line":58,"column":31},"end":{"line":58,"column":38}},"8":{"start":{"line":59,"column":6},"end":{"line":59,"column":19}},"9":{"start":{"line":62,"column":4},"end":{"line":82,"column":6}},"10":{"start":{"line":86,"column":0},"end":{"line":86,"column":30}}},"fnMap":{"0":{"name":"(anonymous_0)","decl":{"start":{"line":4,"column":2},"end":{"line":4,"column":3}},"loc":{"start":{"line":17,"column":8},"end":{"line":83,"column":3}},"line":17},"1":{"name":"(anonymous_1)","decl":{"start":{"line":57,"column":24},"end":{"line":57,"column":25}},"loc":{"start":{"line":57,"column":31},"end":{"line":60,"column":5}},"line":57}},"branchMap":{"0":{"loc":{"start":{"line":6,"column":4},"end":{"line":6,"column":23}},"type":"default-arg","locations":[{"start":{"line":6,"column":14},"end":{"line":6,"column":23}}],"line":6},"1":{"loc":{"start":{"line":7,"column":4},"end":{"line":7,"column":15}},"type":"default-arg","locations":[{"start":{"line":7,"column":11},"end":{"line":7,"column":15}}],"line":7},"2":{"loc":{"start":{"line":8,"column":4},"end":{"line":8,"column":20}},"type":"default-arg","locations":[{"start":{"line":8,"column":15},"end":{"line":8,"column":20}}],"line":8},"3":{"loc":{"start":{"line":9,"column":4},"end":{"line":9,"column":19}},"type":"default-arg","locations":[{"start":{"line":9,"column":14},"end":{"line":9,"column":19}}],"line":9},"4":{"loc":{"start":{"line":11,"column":4},"end":{"line":11,"column":18}},"type":"default-arg","locations":[{"start":{"line":11,"column":16},"end":{"line":11,"column":18}}],"line":11},"5":{"loc":{"start":{"line":12,"column":4},"end":{"line":12,"column":19}},"type":"default-arg","locations":[{"start":{"line":12,"column":11},"end":{"line":12,"column":19}}],"line":12},"6":{"loc":{"start":{"line":13,"column":4},"end":{"line":13,"column":30}},"type":"default-arg","locations":[{"start":{"line":13,"column":18},"end":{"line":13,"column":30}}],"line":13},"7":{"loc":{"start":{"line":14,"column":4},"end":{"line":14,"column":15}},"type":"default-arg","locations":[{"start":{"line":14,"column":11},"end":{"line":14,"column":15}}],"line":14},"8":{"loc":{"start":{"line":15,"column":4},"end":{"line":15,"column":21}},"type":"default-arg","locations":[{"start":{"line":15,"column":16},"end":{"line":15,"column":21}}],"line":15},"9":{"loc":{"start":{"line":51,"column":6},"end":{"line":51,"column":27}},"type":"binary-expr","locations":[{"start":{"line":51,"column":6},"end":{"line":51,"column":15}},{"start":{"line":51,"column":19},"end":{"line":51,"column":27}}],"line":51},"10":{"loc":{"start":{"line":58,"column":6},"end":{"line":58,"column":38}},"type":"if","locations":[{"start":{"line":58,"column":6},"end":{"line":58,"column":38}},{"start":{},"end":{}}],"line":58},"11":{"loc":{"start":{"line":58,"column":10},"end":{"line":58,"column":29}},"type":"binary-expr","locations":[{"start":{"line":58,"column":10},"end":{"line":58,"column":18}},{"start":{"line":58,"column":22},"end":{"line":58,"column":29}}],"line":58},"12":{"loc":{"start":{"line":66,"column":18},"end":{"line":66,"column":37}},"type":"binary-expr","locations":[{"start":{"line":66,"column":18},"end":{"line":66,"column":26}},{"start":{"line":66,"column":30},"end":{"line":66,"column":37}}],"line":66},"13":{"loc":{"start":{"line":70,"column":9},"end":{"line":80,"column":9}},"type":"cond-expr","locations":[{"start":{"line":71,"column":10},"end":{"line":74,"column":16}},{"start":{"line":76,"column":10},"end":{"line":79,"column":16}}],"line":70},"14":{"loc":{"start":{"line":77,"column":13},"end":{"line":77,"column":60}},"type":"binary-expr","locations":[{"start":{"line":77,"column":13},"end":{"line":77,"column":17}},{"start":{"line":77,"column":21},"end":{"line":77,"column":60}}],"line":77}},"s":{"0":1,"1":6,"2":6,"3":6,"4":6,"5":6,"6":1,"7":0,"8":1,"9":6,"10":1},"f":{"0":6,"1":1},"b":{"0":[5],"1":[6],"2":[5],"3":[5],"4":[5],"5":[6],"6":[6],"7":[6],"8":[6],"9":[6,0],"10":[0,1],"11":[1,1],"12":[6,5],"13":[1,5],"14":[5,0]},"_coverageSchema":"1a1c01bbd47fc00a2c39e90264f33305004495a9","hash":"53f39a470bb752905a69c76b3ac618e308f847db"}
,"/Users/nrw/python/tui-project/liap-tui/frontend/src/components/ConnectionIndicator.jsx": {"path":"/Users/nrw/python/tui-project/liap-tui/frontend/src/components/ConnectionIndicator.jsx","statementMap":{"0":{"start":{"line":5,"column":28},"end":{"line":82,"column":1}},"1":{"start":{"line":14,"column":24},"end":{"line":57,"column":3}},"2":{"start":{"line":15,"column":4},"end":{"line":22,"column":5}},"3":{"start":{"line":16,"column":6},"end":{"line":21,"column":8}},"4":{"start":{"line":24,"column":4},"end":{"line":31,"column":5}},"5":{"start":{"line":25,"column":6},"end":{"line":30,"column":8}},"6":{"start":{"line":33,"column":4},"end":{"line":40,"column":5}},"7":{"start":{"line":34,"column":6},"end":{"line":39,"column":8}},"8":{"start":{"line":42,"column":4},"end":{"line":49,"column":5}},"9":{"start":{"line":43,"column":6},"end":{"line":48,"column":8}},"10":{"start":{"line":51,"column":4},"end":{"line":56,"column":6}},"11":{"start":{"line":59,"column":21},"end":{"line":59,"column":36}},"12":{"start":{"line":61,"column":22},"end":{"line":64,"column":3}},"13":{"start":{"line":66,"column":2},"end":{"line":81,"column":4}}},"fnMap":{"0":{"name":"(anonymous_0)","decl":{"start":{"line":5,"column":28},"end":{"line":5,"column":29}},"loc":{"start":{"line":13,"column":6},"end":{"line":82,"column":1}},"line":13},"1":{"name":"(anonymous_1)","decl":{"start":{"line":14,"column":24},"end":{"line":14,"column":25}},"loc":{"start":{"line":14,"column":30},"end":{"line":57,"column":3}},"line":14}},"branchMap":{"0":{"loc":{"start":{"line":6,"column":2},"end":{"line":6,"column":21}},"type":"default-arg","locations":[{"start":{"line":6,"column":16},"end":{"line":6,"column":21}}],"line":6},"1":{"loc":{"start":{"line":7,"column":2},"end":{"line":7,"column":22}},"type":"default-arg","locations":[{"start":{"line":7,"column":17},"end":{"line":7,"column":22}}],"line":7},"2":{"loc":{"start":{"line":8,"column":2},"end":{"line":8,"column":24}},"type":"default-arg","locations":[{"start":{"line":8,"column":19},"end":{"line":8,"column":24}}],"line":8},"3":{"loc":{"start":{"line":9,"column":2},"end":{"line":9,"column":14}},"type":"default-arg","locations":[{"start":{"line":9,"column":10},"end":{"line":9,"column":14}}],"line":9},"4":{"loc":{"start":{"line":10,"column":2},"end":{"line":10,"column":15}},"type":"default-arg","locations":[{"start":{"line":10,"column":11},"end":{"line":10,"column":15}}],"line":10},"5":{"loc":{"start":{"line":11,"column":2},"end":{"line":11,"column":21}},"type":"default-arg","locations":[{"start":{"line":11,"column":16},"end":{"line":11,"column":21}}],"line":11},"6":{"loc":{"start":{"line":12,"column":2},"end":{"line":12,"column":16}},"type":"default-arg","locations":[{"start":{"line":12,"column":14},"end":{"line":12,"column":16}}],"line":12},"7":{"loc":{"start":{"line":15,"column":4},"end":{"line":22,"column":5}},"type":"if","locations":[{"start":{"line":15,"column":4},"end":{"line":22,"column":5}},{"start":{},"end":{}}],"line":15},"8":{"loc":{"start":{"line":24,"column":4},"end":{"line":31,"column":5}},"type":"if","locations":[{"start":{"line":24,"column":4},"end":{"line":31,"column":5}},{"start":{},"end":{}}],"line":24},"9":{"loc":{"start":{"line":33,"column":4},"end":{"line":40,"column":5}},"type":"if","locations":[{"start":{"line":33,"column":4},"end":{"line":40,"column":5}},{"start":{},"end":{}}],"line":33},"10":{"loc":{"start":{"line":42,"column":4},"end":{"line":49,"column":5}},"type":"if","locations":[{"start":{"line":42,"column":4},"end":{"line":49,"column":5}},{"start":{},"end":{}}],"line":42},"11":{"loc":{"start":{"line":71,"column":7},"end":{"line":73,"column":7}},"type":"binary-expr","locations":[{"start":{"line":71,"column":7},"end":{"line":71,"column":18}},{"start":{"line":71,"column":22},"end":{"line":71,"column":28}},{"start":{"line":72,"column":8},"end":{"line":72,"column":62}}],"line":71},"12":{"loc":{"start":{"line":75,"column":7},"end":{"line":79,"column":7}},"type":"binary-expr","locations":[{"start":{"line":75,"column":7},"end":{"line":75,"column":12}},{"start":{"line":75,"column":16},"end":{"line":75,"column":27}},{"start":{"line":76,"column":8},"end":{"line":78,"column":15}}],"line":75},"13":{"loc":{"start":{"line":76,"column":52},"end":{"line":76,"column":74}},"type":"binary-expr","locations":[{"start":{"line":76,"column":52},"end":{"line":76,"column":65}},{"start":{"line":76,"column":69},"end":{"line":76,"column":74}}],"line":76}},"s":{"0":0,"1":0,"2":0,"3":0,"4":0,"5":0,"6":0,"7":0,"8":0,"9":0,"10":0,"11":0,"12":0,"13":0},"f":{"0":0,"1":0},"b":{"0":[0],"1":[0],"2":[0],"3":[0],"4":[0],"5":[0],"6":[0],"7":[0,0],"8":[0,0],"9":[0,0],"10":[0,0],"11":[0,0,0],"12":[0,0,0],"13":[0,0]}}
,"/Users/nrw/python/tui-project/liap-tui/frontend/src/components/ErrorBoundary.jsx": {"path":"/Users/nrw/python/tui-project/liap-tui/frontend/src/components/ErrorBoundary.jsx","statementMap":{"0":{"start":{"line":5,"column":4},"end":{"line":5,"column":17}},"1":{"start":{"line":6,"column":4},"end":{"line":6,"column":67}},"2":{"start":{"line":10,"column":4},"end":{"line":10,"column":30}},"3":{"start":{"line":14,"column":4},"end":{"line":17,"column":7}},"4":{"start":{"line":20,"column":4},"end":{"line":22,"column":5}},"5":{"start":{"line":21,"column":6},"end":{"line":21,"column":67}},"6":{"start":{"line":26,"column":4},"end":{"line":86,"column":5}},"7":{"start":{"line":27,"column":6},"end":{"line":85,"column":8}},"8":{"start":{"line":52,"column":31},"end":{"line":52,"column":55}},"9":{"start":{"line":60,"column":18},"end":{"line":64,"column":20}},"10":{"start":{"line":88,"column":4},"end":{"line":88,"column":31}}},"fnMap":{"0":{"name":"(anonymous_0)","decl":{"start":{"line":4,"column":2},"end":{"line":4,"column":3}},"loc":{"start":{"line":4,"column":21},"end":{"line":7,"column":3}},"line":4},"1":{"name":"(anonymous_1)","decl":{"start":{"line":9,"column":2},"end":{"line":9,"column":3}},"loc":{"start":{"line":9,"column":41},"end":{"line":11,"column":3}},"line":9},"2":{"name":"(anonymous_2)","decl":{"start":{"line":13,"column":2},"end":{"line":13,"column":3}},"loc":{"start":{"line":13,"column":38},"end":{"line":23,"column":3}},"line":13},"3":{"name":"(anonymous_3)","decl":{"start":{"line":25,"column":2},"end":{"line":25,"column":3}},"loc":{"start":{"line":25,"column":11},"end":{"line":89,"column":3}},"line":25},"4":{"name":"(anonymous_4)","decl":{"start":{"line":52,"column":25},"end":{"line":52,"column":26}},"loc":{"start":{"line":52,"column":31},"end":{"line":52,"column":55}},"line":52},"5":{"name":"(anonymous_5)","decl":{"start":{"line":59,"column":25},"end":{"line":59,"column":26}},"loc":{"start":{"line":60,"column":18},"end":{"line":64,"column":20}},"line":60}},"branchMap":{"0":{"loc":{"start":{"line":20,"column":4},"end":{"line":22,"column":5}},"type":"if","locations":[{"start":{"line":20,"column":4},"end":{"line":22,"column":5}},{"start":{},"end":{}}],"line":20},"1":{"loc":{"start":{"line":26,"column":4},"end":{"line":86,"column":5}},"type":"if","locations":[{"start":{"line":26,"column":4},"end":{"line":86,"column":5}},{"start":{},"end":{}}],"line":26},"2":{"loc":{"start":{"line":72,"column":13},"end":{"line":82,"column":13}},"type":"binary-expr","locations":[{"start":{"line":72,"column":13},"end":{"line":72,"column":51}},{"start":{"line":72,"column":55},"end":{"line":72,"column":71}},{"start":{"line":73,"column":14},"end":{"line":81,"column":24}}],"line":72}},"s":{"0":0,"1":0,"2":0,"3":0,"4":0,"5":0,"6":0,"7":0,"8":0,"9":0,"10":0},"f":{"0":0,"1":0,"2":0,"3":0,"4":0,"5":0},"b":{"0":[0,0],"1":[0,0],"2":[0,0,0]}}
,"/Users/nrw/python/tui-project/liap-tui/frontend/src/components/Input.jsx": {"path":"/Users/nrw/python/tui-project/liap-tui/frontend/src/components/Input.jsx","statementMap":{"0":{"start":{"line":5,"column":14},"end":{"line":84,"column":1}},"1":{"start":{"line":26,"column":24},"end":{"line":30,"column":5}},"2":{"start":{"line":32,"column":24},"end":{"line":37,"column":3}},"3":{"start":{"line":39,"column":25},"end":{"line":41,"column":89}},"4":{"start":{"line":43,"column":25},"end":{"line":43,"column":70}},"5":{"start":{"line":45,"column":4},"end":{"line":82,"column":6}},"6":{"start":{"line":86,"column":0},"end":{"line":86,"column":28}}},"fnMap":{"0":{"name":"(anonymous_0)","decl":{"start":{"line":6,"column":2},"end":{"line":6,"column":3}},"loc":{"start":{"line":25,"column":7},"end":{"line":83,"column":3}},"line":25}},"branchMap":{"0":{"loc":{"start":{"line":8,"column":6},"end":{"line":8,"column":19}},"type":"default-arg","locations":[{"start":{"line":8,"column":13},"end":{"line":8,"column":19}}],"line":8},"1":{"loc":{"start":{"line":9,"column":6},"end":{"line":9,"column":22}},"type":"default-arg","locations":[{"start":{"line":9,"column":20},"end":{"line":9,"column":22}}],"line":9},"2":{"loc":{"start":{"line":14,"column":6},"end":{"line":14,"column":22}},"type":"default-arg","locations":[{"start":{"line":14,"column":17},"end":{"line":14,"column":22}}],"line":14},"3":{"loc":{"start":{"line":15,"column":6},"end":{"line":15,"column":22}},"type":"default-arg","locations":[{"start":{"line":15,"column":17},"end":{"line":15,"column":22}}],"line":15},"4":{"loc":{"start":{"line":16,"column":6},"end":{"line":16,"column":18}},"type":"default-arg","locations":[{"start":{"line":16,"column":14},"end":{"line":16,"column":18}}],"line":16},"5":{"loc":{"start":{"line":17,"column":6},"end":{"line":17,"column":16}},"type":"default-arg","locations":[{"start":{"line":17,"column":14},"end":{"line":17,"column":16}}],"line":17},"6":{"loc":{"start":{"line":18,"column":6},"end":{"line":18,"column":21}},"type":"default-arg","locations":[{"start":{"line":18,"column":19},"end":{"line":18,"column":21}}],"line":18},"7":{"loc":{"start":{"line":19,"column":6},"end":{"line":19,"column":17}},"type":"default-arg","locations":[{"start":{"line":19,"column":13},"end":{"line":19,"column":17}}],"line":19},"8":{"loc":{"start":{"line":20,"column":6},"end":{"line":20,"column":23}},"type":"default-arg","locations":[{"start":{"line":20,"column":18},"end":{"line":20,"column":23}}],"line":20},"9":{"loc":{"start":{"line":21,"column":6},"end":{"line":21,"column":20}},"type":"default-arg","locations":[{"start":{"line":21,"column":18},"end":{"line":21,"column":20}}],"line":21},"10":{"loc":{"start":{"line":36,"column":6},"end":{"line":36,"column":31}},"type":"cond-expr","locations":[{"start":{"line":36,"column":18},"end":{"line":36,"column":26}},{"start":{"line":36,"column":29},"end":{"line":36,"column":31}}],"line":36},"11":{"loc":{"start":{"line":39,"column":25},"end":{"line":41,"column":89}},"type":"cond-expr","locations":[{"start":{"line":40,"column":8},"end":{"line":40,"column":64}},{"start":{"line":41,"column":8},"end":{"line":41,"column":89}}],"line":39},"12":{"loc":{"start":{"line":46,"column":22},"end":{"line":46,"column":47}},"type":"cond-expr","locations":[{"start":{"line":46,"column":34},"end":{"line":46,"column":42}},{"start":{"line":46,"column":45},"end":{"line":46,"column":47}}],"line":46},"13":{"loc":{"start":{"line":48,"column":9},"end":{"line":53,"column":9}},"type":"binary-expr","locations":[{"start":{"line":48,"column":9},"end":{"line":48,"column":14}},{"start":{"line":49,"column":10},"end":{"line":52,"column":18}}],"line":48},"14":{"loc":{"start":{"line":51,"column":13},"end":{"line":51,"column":69}},"type":"binary-expr","locations":[{"start":{"line":51,"column":13},"end":{"line":51,"column":21}},{"start":{"line":51,"column":25},"end":{"line":51,"column":69}}],"line":51},"15":{"loc":{"start":{"line":71,"column":9},"end":{"line":75,"column":9}},"type":"binary-expr","locations":[{"start":{"line":71,"column":9},"end":{"line":71,"column":14}},{"start":{"line":72,"column":10},"end":{"line":74,"column":14}}],"line":71},"16":{"loc":{"start":{"line":78,"column":9},"end":{"line":80,"column":9}},"type":"binary-expr","locations":[{"start":{"line":78,"column":9},"end":{"line":78,"column":19}},{"start":{"line":78,"column":23},"end":{"line":78,"column":29}},{"start":{"line":79,"column":10},"end":{"line":79,"column":68}}],"line":78}},"s":{"0":0,"1":0,"2":0,"3":0,"4":0,"5":0,"6":0},"f":{"0":0},"b":{"0":[0],"1":[0],"2":[0],"3":[0],"4":[0],"5":[0],"6":[0],"7":[0],"8":[0],"9":[0],"10":[0,0],"11":[0,0],"12":[0,0],"13":[0,0],"14":[0,0],"15":[0,0],"16":[0,0,0]}}
,"/Users/nrw/python/tui-project/liap-tui/frontend/src/components/Layout.jsx": {"path":"/Users/nrw/python/tui-project/liap-tui/frontend/src/components/Layout.jsx","statementMap":{"0":{"start":{"line":6,"column":15},"end":{"line":48,"column":1}},"1":{"start":{"line":15,"column":2},"end":{"line":47,"column":4}}},"fnMap":{"0":{"name":"(anonymous_0)","decl":{"start":{"line":6,"column":15},"end":{"line":6,"column":16}},"loc":{"start":{"line":14,"column":6},"end":{"line":48,"column":1}},"line":14}},"branchMap":{"0":{"loc":{"start":{"line":8,"column":2},"end":{"line":8,"column":20}},"type":"default-arg","locations":[{"start":{"line":8,"column":10},"end":{"line":8,"column":20}}],"line":8},"1":{"loc":{"start":{"line":9,"column":2},"end":{"line":9,"column":24}},"type":"default-arg","locations":[{"start":{"line":9,"column":19},"end":{"line":9,"column":24}}],"line":9},"2":{"loc":{"start":{"line":10,"column":2},"end":{"line":10,"column":22}},"type":"default-arg","locations":[{"start":{"line":10,"column":20},"end":{"line":10,"column":22}}],"line":10},"3":{"loc":{"start":{"line":11,"column":2},"end":{"line":11,"column":19}},"type":"default-arg","locations":[{"start":{"line":11,"column":15},"end":{"line":11,"column":19}}],"line":11},"4":{"loc":{"start":{"line":12,"column":2},"end":{"line":12,"column":22}},"type":"default-arg","locations":[{"start":{"line":12,"column":18},"end":{"line":12,"column":22}}],"line":12},"5":{"loc":{"start":{"line":13,"column":2},"end":{"line":13,"column":16}},"type":"default-arg","locations":[{"start":{"line":13,"column":14},"end":{"line":13,"column":16}}],"line":13},"6":{"loc":{"start":{"line":18,"column":7},"end":{"line":42,"column":7}},"type":"binary-expr","locations":[{"start":{"line":18,"column":7},"end":{"line":18,"column":17}},{"start":{"line":19,"column":8},"end":{"line":41,"column":17}}],"line":18},"7":{"loc":{"start":{"line":32,"column":17},"end":{"line":37,"column":17}},"type":"binary-expr","locations":[{"start":{"line":32,"column":17},"end":{"line":32,"column":31}},{"start":{"line":33,"column":18},"end":{"line":36,"column":20}}],"line":32}},"s":{"0":0,"1":0},"f":{"0":0},"b":{"0":[0],"1":[0],"2":[0],"3":[0],"4":[0],"5":[0],"6":[0,0],"7":[0,0]}}
,"/Users/nrw/python/tui-project/liap-tui/frontend/src/components/LazyRoute.jsx": {"path":"/Users/nrw/python/tui-project/liap-tui/frontend/src/components/LazyRoute.jsx","statementMap":{"0":{"start":{"line":4,"column":18},"end":{"line":14,"column":1}},"1":{"start":{"line":9,"column":2},"end":{"line":13,"column":4}}},"fnMap":{"0":{"name":"(anonymous_0)","decl":{"start":{"line":4,"column":18},"end":{"line":4,"column":19}},"loc":{"start":{"line":8,"column":6},"end":{"line":14,"column":1}},"line":8}},"branchMap":{"0":{"loc":{"start":{"line":6,"column":2},"end":{"line":6,"column":57}},"type":"default-arg","locations":[{"start":{"line":6,"column":13},"end":{"line":6,"column":57}}],"line":6}},"s":{"0":0,"1":0},"f":{"0":0},"b":{"0":[0]}}
,"/Users/nrw/python/tui-project/liap-tui/frontend/src/components/LoadingOverlay.jsx": {"path":"/Users/nrw/python/tui-project/liap-tui/frontend/src/components/LoadingOverlay.jsx","statementMap":{"0":{"start":{"line":5,"column":23},"end":{"line":45,"column":1}},"1":{"start":{"line":13,"column":2},"end":{"line":13,"column":30}},"2":{"start":{"line":13,"column":18},"end":{"line":13,"column":30}},"3":{"start":{"line":15,"column":25},"end":{"line":17,"column":52}},"4":{"start":{"line":19,"column":2},"end":{"line":44,"column":4}}},"fnMap":{"0":{"name":"(anonymous_0)","decl":{"start":{"line":5,"column":23},"end":{"line":5,"column":24}},"loc":{"start":{"line":12,"column":6},"end":{"line":45,"column":1}},"line":12}},"branchMap":{"0":{"loc":{"start":{"line":6,"column":2},"end":{"line":6,"column":19}},"type":"default-arg","locations":[{"start":{"line":6,"column":14},"end":{"line":6,"column":19}}],"line":6},"1":{"loc":{"start":{"line":7,"column":2},"end":{"line":7,"column":24}},"type":"default-arg","locations":[{"start":{"line":7,"column":12},"end":{"line":7,"column":24}}],"line":7},"2":{"loc":{"start":{"line":8,"column":2},"end":{"line":8,"column":15}},"type":"default-arg","locations":[{"start":{"line":8,"column":13},"end":{"line":8,"column":15}}],"line":8},"3":{"loc":{"start":{"line":9,"column":2},"end":{"line":9,"column":20}},"type":"default-arg","locations":[{"start":{"line":9,"column":16},"end":{"line":9,"column":20}}],"line":9},"4":{"loc":{"start":{"line":10,"column":2},"end":{"line":10,"column":16}},"type":"default-arg","locations":[{"start":{"line":10,"column":12},"end":{"line":10,"column":16}}],"line":10},"5":{"loc":{"start":{"line":11,"column":2},"end":{"line":11,"column":16}},"type":"default-arg","locations":[{"start":{"line":11,"column":14},"end":{"line":11,"column":16}}],"line":11},"6":{"loc":{"start":{"line":13,"column":2},"end":{"line":13,"column":30}},"type":"if","locations":[{"start":{"line":13,"column":2},"end":{"line":13,"column":30}},{"start":{},"end":{}}],"line":13},"7":{"loc":{"start":{"line":15,"column":25},"end":{"line":17,"column":52}},"type":"cond-expr","locations":[{"start":{"line":16,"column":6},"end":{"line":16,"column":66}},{"start":{"line":17,"column":6},"end":{"line":17,"column":52}}],"line":15},"8":{"loc":{"start":{"line":26,"column":11},"end":{"line":31,"column":11}},"type":"binary-expr","locations":[{"start":{"line":26,"column":11},"end":{"line":26,"column":22}},{"start":{"line":27,"column":12},"end":{"line":30,"column":18}}],"line":26},"9":{"loc":{"start":{"line":39,"column":13},"end":{"line":39,"column":76}},"type":"binary-expr","locations":[{"start":{"line":39,"column":13},"end":{"line":39,"column":21}},{"start":{"line":39,"column":25},"end":{"line":39,"column":76}}],"line":39}},"s":{"0":0,"1":0,"2":0,"3":0,"4":0},"f":{"0":0},"b":{"0":[0],"1":[0],"2":[0],"3":[0],"4":[0],"5":[0],"6":[0,0],"7":[0,0],"8":[0,0],"9":[0,0]}}
,"/Users/nrw/python/tui-project/liap-tui/frontend/src/components/Modal.jsx": {"path":"/Users/nrw/python/tui-project/liap-tui/frontend/src/components/Modal.jsx","statementMap":{"0":{"start":{"line":6,"column":14},"end":{"line":122,"column":1}},"1":{"start":{"line":17,"column":19},"end":{"line":17,"column":31}},"2":{"start":{"line":18,"column":21},"end":{"line":18,"column":33}},"3":{"start":{"line":21,"column":2},"end":{"line":32,"column":39}},"4":{"start":{"line":22,"column":4},"end":{"line":22,"column":42}},"5":{"start":{"line":22,"column":35},"end":{"line":22,"column":42}},"6":{"start":{"line":24,"column":25},"end":{"line":28,"column":5}},"7":{"start":{"line":25,"column":6},"end":{"line":27,"column":7}},"8":{"start":{"line":26,"column":8},"end":{"line":26,"column":20}},"9":{"start":{"line":30,"column":4},"end":{"line":30,"column":55}},"10":{"start":{"line":31,"column":4},"end":{"line":31,"column":71}},"11":{"start":{"line":31,"column":17},"end":{"line":31,"column":70}},"12":{"start":{"line":35,"column":2},"end":{"line":39,"column":15}},"13":{"start":{"line":36,"column":4},"end":{"line":38,"column":5}},"14":{"start":{"line":37,"column":6},"end":{"line":37,"column":31}},"15":{"start":{"line":42,"column":2},"end":{"line":52,"column":15}},"16":{"start":{"line":43,"column":4},"end":{"line":47,"column":5}},"17":{"start":{"line":44,"column":6},"end":{"line":44,"column":46}},"18":{"start":{"line":46,"column":6},"end":{"line":46,"column":45}},"19":{"start":{"line":49,"column":4},"end":{"line":51,"column":6}},"20":{"start":{"line":50,"column":6},"end":{"line":50,"column":45}},"21":{"start":{"line":54,"column":29},"end":{"line":58,"column":3}},"22":{"start":{"line":55,"column":4},"end":{"line":57,"column":5}},"23":{"start":{"line":56,"column":6},"end":{"line":56,"column":18}},"24":{"start":{"line":60,"column":22},"end":{"line":66,"column":3}},"25":{"start":{"line":68,"column":2},"end":{"line":70,"column":3}},"26":{"start":{"line":69,"column":4},"end":{"line":69,"column":16}},"27":{"start":{"line":72,"column":2},"end":{"line":121,"column":4}}},"fnMap":{"0":{"name":"(anonymous_0)","decl":{"start":{"line":6,"column":14},"end":{"line":6,"column":15}},"loc":{"start":{"line":16,"column":6},"end":{"line":122,"column":1}},"line":16},"1":{"name":"(anonymous_1)","decl":{"start":{"line":21,"column":12},"end":{"line":21,"column":13}},"loc":{"start":{"line":21,"column":18},"end":{"line":32,"column":3}},"line":21},"2":{"name":"(anonymous_2)","decl":{"start":{"line":24,"column":25},"end":{"line":24,"column":26}},"loc":{"start":{"line":24,"column":36},"end":{"line":28,"column":5}},"line":24},"3":{"name":"(anonymous_3)","decl":{"start":{"line":31,"column":11},"end":{"line":31,"column":12}},"loc":{"start":{"line":31,"column":17},"end":{"line":31,"column":70}},"line":31},"4":{"name":"(anonymous_4)","decl":{"start":{"line":35,"column":12},"end":{"line":35,"column":13}},"loc":{"start":{"line":35,"column":18},"end":{"line":39,"column":3}},"line":35},"5":{"name":"(anonymous_5)","decl":{"start":{"line":42,"column":12},"end":{"line":42,"column":13}},"loc":{"start":{"line":42,"column":18},"end":{"line":52,"column":3}},"line":42},"6":{"name":"(anonymous_6)","decl":{"start":{"line":49,"column":11},"end":{"line":49,"column":12}},"loc":{"start":{"line":49,"column":17},"end":{"line":51,"column":5}},"line":49},"7":{"name":"(anonymous_7)","decl":{"start":{"line":54,"column":29},"end":{"line":54,"column":30}},"loc":{"start":{"line":54,"column":40},"end":{"line":58,"column":3}},"line":54}},"branchMap":{"0":{"loc":{"start":{"line":7,"column":2},"end":{"line":7,"column":16}},"type":"default-arg","locations":[{"start":{"line":7,"column":11},"end":{"line":7,"column":16}}],"line":7},"1":{"loc":{"start":{"line":9,"column":2},"end":{"line":9,"column":12}},"type":"default-arg","locations":[{"start":{"line":9,"column":10},"end":{"line":9,"column":12}}],"line":9},"2":{"loc":{"start":{"line":11,"column":2},"end":{"line":11,"column":13}},"type":"default-arg","locations":[{"start":{"line":11,"column":9},"end":{"line":11,"column":13}}],"line":11},"3":{"loc":{"start":{"line":12,"column":2},"end":{"line":12,"column":24}},"type":"default-arg","locations":[{"start":{"line":12,"column":20},"end":{"line":12,"column":24}}],"line":12},"4":{"loc":{"start":{"line":13,"column":2},"end":{"line":13,"column":28}},"type":"default-arg","locations":[{"start":{"line":13,"column":24},"end":{"line":13,"column":28}}],"line":13},"5":{"loc":{"start":{"line":14,"column":2},"end":{"line":14,"column":22}},"type":"default-arg","locations":[{"start":{"line":14,"column":18},"end":{"line":14,"column":22}}],"line":14},"6":{"loc":{"start":{"line":15,"column":2},"end":{"line":15,"column":16}},"type":"default-arg","locations":[{"start":{"line":15,"column":14},"end":{"line":15,"column":16}}],"line":15},"7":{"loc":{"start":{"line":22,"column":4},"end":{"line":22,"column":42}},"type":"if","locations":[{"start":{"line":22,"column":4},"end":{"line":22,"column":42}},{"start":{},"end":{}}],"line":22},"8":{"loc":{"start":{"line":22,"column":8},"end":{"line":22,"column":33}},"type":"binary-expr","locations":[{"start":{"line":22,"column":8},"end":{"line":22,"column":15}},{"start":{"line":22,"column":19},"end":{"line":22,"column":33}}],"line":22},"9":{"loc":{"start":{"line":25,"column":6},"end":{"line":27,"column":7}},"type":"if","locations":[{"start":{"line":25,"column":6},"end":{"line":27,"column":7}},{"start":{},"end":{}}],"line":25},"10":{"loc":{"start":{"line":36,"column":4},"end":{"line":38,"column":5}},"type":"if","locations":[{"start":{"line":36,"column":4},"end":{"line":38,"column":5}},{"start":{},"end":{}}],"line":36},"11":{"loc":{"start":{"line":36,"column":8},"end":{"line":36,"column":34}},"type":"binary-expr","locations":[{"start":{"line":36,"column":8},"end":{"line":36,"column":14}},{"start":{"line":36,"column":18},"end":{"line":36,"column":34}}],"line":36},"12":{"loc":{"start":{"line":43,"column":4},"end":{"line":47,"column":5}},"type":"if","locations":[{"start":{"line":43,"column":4},"end":{"line":47,"column":5}},{"start":{"line":45,"column":11},"end":{"line":47,"column":5}}],"line":43},"13":{"loc":{"start":{"line":55,"column":4},"end":{"line":57,"column":5}},"type":"if","locations":[{"start":{"line":55,"column":4},"end":{"line":57,"column":5}},{"start":{},"end":{}}],"line":55},"14":{"loc":{"start":{"line":55,"column":8},"end":{"line":55,"column":66}},"type":"binary-expr","locations":[{"start":{"line":55,"column":8},"end":{"line":55,"column":27}},{"start":{"line":55,"column":31},"end":{"line":55,"column":66}}],"line":55},"15":{"loc":{"start":{"line":68,"column":2},"end":{"line":70,"column":3}},"type":"if","locations":[{"start":{"line":68,"column":2},"end":{"line":70,"column":3}},{"start":{},"end":{}}],"line":68},"16":{"loc":{"start":{"line":87,"column":25},"end":{"line":87,"column":58}},"type":"cond-expr","locations":[{"start":{"line":87,"column":33},"end":{"line":87,"column":46}},{"start":{"line":87,"column":49},"end":{"line":87,"column":58}}],"line":87},"17":{"loc":{"start":{"line":90,"column":9},"end":{"line":113,"column":9}},"type":"binary-expr","locations":[{"start":{"line":90,"column":10},"end":{"line":90,"column":15}},{"start":{"line":90,"column":19},"end":{"line":90,"column":34}},{"start":{"line":91,"column":10},"end":{"line":112,"column":16}}],"line":90},"18":{"loc":{"start":{"line":92,"column":13},"end":{"line":99,"column":13}},"type":"binary-expr","locations":[{"start":{"line":92,"column":13},"end":{"line":92,"column":18}},{"start":{"line":93,"column":14},"end":{"line":98,"column":19}}],"line":92},"19":{"loc":{"start":{"line":101,"column":13},"end":{"line":111,"column":13}},"type":"binary-expr","locations":[{"start":{"line":101,"column":13},"end":{"line":101,"column":28}},{"start":{"line":102,"column":14},"end":{"line":110,"column":23}}],"line":101}},"s":{"0":0,"1":0,"2":0,"3":0,"4":0,"5":0,"6":0,"7":0,"8":0,"9":0,"10":0,"11":0,"12":0,"13":0,"14":0,"15":0,"16":0,"17":0,"18":0,"19":0,"20":0,"21":0,"22":0,"23":0,"24":0,"25":0,"26":0,"27":0},"f":{"0":0,"1":0,"2":0,"3":0,"4":0,"5":0,"6":0,"7":0},"b":{"0":[0],"1":[0],"2":[0],"3":[0],"4":[0],"5":[0],"6":[0],"7":[0,0],"8":[0,0],"9":[0,0],"10":[0,0],"11":[0,0],"12":[0,0],"13":[0,0],"14":[0,0],"15":[0,0],"16":[0,0],"17":[0,0,0],"18":[0,0],"19":[0,0]}}
,"/Users/nrw/python/tui-project/liap-tui/frontend/src/components/PlayerSlot.jsx": {"path":"/Users/nrw/python/tui-project/liap-tui/frontend/src/components/PlayerSlot.jsx","statementMap":{"0":{"start":{"line":4,"column":19},"end":{"line":139,"column":1}},"1":{"start":{"line":17,"column":25},"end":{"line":37,"column":3}},"2":{"start":{"line":18,"column":24},"end":{"line":22,"column":5}},"3":{"start":{"line":24,"column":4},"end":{"line":26,"column":5}},"4":{"start":{"line":25,"column":6},"end":{"line":25,"column":163}},"5":{"start":{"line":27,"column":4},"end":{"line":29,"column":5}},"6":{"start":{"line":28,"column":6},"end":{"line":28,"column":152}},"7":{"start":{"line":30,"column":4},"end":{"line":32,"column":5}},"8":{"start":{"line":31,"column":6},"end":{"line":31,"column":156}},"9":{"start":{"line":33,"column":4},"end":{"line":35,"column":5}},"10":{"start":{"line":34,"column":6},"end":{"line":34,"column":126}},"11":{"start":{"line":36,"column":4},"end":{"line":36,"column":113}},"12":{"start":{"line":39,"column":28},"end":{"line":132,"column":3}},"13":{"start":{"line":40,"column":4},"end":{"line":65,"column":5}},"14":{"start":{"line":41,"column":6},"end":{"line":64,"column":8}},"15":{"start":{"line":48,"column":57},"end":{"line":48,"column":71}},"16":{"start":{"line":57,"column":31},"end":{"line":57,"column":47}},"17":{"start":{"line":67,"column":24},"end":{"line":67,"column":64}},"18":{"start":{"line":68,"column":18},"end":{"line":68,"column":51}},"19":{"start":{"line":70,"column":4},"end":{"line":131,"column":6}},"20":{"start":{"line":114,"column":29},"end":{"line":114,"column":45}},"21":{"start":{"line":123,"column":31},"end":{"line":123,"column":47}},"22":{"start":{"line":134,"column":2},"end":{"line":138,"column":4}}},"fnMap":{"0":{"name":"(anonymous_0)","decl":{"start":{"line":4,"column":19},"end":{"line":4,"column":20}},"loc":{"start":{"line":16,"column":6},"end":{"line":139,"column":1}},"line":16},"1":{"name":"(anonymous_1)","decl":{"start":{"line":17,"column":25},"end":{"line":17,"column":26}},"loc":{"start":{"line":17,"column":31},"end":{"line":37,"column":3}},"line":17},"2":{"name":"(anonymous_2)","decl":{"start":{"line":39,"column":28},"end":{"line":39,"column":29}},"loc":{"start":{"line":39,"column":34},"end":{"line":132,"column":3}},"line":39},"3":{"name":"(anonymous_3)","decl":{"start":{"line":48,"column":51},"end":{"line":48,"column":52}},"loc":{"start":{"line":48,"column":57},"end":{"line":48,"column":71}},"line":48},"4":{"name":"(anonymous_4)","decl":{"start":{"line":57,"column":25},"end":{"line":57,"column":26}},"loc":{"start":{"line":57,"column":31},"end":{"line":57,"column":47}},"line":57},"5":{"name":"(anonymous_5)","decl":{"start":{"line":114,"column":23},"end":{"line":114,"column":24}},"loc":{"start":{"line":114,"column":29},"end":{"line":114,"column":45}},"line":114},"6":{"name":"(anonymous_6)","decl":{"start":{"line":123,"column":25},"end":{"line":123,"column":26}},"loc":{"start":{"line":123,"column":31},"end":{"line":123,"column":47}},"line":123}},"branchMap":{"0":{"loc":{"start":{"line":7,"column":2},"end":{"line":7,"column":16}},"type":"default-arg","locations":[{"start":{"line":7,"column":11},"end":{"line":7,"column":16}}],"line":7},"1":{"loc":{"start":{"line":8,"column":2},"end":{"line":8,"column":25}},"type":"default-arg","locations":[{"start":{"line":8,"column":20},"end":{"line":8,"column":25}}],"line":8},"2":{"loc":{"start":{"line":9,"column":2},"end":{"line":9,"column":19}},"type":"default-arg","locations":[{"start":{"line":9,"column":14},"end":{"line":9,"column":19}}],"line":9},"3":{"loc":{"start":{"line":10,"column":2},"end":{"line":10,"column":19}},"type":"default-arg","locations":[{"start":{"line":10,"column":15},"end":{"line":10,"column":19}}],"line":10},"4":{"loc":{"start":{"line":11,"column":2},"end":{"line":11,"column":14}},"type":"default-arg","locations":[{"start":{"line":11,"column":10},"end":{"line":11,"column":14}}],"line":11},"5":{"loc":{"start":{"line":15,"column":2},"end":{"line":15,"column":16}},"type":"default-arg","locations":[{"start":{"line":15,"column":14},"end":{"line":15,"column":16}}],"line":15},"6":{"loc":{"start":{"line":24,"column":4},"end":{"line":26,"column":5}},"type":"if","locations":[{"start":{"line":24,"column":4},"end":{"line":26,"column":5}},{"start":{},"end":{}}],"line":24},"7":{"loc":{"start":{"line":27,"column":4},"end":{"line":29,"column":5}},"type":"if","locations":[{"start":{"line":27,"column":4},"end":{"line":29,"column":5}},{"start":{},"end":{}}],"line":27},"8":{"loc":{"start":{"line":30,"column":4},"end":{"line":32,"column":5}},"type":"if","locations":[{"start":{"line":30,"column":4},"end":{"line":32,"column":5}},{"start":{},"end":{}}],"line":30},"9":{"loc":{"start":{"line":33,"column":4},"end":{"line":35,"column":5}},"type":"if","locations":[{"start":{"line":33,"column":4},"end":{"line":35,"column":5}},{"start":{},"end":{}}],"line":33},"10":{"loc":{"start":{"line":33,"column":8},"end":{"line":33,"column":41}},"type":"binary-expr","locations":[{"start":{"line":33,"column":8},"end":{"line":33,"column":23}},{"start":{"line":33,"column":27},"end":{"line":33,"column":41}}],"line":33},"11":{"loc":{"start":{"line":40,"column":4},"end":{"line":65,"column":5}},"type":"if","locations":[{"start":{"line":40,"column":4},"end":{"line":65,"column":5}},{"start":{},"end":{}}],"line":40},"12":{"loc":{"start":{"line":47,"column":13},"end":{"line":51,"column":13}},"type":"binary-expr","locations":[{"start":{"line":47,"column":13},"end":{"line":47,"column":19}},{"start":{"line":48,"column":14},"end":{"line":50,"column":23}}],"line":47},"13":{"loc":{"start":{"line":52,"column":13},"end":{"line":61,"column":13}},"type":"binary-expr","locations":[{"start":{"line":52,"column":13},"end":{"line":52,"column":21}},{"start":{"line":52,"column":25},"end":{"line":52,"column":34}},{"start":{"line":53,"column":14},"end":{"line":60,"column":23}}],"line":52},"14":{"loc":{"start":{"line":67,"column":24},"end":{"line":67,"column":64}},"type":"binary-expr","locations":[{"start":{"line":67,"column":24},"end":{"line":67,"column":37}},{"start":{"line":67,"column":41},"end":{"line":67,"column":51}},{"start":{"line":67,"column":55},"end":{"line":67,"column":64}}],"line":67},"15":{"loc":{"start":{"line":68,"column":18},"end":{"line":68,"column":51}},"type":"binary-expr","locations":[{"start":{"line":68,"column":18},"end":{"line":68,"column":33}},{"start":{"line":68,"column":37},"end":{"line":68,"column":51}}],"line":68},"16":{"loc":{"start":{"line":74,"column":11},"end":{"line":78,"column":11}},"type":"binary-expr","locations":[{"start":{"line":74,"column":11},"end":{"line":74,"column":17}},{"start":{"line":75,"column":12},"end":{"line":77,"column":19}}],"line":74},"17":{"loc":{"start":{"line":79,"column":11},"end":{"line":83,"column":11}},"type":"binary-expr","locations":[{"start":{"line":79,"column":11},"end":{"line":79,"column":16}},{"start":{"line":80,"column":12},"end":{"line":82,"column":19}}],"line":79},"18":{"loc":{"start":{"line":93,"column":11},"end":{"line":97,"column":11}},"type":"binary-expr","locations":[{"start":{"line":93,"column":11},"end":{"line":93,"column":26}},{"start":{"line":94,"column":12},"end":{"line":96,"column":19}}],"line":93},"19":{"loc":{"start":{"line":101,"column":9},"end":{"line":105,"column":9}},"type":"binary-expr","locations":[{"start":{"line":101,"column":9},"end":{"line":101,"column":34}},{"start":{"line":102,"column":10},"end":{"line":104,"column":16}}],"line":101},"20":{"loc":{"start":{"line":108,"column":9},"end":{"line":129,"column":9}},"type":"binary-expr","locations":[{"start":{"line":108,"column":9},"end":{"line":108,"column":18}},{"start":{"line":108,"column":22},"end":{"line":108,"column":30}},{"start":{"line":108,"column":34},"end":{"line":108,"column":50}},{"start":{"line":109,"column":10},"end":{"line":128,"column":16}}],"line":108},"21":{"loc":{"start":{"line":116,"column":15},"end":{"line":116,"column":51}},"type":"cond-expr","locations":[{"start":{"line":116,"column":23},"end":{"line":116,"column":35}},{"start":{"line":116,"column":38},"end":{"line":116,"column":51}}],"line":116},"22":{"loc":{"start":{"line":118,"column":13},"end":{"line":127,"column":13}},"type":"binary-expr","locations":[{"start":{"line":118,"column":13},"end":{"line":118,"column":19}},{"start":{"line":118,"column":23},"end":{"line":118,"column":31}},{"start":{"line":119,"column":14},"end":{"line":126,"column":23}}],"line":118}},"s":{"0":0,"1":0,"2":0,"3":0,"4":0,"5":0,"6":0,"7":0,"8":0,"9":0,"10":0,"11":0,"12":0,"13":0,"14":0,"15":0,"16":0,"17":0,"18":0,"19":0,"20":0,"21":0,"22":0},"f":{"0":0,"1":0,"2":0,"3":0,"4":0,"5":0,"6":0},"b":{"0":[0],"1":[0],"2":[0],"3":[0],"4":[0],"5":[0],"6":[0,0],"7":[0,0],"8":[0,0],"9":[0,0],"10":[0,0],"11":[0,0],"12":[0,0],"13":[0,0,0],"14":[0,0,0],"15":[0,0],"16":[0,0],"17":[0,0],"18":[0,0],"19":[0,0],"20":[0,0,0,0],"21":[0,0],"22":[0,0,0]}}
,"/Users/nrw/python/tui-project/liap-tui/frontend/src/components/index.js": {"path":"/Users/nrw/python/tui-project/liap-tui/frontend/src/components/index.js","statementMap":{},"fnMap":{},"branchMap":{},"s":{},"f":{},"b":{}}
,"/Users/nrw/python/tui-project/liap-tui/frontend/src/components/game/DeclarationUI.jsx": {"path":"/Users/nrw/python/tui-project/liap-tui/frontend/src/components/game/DeclarationUI.jsx","statementMap":{"0":{"start":{"line":40,"column":2},"end":{"line":52,"column":4}},"1":{"start":{"line":55,"column":0},"end":{"line":79,"column":2}}},"fnMap":{"0":{"name":"DeclarationUI","decl":{"start":{"line":17,"column":16},"end":{"line":17,"column":29}},"loc":{"start":{"line":38,"column":3},"end":{"line":53,"column":1}},"line":38}},"branchMap":{"0":{"loc":{"start":{"line":19,"column":2},"end":{"line":19,"column":13}},"type":"default-arg","locations":[{"start":{"line":19,"column":11},"end":{"line":19,"column":13}}],"line":19},"1":{"loc":{"start":{"line":20,"column":2},"end":{"line":20,"column":19}},"type":"default-arg","locations":[{"start":{"line":20,"column":17},"end":{"line":20,"column":19}}],"line":20},"2":{"loc":{"start":{"line":21,"column":2},"end":{"line":21,"column":14}},"type":"default-arg","locations":[{"start":{"line":21,"column":12},"end":{"line":21,"column":14}}],"line":21},"3":{"loc":{"start":{"line":22,"column":2},"end":{"line":22,"column":18}},"type":"default-arg","locations":[{"start":{"line":22,"column":17},"end":{"line":22,"column":18}}],"line":22},"4":{"loc":{"start":{"line":25,"column":2},"end":{"line":25,"column":18}},"type":"default-arg","locations":[{"start":{"line":25,"column":13},"end":{"line":25,"column":18}}],"line":25},"5":{"loc":{"start":{"line":26,"column":2},"end":{"line":26,"column":19}},"type":"default-arg","locations":[{"start":{"line":26,"column":17},"end":{"line":26,"column":19}}],"line":26},"6":{"loc":{"start":{"line":27,"column":2},"end":{"line":27,"column":49}},"type":"default-arg","locations":[{"start":{"line":27,"column":24},"end":{"line":27,"column":49}}],"line":27},"7":{"loc":{"start":{"line":28,"column":2},"end":{"line":28,"column":22}},"type":"default-arg","locations":[{"start":{"line":28,"column":17},"end":{"line":28,"column":22}}],"line":28},"8":{"loc":{"start":{"line":29,"column":2},"end":{"line":29,"column":20}},"type":"default-arg","locations":[{"start":{"line":29,"column":19},"end":{"line":29,"column":20}}],"line":29},"9":{"loc":{"start":{"line":30,"column":2},"end":{"line":30,"column":18}},"type":"default-arg","locations":[{"start":{"line":30,"column":17},"end":{"line":30,"column":18}}],"line":30},"10":{"loc":{"start":{"line":31,"column":2},"end":{"line":31,"column":20}},"type":"default-arg","locations":[{"start":{"line":31,"column":18},"end":{"line":31,"column":20}}],"line":31},"11":{"loc":{"start":{"line":32,"column":2},"end":{"line":32,"column":13}},"type":"default-arg","locations":[{"start":{"line":32,"column":11},"end":{"line":32,"column":13}}],"line":32},"12":{"loc":{"start":{"line":33,"column":2},"end":{"line":33,"column":22}},"type":"default-arg","locations":[{"start":{"line":33,"column":21},"end":{"line":33,"column":22}}],"line":33},"13":{"loc":{"start":{"line":34,"column":2},"end":{"line":34,"column":22}},"type":"default-arg","locations":[{"start":{"line":34,"column":21},"end":{"line":34,"column":22}}],"line":34}},"s":{"0":0,"1":0},"f":{"0":0},"b":{"0":[0],"1":[0],"2":[0],"3":[0],"4":[0],"5":[0],"6":[0],"7":[0],"8":[0],"9":[0],"10":[0],"11":[0],"12":[0],"13":[0]}}
,"/Users/nrw/python/tui-project/liap-tui/frontend/src/components/game/GameContainer.jsx": {"path":"/Users/nrw/python/tui-project/liap-tui/frontend/src/components/game/GameContainer.jsx","statementMap":{"0":{"start":{"line":36,"column":20},"end":{"line":36,"column":34}},"1":{"start":{"line":37,"column":22},"end":{"line":37,"column":38}},"2":{"start":{"line":38,"column":27},"end":{"line":38,"column":54}},"3":{"start":{"line":41,"column":27},"end":{"line":71,"column":30}},"4":{"start":{"line":42,"column":4},"end":{"line":42,"column":55}},"5":{"start":{"line":42,"column":43},"end":{"line":42,"column":55}},"6":{"start":{"line":44,"column":4},"end":{"line":70,"column":6}},"7":{"start":{"line":73,"column":26},"end":{"line":82,"column":17}},"8":{"start":{"line":74,"column":4},"end":{"line":74,"column":55}},"9":{"start":{"line":74,"column":43},"end":{"line":74,"column":55}},"10":{"start":{"line":76,"column":4},"end":{"line":81,"column":6}},"11":{"start":{"line":84,"column":27},"end":{"line":133,"column":30}},"12":{"start":{"line":85,"column":4},"end":{"line":85,"column":55}},"13":{"start":{"line":85,"column":43},"end":{"line":85,"column":55}},"14":{"start":{"line":88,"column":25},"end":{"line":88,"column":48}},"15":{"start":{"line":89,"column":4},"end":{"line":100,"column":5}},"16":{"start":{"line":91,"column":6},"end":{"line":99,"column":40}},"17":{"start":{"line":93,"column":10},"end":{"line":97,"column":12}},"18":{"start":{"line":94,"column":42},"end":{"line":94,"column":63}},"19":{"start":{"line":99,"column":23},"end":{"line":99,"column":38}},"20":{"start":{"line":103,"column":30},"end":{"line":105,"column":5}},"21":{"start":{"line":104,"column":13},"end":{"line":104,"column":44}},"22":{"start":{"line":106,"column":29},"end":{"line":106,"column":75}},"23":{"start":{"line":108,"column":4},"end":{"line":132,"column":6}},"24":{"start":{"line":135,"column":20},"end":{"line":205,"column":30}},"25":{"start":{"line":136,"column":4},"end":{"line":136,"column":48}},"26":{"start":{"line":136,"column":36},"end":{"line":136,"column":48}},"27":{"start":{"line":139,"column":19},"end":{"line":139,"column":21}},"28":{"start":{"line":140,"column":4},"end":{"line":163,"column":5}},"29":{"start":{"line":146,"column":26},"end":{"line":148,"column":7}},"30":{"start":{"line":147,"column":18},"end":{"line":147,"column":62}},"31":{"start":{"line":150,"column":6},"end":{"line":162,"column":7}},"32":{"start":{"line":152,"column":34},"end":{"line":152,"column":79}},"33":{"start":{"line":153,"column":8},"end":{"line":159,"column":9}},"34":{"start":{"line":158,"column":10},"end":{"line":158,"column":39}},"35":{"start":{"line":166,"column":27},"end":{"line":166,"column":78}},"36":{"start":{"line":169,"column":28},"end":{"line":169,"column":30}},"37":{"start":{"line":170,"column":4},"end":{"line":180,"column":5}},"38":{"start":{"line":171,"column":6},"end":{"line":179,"column":9}},"39":{"start":{"line":173,"column":8},"end":{"line":178,"column":9}},"40":{"start":{"line":174,"column":10},"end":{"line":174,"column":65}},"41":{"start":{"line":177,"column":10},"end":{"line":177,"column":63}},"42":{"start":{"line":182,"column":4},"end":{"line":204,"column":6}},"43":{"start":{"line":207,"column":27},"end":{"line":234,"column":30}},"44":{"start":{"line":208,"column":4},"end":{"line":208,"column":56}},"45":{"start":{"line":208,"column":44},"end":{"line":208,"column":56}},"46":{"start":{"line":211,"column":23},"end":{"line":211,"column":55}},"47":{"start":{"line":213,"column":18},"end":{"line":231,"column":5}},"48":{"start":{"line":229,"column":8},"end":{"line":229,"column":55}},"49":{"start":{"line":233,"column":4},"end":{"line":233,"column":17}},"50":{"start":{"line":236,"column":23},"end":{"line":258,"column":30}},"51":{"start":{"line":237,"column":4},"end":{"line":237,"column":51}},"52":{"start":{"line":237,"column":39},"end":{"line":237,"column":51}},"53":{"start":{"line":239,"column":18},"end":{"line":255,"column":5}},"54":{"start":{"line":257,"column":4},"end":{"line":257,"column":17}},"55":{"start":{"line":260,"column":23},"end":{"line":272,"column":3}},"56":{"start":{"line":261,"column":11},"end":{"line":270,"column":5}},"57":{"start":{"line":269,"column":23},"end":{"line":269,"column":54}},"58":{"start":{"line":274,"column":24},"end":{"line":294,"column":49}},"59":{"start":{"line":275,"column":4},"end":{"line":275,"column":53}},"60":{"start":{"line":275,"column":41},"end":{"line":275,"column":53}},"61":{"start":{"line":277,"column":4},"end":{"line":293,"column":6}},"62":{"start":{"line":286,"column":8},"end":{"line":288,"column":9}},"63":{"start":{"line":287,"column":10},"end":{"line":287,"column":32}},"64":{"start":{"line":289,"column":8},"end":{"line":291,"column":9}},"65":{"start":{"line":290,"column":10},"end":{"line":290,"column":30}},"66":{"start":{"line":297,"column":2},"end":{"line":307,"column":3}},"67":{"start":{"line":298,"column":4},"end":{"line":306,"column":6}},"68":{"start":{"line":310,"column":2},"end":{"line":316,"column":3}},"69":{"start":{"line":311,"column":4},"end":{"line":315,"column":6}},"70":{"start":{"line":319,"column":2},"end":{"line":332,"column":3}},"71":{"start":{"line":320,"column":4},"end":{"line":331,"column":6}},"72":{"start":{"line":335,"column":2},"end":{"line":459,"column":4}},"73":{"start":{"line":338,"column":8},"end":{"line":456,"column":9}},"74":{"start":{"line":340,"column":12},"end":{"line":349,"column":14}},"75":{"start":{"line":352,"column":12},"end":{"line":361,"column":14}},"76":{"start":{"line":364,"column":12},"end":{"line":373,"column":14}},"77":{"start":{"line":376,"column":36},"end":{"line":400,"column":16}},"78":{"start":{"line":377,"column":14},"end":{"line":377,"column":42}},"79":{"start":{"line":377,"column":30},"end":{"line":377,"column":42}},"80":{"start":{"line":379,"column":16},"end":{"line":379,"column":25}},"81":{"start":{"line":380,"column":31},"end":{"line":380,"column":59}},"82":{"start":{"line":382,"column":14},"end":{"line":387,"column":15}},"83":{"start":{"line":383,"column":16},"end":{"line":386,"column":18}},"84":{"start":{"line":389,"column":14},"end":{"line":394,"column":15}},"85":{"start":{"line":390,"column":16},"end":{"line":393,"column":18}},"86":{"start":{"line":396,"column":14},"end":{"line":399,"column":16}},"87":{"start":{"line":402,"column":12},"end":{"line":414,"column":14}},"88":{"start":{"line":418,"column":12},"end":{"line":428,"column":14}},"89":{"start":{"line":431,"column":12},"end":{"line":440,"column":14}},"90":{"start":{"line":443,"column":12},"end":{"line":451,"column":14}},"91":{"start":{"line":455,"column":12},"end":{"line":455,"column":51}},"92":{"start":{"line":464,"column":2},"end":{"line":466,"column":3}},"93":{"start":{"line":465,"column":4},"end":{"line":465,"column":35}},"94":{"start":{"line":468,"column":2},"end":{"line":470,"column":3}},"95":{"start":{"line":469,"column":4},"end":{"line":469,"column":29}},"96":{"start":{"line":472,"column":2},"end":{"line":489,"column":3}},"97":{"start":{"line":474,"column":6},"end":{"line":474,"column":44}},"98":{"start":{"line":476,"column":6},"end":{"line":476,"column":43}},"99":{"start":{"line":478,"column":6},"end":{"line":478,"column":37}},"100":{"start":{"line":480,"column":6},"end":{"line":480,"column":48}},"101":{"start":{"line":482,"column":6},"end":{"line":482,"column":41}},"102":{"start":{"line":484,"column":6},"end":{"line":484,"column":39}},"103":{"start":{"line":486,"column":6},"end":{"line":486,"column":37}},"104":{"start":{"line":488,"column":6},"end":{"line":488,"column":31}},"105":{"start":{"line":495,"column":0},"end":{"line":498,"column":2}},"106":{"start":{"line":500,"column":0},"end":{"line":503,"column":2}}},"fnMap":{"0":{"name":"GameContainer","decl":{"start":{"line":35,"column":16},"end":{"line":35,"column":29}},"loc":{"start":{"line":35,"column":61},"end":{"line":460,"column":1}},"line":35},"1":{"name":"(anonymous_1)","decl":{"start":{"line":41,"column":35},"end":{"line":41,"column":36}},"loc":{"start":{"line":41,"column":41},"end":{"line":71,"column":3}},"line":41},"2":{"name":"(anonymous_2)","decl":{"start":{"line":73,"column":34},"end":{"line":73,"column":35}},"loc":{"start":{"line":73,"column":40},"end":{"line":82,"column":3}},"line":73},"3":{"name":"(anonymous_3)","decl":{"start":{"line":84,"column":35},"end":{"line":84,"column":36}},"loc":{"start":{"line":84,"column":41},"end":{"line":133,"column":3}},"line":84},"4":{"name":"(anonymous_4)","decl":{"start":{"line":92,"column":13},"end":{"line":92,"column":14}},"loc":{"start":{"line":92,"column":29},"end":{"line":98,"column":9}},"line":92},"5":{"name":"(anonymous_5)","decl":{"start":{"line":94,"column":35},"end":{"line":94,"column":36}},"loc":{"start":{"line":94,"column":42},"end":{"line":94,"column":63}},"line":94},"6":{"name":"(anonymous_6)","decl":{"start":{"line":99,"column":16},"end":{"line":99,"column":17}},"loc":{"start":{"line":99,"column":23},"end":{"line":99,"column":38}},"line":99},"7":{"name":"(anonymous_7)","decl":{"start":{"line":104,"column":6},"end":{"line":104,"column":7}},"loc":{"start":{"line":104,"column":13},"end":{"line":104,"column":44}},"line":104},"8":{"name":"(anonymous_8)","decl":{"start":{"line":135,"column":28},"end":{"line":135,"column":29}},"loc":{"start":{"line":135,"column":34},"end":{"line":205,"column":3}},"line":135},"9":{"name":"(anonymous_9)","decl":{"start":{"line":147,"column":8},"end":{"line":147,"column":9}},"loc":{"start":{"line":147,"column":18},"end":{"line":147,"column":62}},"line":147},"10":{"name":"(anonymous_10)","decl":{"start":{"line":171,"column":32},"end":{"line":171,"column":33}},"loc":{"start":{"line":171,"column":44},"end":{"line":179,"column":7}},"line":171},"11":{"name":"(anonymous_11)","decl":{"start":{"line":207,"column":35},"end":{"line":207,"column":36}},"loc":{"start":{"line":207,"column":41},"end":{"line":234,"column":3}},"line":207},"12":{"name":"(anonymous_12)","decl":{"start":{"line":227,"column":18},"end":{"line":227,"column":19}},"loc":{"start":{"line":227,"column":24},"end":{"line":230,"column":7}},"line":227},"13":{"name":"(anonymous_13)","decl":{"start":{"line":236,"column":31},"end":{"line":236,"column":32}},"loc":{"start":{"line":236,"column":37},"end":{"line":258,"column":3}},"line":236},"14":{"name":"(anonymous_14)","decl":{"start":{"line":261,"column":4},"end":{"line":261,"column":5}},"loc":{"start":{"line":261,"column":11},"end":{"line":270,"column":5}},"line":261},"15":{"name":"(anonymous_15)","decl":{"start":{"line":269,"column":16},"end":{"line":269,"column":17}},"loc":{"start":{"line":269,"column":23},"end":{"line":269,"column":54}},"line":269},"16":{"name":"(anonymous_16)","decl":{"start":{"line":274,"column":32},"end":{"line":274,"column":33}},"loc":{"start":{"line":274,"column":38},"end":{"line":294,"column":3}},"line":274},"17":{"name":"(anonymous_17)","decl":{"start":{"line":284,"column":21},"end":{"line":284,"column":22}},"loc":{"start":{"line":284,"column":27},"end":{"line":292,"column":7}},"line":284},"18":{"name":"(anonymous_18)","decl":{"start":{"line":337,"column":8},"end":{"line":337,"column":9}},"loc":{"start":{"line":337,"column":14},"end":{"line":457,"column":7}},"line":337},"19":{"name":"(anonymous_19)","decl":{"start":{"line":376,"column":37},"end":{"line":376,"column":38}},"loc":{"start":{"line":376,"column":43},"end":{"line":400,"column":13}},"line":376},"20":{"name":"getWaitingMessage","decl":{"start":{"line":463,"column":9},"end":{"line":463,"column":26}},"loc":{"start":{"line":463,"column":56},"end":{"line":490,"column":1}},"line":463}},"branchMap":{"0":{"loc":{"start":{"line":42,"column":4},"end":{"line":42,"column":55}},"type":"if","locations":[{"start":{"line":42,"column":4},"end":{"line":42,"column":55}},{"start":{},"end":{}}],"line":42},"1":{"loc":{"start":{"line":46,"column":14},"end":{"line":46,"column":36}},"type":"binary-expr","locations":[{"start":{"line":46,"column":14},"end":{"line":46,"column":30}},{"start":{"line":46,"column":34},"end":{"line":46,"column":36}}],"line":46},"2":{"loc":{"start":{"line":47,"column":15},"end":{"line":47,"column":38}},"type":"binary-expr","locations":[{"start":{"line":47,"column":15},"end":{"line":47,"column":32}},{"start":{"line":47,"column":36},"end":{"line":47,"column":38}}],"line":47},"3":{"loc":{"start":{"line":48,"column":17},"end":{"line":48,"column":42}},"type":"binary-expr","locations":[{"start":{"line":48,"column":17},"end":{"line":48,"column":36}},{"start":{"line":48,"column":40},"end":{"line":48,"column":42}}],"line":48},"4":{"loc":{"start":{"line":49,"column":24},"end":{"line":49,"column":55}},"type":"binary-expr","locations":[{"start":{"line":49,"column":24},"end":{"line":49,"column":50}},{"start":{"line":49,"column":54},"end":{"line":49,"column":55}}],"line":49},"5":{"loc":{"start":{"line":53,"column":20},"end":{"line":53,"column":51}},"type":"binary-expr","locations":[{"start":{"line":53,"column":20},"end":{"line":53,"column":42}},{"start":{"line":53,"column":46},"end":{"line":53,"column":51}}],"line":53},"6":{"loc":{"start":{"line":54,"column":20},"end":{"line":54,"column":51}},"type":"binary-expr","locations":[{"start":{"line":54,"column":20},"end":{"line":54,"column":42}},{"start":{"line":54,"column":46},"end":{"line":54,"column":51}}],"line":54},"7":{"loc":{"start":{"line":55,"column":17},"end":{"line":55,"column":41}},"type":"binary-expr","locations":[{"start":{"line":55,"column":17},"end":{"line":55,"column":36}},{"start":{"line":55,"column":40},"end":{"line":55,"column":41}}],"line":55},"8":{"loc":{"start":{"line":56,"column":24},"end":{"line":56,"column":55}},"type":"binary-expr","locations":[{"start":{"line":56,"column":24},"end":{"line":56,"column":50}},{"start":{"line":56,"column":54},"end":{"line":56,"column":55}}],"line":56},"9":{"loc":{"start":{"line":59,"column":24},"end":{"line":59,"column":59}},"type":"binary-expr","locations":[{"start":{"line":59,"column":24},"end":{"line":59,"column":50}},{"start":{"line":59,"column":54},"end":{"line":59,"column":59}}],"line":59},"10":{"loc":{"start":{"line":60,"column":27},"end":{"line":60,"column":62}},"type":"binary-expr","locations":[{"start":{"line":60,"column":27},"end":{"line":60,"column":56}},{"start":{"line":60,"column":60},"end":{"line":60,"column":62}}],"line":60},"11":{"loc":{"start":{"line":61,"column":25},"end":{"line":61,"column":57}},"type":"binary-expr","locations":[{"start":{"line":61,"column":25},"end":{"line":61,"column":52}},{"start":{"line":61,"column":56},"end":{"line":61,"column":57}}],"line":61},"12":{"loc":{"start":{"line":62,"column":23},"end":{"line":62,"column":53}},"type":"binary-expr","locations":[{"start":{"line":62,"column":23},"end":{"line":62,"column":48}},{"start":{"line":62,"column":52},"end":{"line":62,"column":53}}],"line":62},"13":{"loc":{"start":{"line":65,"column":20},"end":{"line":65,"column":51}},"type":"binary-expr","locations":[{"start":{"line":65,"column":20},"end":{"line":65,"column":42}},{"start":{"line":65,"column":46},"end":{"line":65,"column":51}}],"line":65},"14":{"loc":{"start":{"line":74,"column":4},"end":{"line":74,"column":55}},"type":"if","locations":[{"start":{"line":74,"column":4},"end":{"line":74,"column":55}},{"start":{},"end":{}}],"line":74},"15":{"loc":{"start":{"line":78,"column":19},"end":{"line":78,"column":46}},"type":"binary-expr","locations":[{"start":{"line":78,"column":19},"end":{"line":78,"column":41}},{"start":{"line":78,"column":45},"end":{"line":78,"column":46}}],"line":78},"16":{"loc":{"start":{"line":79,"column":15},"end":{"line":79,"column":45}},"type":"binary-expr","locations":[{"start":{"line":79,"column":15},"end":{"line":79,"column":39}},{"start":{"line":79,"column":43},"end":{"line":79,"column":45}}],"line":79},"17":{"loc":{"start":{"line":80,"column":21},"end":{"line":80,"column":57}},"type":"binary-expr","locations":[{"start":{"line":80,"column":21},"end":{"line":80,"column":44}},{"start":{"line":80,"column":48},"end":{"line":80,"column":57}}],"line":80},"18":{"loc":{"start":{"line":85,"column":4},"end":{"line":85,"column":55}},"type":"if","locations":[{"start":{"line":85,"column":4},"end":{"line":85,"column":55}},{"start":{},"end":{}}],"line":85},"19":{"loc":{"start":{"line":88,"column":25},"end":{"line":88,"column":48}},"type":"binary-expr","locations":[{"start":{"line":88,"column":25},"end":{"line":88,"column":42}},{"start":{"line":88,"column":46},"end":{"line":88,"column":48}}],"line":88},"20":{"loc":{"start":{"line":89,"column":4},"end":{"line":100,"column":5}},"type":"if","locations":[{"start":{"line":89,"column":4},"end":{"line":100,"column":5}},{"start":{},"end":{}}],"line":89},"21":{"loc":{"start":{"line":89,"column":8},"end":{"line":89,"column":75}},"type":"binary-expr","locations":[{"start":{"line":89,"column":8},"end":{"line":89,"column":34}},{"start":{"line":89,"column":38},"end":{"line":89,"column":75}}],"line":89},"22":{"loc":{"start":{"line":94,"column":12},"end":{"line":96,"column":13}},"type":"binary-expr","locations":[{"start":{"line":94,"column":12},"end":{"line":94,"column":64}},{"start":{"line":94,"column":68},"end":{"line":96,"column":13}}],"line":94},"23":{"loc":{"start":{"line":106,"column":29},"end":{"line":106,"column":75}},"type":"binary-expr","locations":[{"start":{"line":106,"column":29},"end":{"line":106,"column":70}},{"start":{"line":106,"column":74},"end":{"line":106,"column":75}}],"line":106},"24":{"loc":{"start":{"line":110,"column":14},"end":{"line":110,"column":36}},"type":"binary-expr","locations":[{"start":{"line":110,"column":14},"end":{"line":110,"column":30}},{"start":{"line":110,"column":34},"end":{"line":110,"column":36}}],"line":110},"25":{"loc":{"start":{"line":111,"column":20},"end":{"line":111,"column":48}},"type":"binary-expr","locations":[{"start":{"line":111,"column":20},"end":{"line":111,"column":42}},{"start":{"line":111,"column":46},"end":{"line":111,"column":48}}],"line":111},"26":{"loc":{"start":{"line":113,"column":20},"end":{"line":113,"column":47}},"type":"binary-expr","locations":[{"start":{"line":113,"column":20},"end":{"line":113,"column":42}},{"start":{"line":113,"column":46},"end":{"line":113,"column":47}}],"line":113},"27":{"loc":{"start":{"line":114,"column":21},"end":{"line":114,"column":52}},"type":"binary-expr","locations":[{"start":{"line":114,"column":21},"end":{"line":114,"column":46}},{"start":{"line":114,"column":50},"end":{"line":114,"column":52}}],"line":114},"28":{"loc":{"start":{"line":115,"column":14},"end":{"line":115,"column":40}},"type":"binary-expr","locations":[{"start":{"line":115,"column":14},"end":{"line":115,"column":34}},{"start":{"line":115,"column":38},"end":{"line":115,"column":40}}],"line":115},"29":{"loc":{"start":{"line":118,"column":16},"end":{"line":118,"column":43}},"type":"binary-expr","locations":[{"start":{"line":118,"column":16},"end":{"line":118,"column":34}},{"start":{"line":118,"column":38},"end":{"line":118,"column":43}}],"line":118},"30":{"loc":{"start":{"line":119,"column":20},"end":{"line":119,"column":48}},"type":"binary-expr","locations":[{"start":{"line":119,"column":20},"end":{"line":119,"column":42}},{"start":{"line":119,"column":46},"end":{"line":119,"column":48}}],"line":119},"31":{"loc":{"start":{"line":120,"column":27},"end":{"line":123,"column":7}},"type":"binary-expr","locations":[{"start":{"line":120,"column":27},"end":{"line":120,"column":56}},{"start":{"line":120,"column":60},"end":{"line":123,"column":7}}],"line":120},"32":{"loc":{"start":{"line":124,"column":20},"end":{"line":124,"column":51}},"type":"binary-expr","locations":[{"start":{"line":124,"column":20},"end":{"line":124,"column":42}},{"start":{"line":124,"column":46},"end":{"line":124,"column":51}}],"line":124},"33":{"loc":{"start":{"line":125,"column":22},"end":{"line":125,"column":51}},"type":"binary-expr","locations":[{"start":{"line":125,"column":22},"end":{"line":125,"column":46}},{"start":{"line":125,"column":50},"end":{"line":125,"column":51}}],"line":125},"34":{"loc":{"start":{"line":126,"column":20},"end":{"line":126,"column":47}},"type":"binary-expr","locations":[{"start":{"line":126,"column":20},"end":{"line":126,"column":42}},{"start":{"line":126,"column":46},"end":{"line":126,"column":47}}],"line":126},"35":{"loc":{"start":{"line":128,"column":24},"end":{"line":128,"column":55}},"type":"binary-expr","locations":[{"start":{"line":128,"column":24},"end":{"line":128,"column":50}},{"start":{"line":128,"column":54},"end":{"line":128,"column":55}}],"line":128},"36":{"loc":{"start":{"line":136,"column":4},"end":{"line":136,"column":48}},"type":"if","locations":[{"start":{"line":136,"column":4},"end":{"line":136,"column":48}},{"start":{},"end":{}}],"line":136},"37":{"loc":{"start":{"line":140,"column":4},"end":{"line":163,"column":5}},"type":"if","locations":[{"start":{"line":140,"column":4},"end":{"line":163,"column":5}},{"start":{},"end":{}}],"line":140},"38":{"loc":{"start":{"line":141,"column":6},"end":{"line":143,"column":34}},"type":"binary-expr","locations":[{"start":{"line":141,"column":6},"end":{"line":141,"column":32}},{"start":{"line":142,"column":6},"end":{"line":142,"column":43}},{"start":{"line":143,"column":6},"end":{"line":143,"column":34}}],"line":141},"39":{"loc":{"start":{"line":150,"column":6},"end":{"line":162,"column":7}},"type":"if","locations":[{"start":{"line":150,"column":6},"end":{"line":162,"column":7}},{"start":{"line":160,"column":13},"end":{"line":162,"column":7}}],"line":150},"40":{"loc":{"start":{"line":152,"column":34},"end":{"line":152,"column":79}},"type":"binary-expr","locations":[{"start":{"line":152,"column":34},"end":{"line":152,"column":54}},{"start":{"line":152,"column":58},"end":{"line":152,"column":79}}],"line":152},"41":{"loc":{"start":{"line":153,"column":8},"end":{"line":159,"column":9}},"type":"if","locations":[{"start":{"line":153,"column":8},"end":{"line":159,"column":9}},{"start":{},"end":{}}],"line":153},"42":{"loc":{"start":{"line":154,"column":10},"end":{"line":156,"column":41}},"type":"binary-expr","locations":[{"start":{"line":154,"column":10},"end":{"line":154,"column":27}},{"start":{"line":155,"column":10},"end":{"line":155,"column":41}},{"start":{"line":156,"column":10},"end":{"line":156,"column":41}}],"line":154},"43":{"loc":{"start":{"line":166,"column":27},"end":{"line":166,"column":78}},"type":"binary-expr","locations":[{"start":{"line":166,"column":27},"end":{"line":166,"column":47}},{"start":{"line":166,"column":51},"end":{"line":166,"column":72}},{"start":{"line":166,"column":76},"end":{"line":166,"column":78}}],"line":166},"44":{"loc":{"start":{"line":170,"column":4},"end":{"line":180,"column":5}},"type":"if","locations":[{"start":{"line":170,"column":4},"end":{"line":180,"column":5}},{"start":{},"end":{}}],"line":170},"45":{"loc":{"start":{"line":173,"column":8},"end":{"line":178,"column":9}},"type":"if","locations":[{"start":{"line":173,"column":8},"end":{"line":178,"column":9}},{"start":{"line":175,"column":15},"end":{"line":178,"column":9}}],"line":173},"46":{"loc":{"start":{"line":177,"column":41},"end":{"line":177,"column":62}},"type":"binary-expr","locations":[{"start":{"line":177,"column":41},"end":{"line":177,"column":57}},{"start":{"line":177,"column":61},"end":{"line":177,"column":62}}],"line":177},"47":{"loc":{"start":{"line":184,"column":14},"end":{"line":184,"column":36}},"type":"binary-expr","locations":[{"start":{"line":184,"column":14},"end":{"line":184,"column":30}},{"start":{"line":184,"column":34},"end":{"line":184,"column":36}}],"line":184},"48":{"loc":{"start":{"line":185,"column":15},"end":{"line":185,"column":38}},"type":"binary-expr","locations":[{"start":{"line":185,"column":15},"end":{"line":185,"column":32}},{"start":{"line":185,"column":36},"end":{"line":185,"column":38}}],"line":185},"49":{"loc":{"start":{"line":186,"column":21},"end":{"line":186,"column":50}},"type":"binary-expr","locations":[{"start":{"line":186,"column":21},"end":{"line":186,"column":44}},{"start":{"line":186,"column":48},"end":{"line":186,"column":50}}],"line":186},"50":{"loc":{"start":{"line":187,"column":18},"end":{"line":187,"column":44}},"type":"binary-expr","locations":[{"start":{"line":187,"column":18},"end":{"line":187,"column":38}},{"start":{"line":187,"column":42},"end":{"line":187,"column":44}}],"line":187},"51":{"loc":{"start":{"line":188,"column":24},"end":{"line":188,"column":56}},"type":"binary-expr","locations":[{"start":{"line":188,"column":24},"end":{"line":188,"column":50}},{"start":{"line":188,"column":54},"end":{"line":188,"column":56}}],"line":188},"52":{"loc":{"start":{"line":190,"column":18},"end":{"line":190,"column":50}},"type":"binary-expr","locations":[{"start":{"line":190,"column":18},"end":{"line":190,"column":45}},{"start":{"line":190,"column":49},"end":{"line":190,"column":50}}],"line":190},"53":{"loc":{"start":{"line":192,"column":22},"end":{"line":192,"column":56}},"type":"binary-expr","locations":[{"start":{"line":192,"column":22},"end":{"line":192,"column":50}},{"start":{"line":192,"column":54},"end":{"line":192,"column":56}}],"line":192},"54":{"loc":{"start":{"line":194,"column":23},"end":{"line":194,"column":51}},"type":"binary-expr","locations":[{"start":{"line":194,"column":23},"end":{"line":194,"column":45}},{"start":{"line":194,"column":49},"end":{"line":194,"column":51}}],"line":194},"55":{"loc":{"start":{"line":198,"column":16},"end":{"line":198,"column":43}},"type":"binary-expr","locations":[{"start":{"line":198,"column":16},"end":{"line":198,"column":34}},{"start":{"line":198,"column":38},"end":{"line":198,"column":43}}],"line":198},"56":{"loc":{"start":{"line":199,"column":23},"end":{"line":199,"column":57}},"type":"binary-expr","locations":[{"start":{"line":199,"column":23},"end":{"line":199,"column":48}},{"start":{"line":199,"column":52},"end":{"line":199,"column":57}}],"line":199},"57":{"loc":{"start":{"line":208,"column":4},"end":{"line":208,"column":56}},"type":"if","locations":[{"start":{"line":208,"column":4},"end":{"line":208,"column":56}},{"start":{},"end":{}}],"line":208},"58":{"loc":{"start":{"line":211,"column":23},"end":{"line":211,"column":55}},"type":"binary-expr","locations":[{"start":{"line":211,"column":23},"end":{"line":211,"column":46}},{"start":{"line":211,"column":50},"end":{"line":211,"column":55}}],"line":211},"59":{"loc":{"start":{"line":215,"column":14},"end":{"line":215,"column":42}},"type":"binary-expr","locations":[{"start":{"line":215,"column":14},"end":{"line":215,"column":34}},{"start":{"line":215,"column":38},"end":{"line":215,"column":42}}],"line":215},"60":{"loc":{"start":{"line":216,"column":19},"end":{"line":216,"column":48}},"type":"binary-expr","locations":[{"start":{"line":216,"column":19},"end":{"line":216,"column":40}},{"start":{"line":216,"column":44},"end":{"line":216,"column":48}}],"line":216},"61":{"loc":{"start":{"line":217,"column":19},"end":{"line":217,"column":46}},"type":"binary-expr","locations":[{"start":{"line":217,"column":19},"end":{"line":217,"column":40}},{"start":{"line":217,"column":44},"end":{"line":217,"column":46}}],"line":217},"62":{"loc":{"start":{"line":218,"column":15},"end":{"line":218,"column":38}},"type":"binary-expr","locations":[{"start":{"line":218,"column":15},"end":{"line":218,"column":32}},{"start":{"line":218,"column":36},"end":{"line":218,"column":38}}],"line":218},"63":{"loc":{"start":{"line":219,"column":18},"end":{"line":219,"column":74}},"type":"binary-expr","locations":[{"start":{"line":219,"column":18},"end":{"line":219,"column":45}},{"start":{"line":219,"column":49},"end":{"line":219,"column":69}},{"start":{"line":219,"column":73},"end":{"line":219,"column":74}}],"line":219},"64":{"loc":{"start":{"line":220,"column":19},"end":{"line":220,"column":46}},"type":"binary-expr","locations":[{"start":{"line":220,"column":19},"end":{"line":220,"column":41}},{"start":{"line":220,"column":45},"end":{"line":220,"column":46}}],"line":220},"65":{"loc":{"start":{"line":221,"column":19},"end":{"line":221,"column":48}},"type":"binary-expr","locations":[{"start":{"line":221,"column":19},"end":{"line":221,"column":40}},{"start":{"line":221,"column":44},"end":{"line":221,"column":48}}],"line":221},"66":{"loc":{"start":{"line":222,"column":18},"end":{"line":222,"column":44}},"type":"binary-expr","locations":[{"start":{"line":222,"column":18},"end":{"line":222,"column":38}},{"start":{"line":222,"column":42},"end":{"line":222,"column":44}}],"line":222},"67":{"loc":{"start":{"line":224,"column":24},"end":{"line":224,"column":56}},"type":"binary-expr","locations":[{"start":{"line":224,"column":24},"end":{"line":224,"column":50}},{"start":{"line":224,"column":54},"end":{"line":224,"column":56}}],"line":224},"68":{"loc":{"start":{"line":237,"column":4},"end":{"line":237,"column":51}},"type":"if","locations":[{"start":{"line":237,"column":4},"end":{"line":237,"column":51}},{"start":{},"end":{}}],"line":237},"69":{"loc":{"start":{"line":241,"column":15},"end":{"line":241,"column":38}},"type":"binary-expr","locations":[{"start":{"line":241,"column":15},"end":{"line":241,"column":32}},{"start":{"line":241,"column":36},"end":{"line":241,"column":38}}],"line":241},"70":{"loc":{"start":{"line":242,"column":19},"end":{"line":242,"column":46}},"type":"binary-expr","locations":[{"start":{"line":242,"column":19},"end":{"line":242,
[...]
,"/Users/nrw/python/tui-project/liap-tui/frontend/src/utils/playTypeMatching.js": {"path":"/Users/nrw/python/tui-project/liap-tui/frontend/src/utils/playTypeMatching.js","statementMap":{"0":{"start":{"line":18,"column":2},"end":{"line":28,"column":5}},"1":{"start":{"line":22,"column":32},"end":{"line":26,"column":7}},"2":{"start":{"line":31,"column":2},"end":{"line":34,"column":3}},"3":{"start":{"line":32,"column":4},"end":{"line":32,"column":78}},"4":{"start":{"line":33,"column":4},"end":{"line":33,"column":17}},"5":{"start":{"line":36,"column":2},"end":{"line":41,"column":3}},"6":{"start":{"line":37,"column":4},"end":{"line":39,"column":6}},"7":{"start":{"line":40,"column":4},"end":{"line":40,"column":17}},"8":{"start":{"line":44,"column":25},"end":{"line":44,"column":50}},"9":{"start":{"line":45,"column":2},"end":{"line":45,"column":78}},"10":{"start":{"line":48,"column":2},"end":{"line":57,"column":3}},"11":{"start":{"line":53,"column":4},"end":{"line":55,"column":6}},"12":{"start":{"line":56,"column":4},"end":{"line":56,"column":17}},"13":{"start":{"line":60,"column":2},"end":{"line":65,"column":3}},"14":{"start":{"line":61,"column":4},"end":{"line":63,"column":6}},"15":{"start":{"line":64,"column":4},"end":{"line":64,"column":16}},"16":{"start":{"line":68,"column":18},"end":{"line":68,"column":52}},"17":{"start":{"line":69,"column":2},"end":{"line":73,"column":5}},"18":{"start":{"line":74,"column":2},"end":{"line":74,"column":17}},"19":{"start":{"line":90,"column":2},"end":{"line":94,"column":5}},"20":{"start":{"line":96,"column":25},"end":{"line":96,"column":34}},"21":{"start":{"line":98,"column":2},"end":{"line":103,"column":3}},"22":{"start":{"line":99,"column":4},"end":{"line":101,"column":6}},"23":{"start":{"line":102,"column":4},"end":{"line":102,"column":26}},"24":{"start":{"line":106,"column":33},"end":{"line":106,"column":48}},"25":{"start":{"line":107,"column":2},"end":{"line":117,"column":3}},"26":{"start":{"line":108,"column":4},"end":{"line":108,"column":70}},"27":{"start":{"line":109,"column":4},"end":{"line":116,"column":6}},"28":{"start":{"line":119,"column":2},"end":{"line":132,"column":3}},"29":{"start":{"line":120,"column":4},"end":{"line":122,"column":6}},"30":{"start":{"line":124,"column":4},"end":{"line":130,"column":7}},"31":{"start":{"line":125,"column":6},"end":{"line":129,"column":7}},"32":{"start":{"line":126,"column":8},"end":{"line":128,"column":11}},"33":{"start":{"line":127,"column":10},"end":{"line":127,"column":53}},"34":{"start":{"line":131,"column":4},"end":{"line":131,"column":26}},"35":{"start":{"line":134,"column":2},"end":{"line":169,"column":5}},"36":{"start":{"line":135,"column":4},"end":{"line":138,"column":7}},"37":{"start":{"line":140,"column":4},"end":{"line":145,"column":5}},"38":{"start":{"line":141,"column":6},"end":{"line":143,"column":8}},"39":{"start":{"line":144,"column":6},"end":{"line":144,"column":13}},"40":{"start":{"line":148,"column":4},"end":{"line":156,"column":5}},"41":{"start":{"line":149,"column":6},"end":{"line":151,"column":8}},"42":{"start":{"line":152,"column":6},"end":{"line":154,"column":9}},"43":{"start":{"line":153,"column":8},"end":{"line":153,"column":51}},"44":{"start":{"line":155,"column":6},"end":{"line":155,"column":13}},"45":{"start":{"line":159,"column":20},"end":{"line":159,"column":78}},"46":{"start":{"line":160,"column":4},"end":{"line":162,"column":6}},"47":{"start":{"line":164,"column":4},"end":{"line":168,"column":5}},"48":{"start":{"line":165,"column":6},"end":{"line":167,"column":9}},"49":{"start":{"line":166,"column":8},"end":{"line":166,"column":51}},"50":{"start":{"line":171,"column":2},"end":{"line":174,"column":4}},"51":{"start":{"line":175,"column":2},"end":{"line":175,"column":24}},"52":{"start":{"line":193,"column":22},"end":{"line":193,"column":69}},"53":{"start":{"line":193,"column":47},"end":{"line":193,"column":68}},"54":{"start":{"line":194,"column":2},"end":{"line":196,"column":3}},"55":{"start":{"line":195,"column":4},"end":{"line":195,"column":21}},"56":{"start":{"line":198,"column":2},"end":{"line":198,"column":48}},"57":{"start":{"line":209,"column":25},"end":{"line":209,"column":50}},"58":{"start":{"line":211,"column":2},"end":{"line":213,"column":3}},"59":{"start":{"line":212,"column":4},"end":{"line":212,"column":33}},"60":{"start":{"line":215,"column":2},"end":{"line":217,"column":3}},"61":{"start":{"line":216,"column":4},"end":{"line":216,"column":31}},"62":{"start":{"line":219,"column":2},"end":{"line":219,"column":62}}},"fnMap":{"0":{"name":"doesPlayMatchStarterType","decl":{"start":{"line":17,"column":16},"end":{"line":17,"column":40}},"loc":{"start":{"line":17,"column":72},"end":{"line":75,"column":1}},"line":17},"1":{"name":"(anonymous_1)","decl":{"start":{"line":22,"column":24},"end":{"line":22,"column":25}},"loc":{"start":{"line":22,"column":32},"end":{"line":26,"column":7}},"line":22},"2":{"name":"determinePiecesToReveal","decl":{"start":{"line":85,"column":16},"end":{"line":85,"column":39}},"loc":{"start":{"line":89,"column":2},"end":{"line":176,"column":1}},"line":89},"3":{"name":"(anonymous_3)","decl":{"start":{"line":124,"column":41},"end":{"line":124,"column":42}},"loc":{"start":{"line":124,"column":67},"end":{"line":130,"column":5}},"line":124},"4":{"name":"(anonymous_4)","decl":{"start":{"line":126,"column":23},"end":{"line":126,"column":24}},"loc":{"start":{"line":126,"column":35},"end":{"line":128,"column":9}},"line":126},"5":{"name":"(anonymous_5)","decl":{"start":{"line":134,"column":39},"end":{"line":134,"column":40}},"loc":{"start":{"line":134,"column":65},"end":{"line":169,"column":3}},"line":134},"6":{"name":"(anonymous_6)","decl":{"start":{"line":152,"column":21},"end":{"line":152,"column":22}},"loc":{"start":{"line":152,"column":33},"end":{"line":154,"column":7}},"line":152},"7":{"name":"(anonymous_7)","decl":{"start":{"line":165,"column":21},"end":{"line":165,"column":22}},"loc":{"start":{"line":165,"column":33},"end":{"line":167,"column":7}},"line":165},"8":{"name":"calculateRevealDelay","decl":{"start":{"line":187,"column":16},"end":{"line":187,"column":36}},"loc":{"start":{"line":192,"column":2},"end":{"line":199,"column":1}},"line":192},"9":{"name":"(anonymous_9)","decl":{"start":{"line":193,"column":40},"end":{"line":193,"column":41}},"loc":{"start":{"line":193,"column":47},"end":{"line":193,"column":68}},"line":193},"10":{"name":"getNonMatchMessage","decl":{"start":{"line":208,"column":16},"end":{"line":208,"column":34}},"loc":{"start":{"line":208,"column":66},"end":{"line":220,"column":1}},"line":208}},"branchMap":{"0":{"loc":{"start":{"line":23,"column":14},"end":{"line":23,"column":30}},"type":"binary-expr","locations":[{"start":{"line":23,"column":14},"end":{"line":23,"column":20}},{"start":{"line":23,"column":24},"end":{"line":23,"column":30}}],"line":23},"1":{"loc":{"start":{"line":31,"column":2},"end":{"line":34,"column":3}},"type":"if","locations":[{"start":{"line":31,"column":2},"end":{"line":34,"column":3}},{"start":{},"end":{}}],"line":31},"2":{"loc":{"start":{"line":36,"column":2},"end":{"line":41,"column":3}},"type":"if","locations":[{"start":{"line":36,"column":2},"end":{"line":41,"column":3}},{"start":{},"end":{}}],"line":36},"3":{"loc":{"start":{"line":48,"column":2},"end":{"line":57,"column":3}},"type":"if","locations":[{"start":{"line":48,"column":2},"end":{"line":57,"column":3}},{"start":{},"end":{}}],"line":48},"4":{"loc":{"start":{"line":49,"column":4},"end":{"line":51,"column":32}},"type":"binary-expr","locations":[{"start":{"line":49,"column":4},"end":{"line":49,"column":19}},{"start":{"line":50,"column":4},"end":{"line":50,"column":32}},{"start":{"line":51,"column":4},"end":{"line":51,"column":32}}],"line":49},"5":{"loc":{"start":{"line":60,"column":2},"end":{"line":65,"column":3}},"type":"if","locations":[{"start":{"line":60,"column":2},"end":{"line":65,"column":3}},{"start":{},"end":{}}],"line":60},"6":{"loc":{"start":{"line":60,"column":6},"end":{"line":60,"column":63}},"type":"binary-expr","locations":[{"start":{"line":60,"column":6},"end":{"line":60,"column":34}},{"start":{"line":60,"column":38},"end":{"line":60,"column":63}}],"line":60},"7":{"loc":{"start":{"line":98,"column":2},"end":{"line":103,"column":3}},"type":"if","locations":[{"start":{"line":98,"column":2},"end":{"line":103,"column":3}},{"start":{},"end":{}}],"line":98},"8":{"loc":{"start":{"line":107,"column":2},"end":{"line":117,"column":3}},"type":"if","locations":[{"start":{"line":107,"column":2},"end":{"line":117,"column":3}},{"start":{},"end":{}}],"line":107},"9":{"loc":{"start":{"line":107,"column":6},"end":{"line":107,"column":66}},"type":"binary-expr","locations":[{"start":{"line":107,"column":6},"end":{"line":107,"column":22}},{"start":{"line":107,"column":26},"end":{"line":107,"column":37}},{"start":{"line":107,"column":41},"end":{"line":107,"column":66}}],"line":107},"10":{"loc":{"start":{"line":119,"column":2},"end":{"line":132,"column":3}},"type":"if","locations":[{"start":{"line":119,"column":2},"end":{"line":132,"column":3}},{"start":{},"end":{}}],"line":119},"11":{"loc":{"start":{"line":125,"column":6},"end":{"line":129,"column":7}},"type":"if","locations":[{"start":{"line":125,"column":6},"end":{"line":129,"column":7}},{"start":{},"end":{}}],"line":125},"12":{"loc":{"start":{"line":125,"column":10},"end":{"line":125,"column":37}},"type":"binary-expr","locations":[{"start":{"line":125,"column":10},"end":{"line":125,"column":16}},{"start":{"line":125,"column":20},"end":{"line":125,"column":37}}],"line":125},"13":{"loc":{"start":{"line":140,"column":4},"end":{"line":145,"column":5}},"type":"if","locations":[{"start":{"line":140,"column":4},"end":{"line":145,"column":5}},{"start":{},"end":{}}],"line":140},"14":{"loc":{"start":{"line":140,"column":8},"end":{"line":140,"column":38}},"type":"binary-expr","locations":[{"start":{"line":140,"column":8},"end":{"line":140,"column":15}},{"start":{"line":140,"column":19},"end":{"line":140,"column":38}}],"line":140},"15":{"loc":{"start":{"line":148,"column":4},"end":{"line":156,"column":5}},"type":"if","locations":[{"start":{"line":148,"column":4},"end":{"line":156,"column":5}},{"start":{},"end":{}}],"line":148},"16":{"loc":{"start":{"line":164,"column":4},"end":{"line":168,"column":5}},"type":"if","locations":[{"start":{"line":164,"column":4},"end":{"line":168,"column":5}},{"start":{},"end":{}}],"line":164},"17":{"loc":{"start":{"line":190,"column":2},"end":{"line":190,"column":15}},"type":"default-arg","locations":[{"start":{"line":190,"column":14},"end":{"line":190,"column":15}}],"line":190},"18":{"loc":{"start":{"line":191,"column":2},"end":{"line":191,"column":20}},"type":"default-arg","locations":[{"start":{"line":191,"column":17},"end":{"line":191,"column":20}}],"line":191},"19":{"loc":{"start":{"line":194,"column":2},"end":{"line":196,"column":3}},"type":"if","locations":[{"start":{"line":194,"column":2},"end":{"line":196,"column":3}},{"start":{},"end":{}}],"line":194},"20":{"loc":{"start":{"line":211,"column":2},"end":{"line":213,"column":3}},"type":"if","locations":[{"start":{"line":211,"column":2},"end":{"line":213,"column":3}},{"start":{},"end":{}}],"line":211},"21":{"loc":{"start":{"line":211,"column":6},"end":{"line":211,"column":53}},"type":"binary-expr","locations":[{"start":{"line":211,"column":6},"end":{"line":211,"column":21}},{"start":{"line":211,"column":25},"end":{"line":211,"column":53}}],"line":211},"22":{"loc":{"start":{"line":215,"column":2},"end":{"line":217,"column":3}},"type":"if","locations":[{"start":{"line":215,"column":2},"end":{"line":217,"column":3}},{"start":{},"end":{}}],"line":215}},"s":{"0":0,"1":0,"2":0,"3":0,"4":0,"5":0,"6":0,"7":0,"8":0,"9":0,"10":0,"11":0,"12":0,"13":0,"14":0,"15":0,"16":0,"17":0,"18":0,"19":0,"20":0,"21":0,"22":0,"23":0,"24":0,"25":0,"26":0,"27":0,"28":0,"29":0,"30":0,"31":0,"32":0,"33":0,"34":0,"35":0,"36":0,"37":0,"38":0,"39":0,"40":0,"41":0,"42":0,"43":0,"44":0,"45":0,"46":0,"47":0,"48":0,"49":0,"50":0,"51":0,"52":0,"53":0,"54":0,"55":0,"56":0,"57":0,"58":0,"59":0,"60":0,"61":0,"62":0},"f":{"0":0,"1":0,"2":0,"3":0,"4":0,"5":0,"6":0,"7":0,"8":0,"9":0,"10":0},"b":{"0":[0,0],"1":[0,0],"2":[0,0],"3":[0,0],"4":[0,0,0],"5":[0,0],"6":[0,0],"7":[0,0],"8":[0,0],"9":[0,0,0],"10":[0,0],"11":[0,0],"12":[0,0],"13":[0,0],"14":[0,0],"15":[0,0],"16":[0,0],"17":[0],"18":[0],"19":[0,0],"20":[0,0],"21":[0,0],"22":[0,0]}}
,"/Users/nrw/python/tui-project/liap-tui/frontend/src/utils/roomHelpers.js": {"path":"/Users/nrw/python/tui-project/liap-tui/frontend/src/utils/roomHelpers.js","statementMap":{"0":{"start":{"line":3,"column":26},"end":{"line":6,"column":1}},"1":{"start":{"line":5,"column":2},"end":{"line":5,"column":29}},"2":{"start":{"line":8,"column":33},"end":{"line":13,"column":1}},"3":{"start":{"line":9,"column":2},"end":{"line":11,"column":3}},"4":{"start":{"line":10,"column":4},"end":{"line":10,"column":49}},"5":{"start":{"line":12,"column":2},"end":{"line":12,"column":39}},"6":{"start":{"line":15,"column":36},"end":{"line":19,"column":1}},"7":{"start":{"line":16,"column":2},"end":{"line":16,"column":35}},"8":{"start":{"line":16,"column":15},"end":{"line":16,"column":35}},"9":{"start":{"line":17,"column":2},"end":{"line":17,"column":51}},"10":{"start":{"line":17,"column":21},"end":{"line":17,"column":51}},"11":{"start":{"line":18,"column":2},"end":{"line":18,"column":21}},"12":{"start":{"line":21,"column":36},"end":{"line":34,"column":1}},"13":{"start":{"line":22,"column":22},"end":{"line":22,"column":73}},"14":{"start":{"line":22,"column":50},"end":{"line":22,"column":60}},"15":{"start":{"line":23,"column":21},"end":{"line":23,"column":42}},"16":{"start":{"line":25,"column":2},"end":{"line":27,"column":3}},"17":{"start":{"line":26,"column":4},"end":{"line":26,"column":55}},"18":{"start":{"line":29,"column":2},"end":{"line":31,"column":3}},"19":{"start":{"line":30,"column":4},"end":{"line":30,"column":52}},"20":{"start":{"line":33,"column":2},"end":{"line":33,"column":52}},"21":{"start":{"line":36,"column":27},"end":{"line":41,"column":1}},"22":{"start":{"line":37,"column":22},"end":{"line":37,"column":73}},"23":{"start":{"line":37,"column":50},"end":{"line":37,"column":60}},"24":{"start":{"line":38,"column":21},"end":{"line":38,"column":42}},"25":{"start":{"line":40,"column":2},"end":{"line":40,"column":51}}},"fnMap":{"0":{"name":"(anonymous_0)","decl":{"start":{"line":3,"column":26},"end":{"line":3,"column":27}},"loc":{"start":{"line":3,"column":42},"end":{"line":6,"column":1}},"line":3},"1":{"name":"(anonymous_1)","decl":{"start":{"line":8,"column":33},"end":{"line":8,"column":34}},"loc":{"start":{"line":8,"column":64},"end":{"line":13,"column":1}},"line":8},"2":{"name":"(anonymous_2)","decl":{"start":{"line":15,"column":36},"end":{"line":15,"column":37}},"loc":{"start":{"line":15,"column":60},"end":{"line":19,"column":1}},"line":15},"3":{"name":"(anonymous_3)","decl":{"start":{"line":21,"column":36},"end":{"line":21,"column":37}},"loc":{"start":{"line":21,"column":46},"end":{"line":34,"column":1}},"line":21},"4":{"name":"(anonymous_4)","decl":{"start":{"line":22,"column":43},"end":{"line":22,"column":44}},"loc":{"start":{"line":22,"column":50},"end":{"line":22,"column":60}},"line":22},"5":{"name":"(anonymous_5)","decl":{"start":{"line":36,"column":27},"end":{"line":36,"column":28}},"loc":{"start":{"line":36,"column":37},"end":{"line":41,"column":1}},"line":36},"6":{"name":"(anonymous_6)","decl":{"start":{"line":37,"column":43},"end":{"line":37,"column":44}},"loc":{"start":{"line":37,"column":50},"end":{"line":37,"column":60}},"line":37}},"branchMap":{"0":{"loc":{"start":{"line":8,"column":45},"end":{"line":8,"column":59}},"type":"default-arg","locations":[{"start":{"line":8,"column":58},"end":{"line":8,"column":59}}],"line":8},"1":{"loc":{"start":{"line":9,"column":2},"end":{"line":11,"column":3}},"type":"if","locations":[{"start":{"line":9,"column":2},"end":{"line":11,"column":3}},{"start":{},"end":{}}],"line":9},"2":{"loc":{"start":{"line":16,"column":2},"end":{"line":16,"column":35}},"type":"if","locations":[{"start":{"line":16,"column":2},"end":{"line":16,"column":35}},{"start":{},"end":{}}],"line":16},"3":{"loc":{"start":{"line":17,"column":2},"end":{"line":17,"column":51}},"type":"if","locations":[{"start":{"line":17,"column":2},"end":{"line":17,"column":51}},{"start":{},"end":{}}],"line":17},"4":{"loc":{"start":{"line":22,"column":22},"end":{"line":22,"column":73}},"type":"binary-expr","locations":[{"start":{"line":22,"column":22},"end":{"line":22,"column":68}},{"start":{"line":22,"column":72},"end":{"line":22,"column":73}}],"line":22},"5":{"loc":{"start":{"line":23,"column":21},"end":{"line":23,"column":42}},"type":"binary-expr","locations":[{"start":{"line":23,"column":21},"end":{"line":23,"column":37}},{"start":{"line":23,"column":41},"end":{"line":23,"column":42}}],"line":23},"6":{"loc":{"start":{"line":25,"column":2},"end":{"line":27,"column":3}},"type":"if","locations":[{"start":{"line":25,"column":2},"end":{"line":27,"column":3}},{"start":{},"end":{}}],"line":25},"7":{"loc":{"start":{"line":25,"column":6},"end":{"line":25,"column":47}},"type":"binary-expr","locations":[{"start":{"line":25,"column":6},"end":{"line":25,"column":18}},{"start":{"line":25,"column":22},"end":{"line":25,"column":47}}],"line":25},"8":{"loc":{"start":{"line":29,"column":2},"end":{"line":31,"column":3}},"type":"if","locations":[{"start":{"line":29,"column":2},"end":{"line":31,"column":3}},{"start":{},"end":{}}],"line":29},"9":{"loc":{"start":{"line":37,"column":22},"end":{"line":37,"column":73}},"type":"binary-expr","locations":[{"start":{"line":37,"column":22},"end":{"line":37,"column":68}},{"start":{"line":37,"column":72},"end":{"line":37,"column":73}}],"line":37},"10":{"loc":{"start":{"line":38,"column":21},"end":{"line":38,"column":42}},"type":"binary-expr","locations":[{"start":{"line":38,"column":21},"end":{"line":38,"column":37}},{"start":{"line":38,"column":41},"end":{"line":38,"column":42}}],"line":38},"11":{"loc":{"start":{"line":40,"column":9},"end":{"line":40,"column":50}},"type":"binary-expr","locations":[{"start":{"line":40,"column":9},"end":{"line":40,"column":22}},{"start":{"line":40,"column":26},"end":{"line":40,"column":50}}],"line":40}},"s":{"0":0,"1":0,"2":0,"3":0,"4":0,"5":0,"6":0,"7":0,"8":0,"9":0,"10":0,"11":0,"12":0,"13":0,"14":0,"15":0,"16":0,"17":0,"18":0,"19":0,"20":0,"21":0,"22":0,"23":0,"24":0,"25":0},"f":{"0":0,"1":0,"2":0,"3":0,"4":0,"5":0,"6":0},"b":{"0":[0],"1":[0,0],"2":[0,0],"3":[0,0],"4":[0,0],"5":[0,0],"6":[0,0],"7":[0,0],"8":[0,0],"9":[0,0],"10":[0,0],"11":[0,0]}}
}
