TN:
SF:src/App.jsx
FN:24,(anonymous_0)
FN:28,(anonymous_1)
FN:53,(anonymous_2)
FN:68,(anonymous_3)
FN:113,(anonymous_4)
FN:117,(anonymous_5)
FN:118,(anonymous_6)
FN:132,(anonymous_7)
FN:145,(anonymous_8)
FN:170,(anonymous_9)
FNF:10
FNH:0
FNDA:0,(anonymous_0)
FNDA:0,(anonymous_1)
FNDA:0,(anonymous_2)
FNDA:0,(anonymous_3)
FNDA:0,(anonymous_4)
FNDA:0,(anonymous_5)
FNDA:0,(anonymous_6)
FNDA:0,(anonymous_7)
FNDA:0,(anonymous_8)
FNDA:0,(anonymous_9)
DA:24,0
DA:25,0
DA:28,0
DA:29,0
DA:31,0
DA:33,0
DA:35,0
DA:39,0
DA:41,0
DA:42,0
DA:44,0
DA:45,0
DA:49,0
DA:53,0
DA:54,0
DA:56,0
DA:57,0
DA:60,0
DA:68,0
DA:69,0
DA:113,0
DA:114,0
DA:115,0
DA:117,0
DA:118,0
DA:119,0
DA:120,0
DA:121,0
DA:122,0
DA:124,0
DA:125,0
DA:129,0
DA:132,0
DA:133,0
DA:134,0
DA:138,0
DA:139,0
DA:145,0
DA:155,0
DA:156,0
DA:166,0
DA:170,0
DA:171,0
LF:43
LH:0
BRDA:24,0,0,0
BRDA:29,1,0,0
BRDA:29,1,1,0
BRDA:29,1,2,0
BRDA:39,2,0,0
BRDA:39,2,1,0
BRDA:41,3,0,0
BRDA:41,3,1,0
BRDA:44,4,0,0
BRDA:44,4,1,0
BRDA:56,5,0,0
BRDA:56,5,1,0
BRDA:56,6,0,0
BRDA:56,6,1,0
BRDA:138,7,0,0
BRDA:138,7,1,0
BRDA:155,8,0,0
BRDA:155,8,1,0
BRF:18
BRH:0
end_of_record
TN:
SF:src/components/Button.jsx
FN:4,(anonymous_0)
FN:57,(anonymous_1)
FNF:2
FNH:2
FNDA:6,(anonymous_0)
FNDA:1,(anonymous_1)
DA:3,1
DA:18,6
DA:26,6
DA:41,6
DA:47,6
DA:57,6
DA:58,1
DA:59,1
DA:62,6
DA:86,1
LF:10
LH:10
BRDA:6,0,0,5
BRDA:7,1,0,6
BRDA:8,2,0,5
BRDA:9,3,0,5
BRDA:11,4,0,5
BRDA:12,5,0,6
BRDA:13,6,0,6
BRDA:14,7,0,6
BRDA:15,8,0,6
BRDA:51,9,0,6
BRDA:51,9,1,0
BRDA:58,10,0,0
BRDA:58,10,1,1
BRDA:58,11,0,1
BRDA:58,11,1,1
BRDA:66,12,0,6
BRDA:66,12,1,5
BRDA:70,13,0,1
BRDA:70,13,1,5
BRDA:77,14,0,5
BRDA:77,14,1,0
BRF:21
BRH:18
end_of_record
TN:
SF:src/components/ConnectionIndicator.jsx
FN:5,(anonymous_0)
FN:14,(anonymous_1)
FNF:2
FNH:0
FNDA:0,(anonymous_0)
FNDA:0,(anonymous_1)
DA:5,0
DA:14,0
DA:15,0
DA:16,0
DA:24,0
DA:25,0
DA:33,0
DA:34,0
DA:42,0
DA:43,0
DA:51,0
DA:59,0
DA:61,0
DA:66,0
LF:14
LH:0
BRDA:6,0,0,0
BRDA:7,1,0,0
BRDA:8,2,0,0
BRDA:9,3,0,0
BRDA:10,4,0,0
BRDA:11,5,0,0
BRDA:12,6,0,0
BRDA:15,7,0,0
BRDA:15,7,1,0
BRDA:24,8,0,0
BRDA:24,8,1,0
BRDA:33,9,0,0
BRDA:33,9,1,0
BRDA:42,10,0,0
BRDA:42,10,1,0
BRDA:71,11,0,0
BRDA:71,11,1,0
BRDA:71,11,2,0
BRDA:75,12,0,0
BRDA:75,12,1,0
BRDA:75,12,2,0
BRDA:76,13,0,0
BRDA:76,13,1,0
BRF:23
BRH:0
end_of_record
TN:
SF:src/components/ErrorBoundary.jsx
FN:4,(anonymous_0)
FN:9,(anonymous_1)
FN:13,(anonymous_2)
FN:25,(anonymous_3)
FN:52,(anonymous_4)
FN:59,(anonymous_5)
FNF:6
FNH:0
FNDA:0,(anonymous_0)
FNDA:0,(anonymous_1)
FNDA:0,(anonymous_2)
FNDA:0,(anonymous_3)
FNDA:0,(anonymous_4)
FNDA:0,(anonymous_5)
DA:5,0
DA:6,0
DA:10,0
DA:14,0
DA:20,0
DA:21,0
DA:26,0
DA:27,0
DA:52,0
DA:60,0
DA:88,0
LF:11
LH:0
BRDA:20,0,0,0
BRDA:20,0,1,0
BRDA:26,1,0,0
BRDA:26,1,1,0
BRDA:72,2,0,0
BRDA:72,2,1,0
BRDA:72,2,2,0
BRF:7
BRH:0
end_of_record
TN:
SF:src/components/Input.jsx
FN:6,(anonymous_0)
FNF:1
FNH:0
FNDA:0,(anonymous_0)
DA:5,0
DA:26,0
DA:32,0
DA:39,0
DA:43,0
DA:45,0
DA:86,0
LF:7
LH:0
BRDA:8,0,0,0
BRDA:9,1,0,0
BRDA:14,2,0,0
BRDA:15,3,0,0
BRDA:16,4,0,0
BRDA:17,5,0,0
BRDA:18,6,0,0
BRDA:19,7,0,0
BRDA:20,8,0,0
BRDA:21,9,0,0
BRDA:36,10,0,0
BRDA:36,10,1,0
BRDA:39,11,0,0
BRDA:39,11,1,0
BRDA:46,12,0,0
BRDA:46,12,1,0
BRDA:48,13,0,0
BRDA:48,13,1,0
BRDA:51,14,0,0
BRDA:51,14,1,0
BRDA:71,15,0,0
BRDA:71,15,1,0
BRDA:78,16,0,0
BRDA:78,16,1,0
BRDA:78,16,2,0
BRF:25
BRH:0
end_of_record
TN:
SF:src/components/Layout.jsx
FN:6,(anonymous_0)
FNF:1
FNH:0
FNDA:0,(anonymous_0)
DA:6,0
DA:15,0
LF:2
LH:0
BRDA:8,0,0,0
BRDA:9,1,0,0
BRDA:10,2,0,0
BRDA:11,3,0,0
BRDA:12,4,0,0
BRDA:13,5,0,0
BRDA:18,6,0,0
BRDA:18,6,1,0
BRDA:32,7,0,0
BRDA:32,7,1,0
BRF:10
BRH:0
end_of_record
TN:
SF:src/components/LazyRoute.jsx
FN:4,(anonymous_0)
FNF:1
FNH:0
FNDA:0,(anonymous_0)
DA:4,0
DA:9,0
LF:2
LH:0
BRDA:6,0,0,0
BRF:1
BRH:0
end_of_record
TN:
SF:src/components/LoadingOverlay.jsx
FN:5,(anonymous_0)
FNF:1
FNH:0
FNDA:0,(anonymous_0)
DA:5,0
DA:13,0
DA:15,0
DA:19,0
LF:4
LH:0
BRDA:6,0,0,0
BRDA:7,1,0,0
BRDA:8,2,0,0
BRDA:9,3,0,0
BRDA:10,4,0,0
BRDA:11,5,0,0
BRDA:13,6,0,0
BRDA:13,6,1,0
BRDA:15,7,0,0
BRDA:15,7,1,0
BRDA:26,8,0,0
BRDA:26,8,1,0
BRDA:39,9,0,0
BRDA:39,9,1,0
BRF:14
BRH:0
end_of_record
TN:
SF:src/components/Modal.jsx
FN:6,(anonymous_0)
FN:21,(anonymous_1)
FN:24,(anonymous_2)
FN:31,(anonymous_3)
FN:35,(anonymous_4)
FN:42,(anonymous_5)
FN:49,(anonymous_6)
FN:54,(anonymous_7)
FNF:8
FNH:0
FNDA:0,(anonymous_0)
FNDA:0,(anonymous_1)
FNDA:0,(anonymous_2)
FNDA:0,(anonymous_3)
FNDA:0,(anonymous_4)
FNDA:0,(anonymous_5)
FNDA:0,(anonymous_6)
FNDA:0,(anonymous_7)
DA:6,0
DA:17,0
DA:18,0
DA:21,0
DA:22,0
DA:24,0
DA:25,0
DA:26,0
DA:30,0
DA:31,0
DA:35,0
DA:36,0
DA:37,0
DA:42,0
DA:43,0
DA:44,0
DA:46,0
DA:49,0
DA:50,0
DA:54,0
DA:55,0
DA:56,0
DA:60,0
DA:68,0
DA:69,0
DA:72,0
LF:26
LH:0
BRDA:7,0,0,0
BRDA:9,1,0,0
BRDA:11,2,0,0
BRDA:12,3,0,0
BRDA:13,4,0,0
BRDA:14,5,0,0
BRDA:15,6,0,0
BRDA:22,7,0,0
BRDA:22,7,1,0
BRDA:22,8,0,0
BRDA:22,8,1,0
BRDA:25,9,0,0
BRDA:25,9,1,0
BRDA:36,10,0,0
BRDA:36,10,1,0
BRDA:36,11,0,0
BRDA:36,11,1,0
BRDA:43,12,0,0
BRDA:43,12,1,0
BRDA:55,13,0,0
BRDA:55,13,1,0
BRDA:55,14,0,0
BRDA:55,14,1,0
BRDA:68,15,0,0
BRDA:68,15,1,0
BRDA:87,16,0,0
BRDA:87,16,1,0
BRDA:90,17,0,0
BRDA:90,17,1,0
BRDA:90,17,2,0
BRDA:92,18,0,0
BRDA:92,18,1,0
BRDA:101,19,0,0
BRDA:101,19,1,0
BRF:34
BRH:0
end_of_record
TN:
SF:src/components/PlayerSlot.jsx
FN:4,(anonymous_0)
FN:17,(anonymous_1)
FN:39,(anonymous_2)
FN:48,(anonymous_3)
FN:57,(anonymous_4)
FN:114,(anonymous_5)
FN:123,(anonymous_6)
FNF:7
FNH:0
FNDA:0,(anonymous_0)
FNDA:0,(anonymous_1)
FNDA:0,(anonymous_2)
FNDA:0,(anonymous_3)
FNDA:0,(anonymous_4)
FNDA:0,(anonymous_5)
FNDA:0,(anonymous_6)
DA:4,0
DA:17,0
DA:18,0
DA:24,0
DA:25,0
DA:27,0
DA:28,0
DA:30,0
DA:31,0
DA:33,0
DA:34,0
DA:36,0
DA:39,0
DA:40,0
DA:41,0
DA:48,0
DA:57,0
DA:67,0
DA:68,0
DA:70,0
DA:114,0
DA:123,0
DA:134,0
LF:23
LH:0
BRDA:7,0,0,0
BRDA:8,1,0,0
BRDA:9,2,0,0
BRDA:10,3,0,0
BRDA:11,4,0,0
BRDA:15,5,0,0
BRDA:24,6,0,0
BRDA:24,6,1,0
BRDA:27,7,0,0
BRDA:27,7,1,0
BRDA:30,8,0,0
BRDA:30,8,1,0
BRDA:33,9,0,0
BRDA:33,9,1,0
BRDA:33,10,0,0
BRDA:33,10,1,0
BRDA:40,11,0,0
BRDA:40,11,1,0
BRDA:47,12,0,0
BRDA:47,12,1,0
BRDA:52,13,0,0
BRDA:52,13,1,0
BRDA:52,13,2,0
BRDA:67,14,0,0
BRDA:67,14,1,0
BRDA:67,14,2,0
BRDA:68,15,0,0
BRDA:68,15,1,0
BRDA:74,16,0,0
BRDA:74,16,1,0
BRDA:79,17,0,0
BRDA:79,17,1,0
BRDA:93,18,0,0
BRDA:93,18,1,0
BRDA:101,19,0,0
BRDA:101,19,1,0
BRDA:108,20,0,0
BRDA:108,20,1,0
BRDA:108,20,2,0
BRDA:108,20,3,0
BRDA:116,21,0,0
BRDA:116,21,1,0
BRDA:118,22,0,0
BRDA:118,22,1,0
BRDA:118,22,2,0
BRF:45
BRH:0
end_of_record
TN:
SF:src/components/index.js
FNF:0
FNH:0
LF:0
LH:0
BRF:0
BRH:0
end_of_record
TN:
SF:src/components/game/DeclarationUI.jsx
FN:17,DeclarationUI
FNF:1
FNH:0
FNDA:0,DeclarationUI
DA:40,0
DA:55,0
LF:2
LH:0
BRDA:19,0,0,0
BRDA:20,1,0,0
BRDA:21,2,0,0
BRDA:22,3,0,0
BRDA:25,4,0,0
BRDA:26,5,0,0
BRDA:27,6,0,0
BRDA:28,7,0,0
BRDA:29,8,0,0
BRDA:30,9,0,0
BRDA:31,10,0,0
BRDA:32,11,0,0
BRDA:33,12,0,0
BRDA:34,13,0,0
BRF:14
BRH:0
end_of_record
TN:
SF:src/components/game/GameContainer.jsx
FN:35,GameContainer
FN:41,(anonymous_1)
FN:73,(anonymous_2)
FN:84,(anonymous_3)
FN:92,(anonymous_4)
FN:94,(anonymous_5)
FN:99,(anonymous_6)
FN:104,(anonymous_7)
FN:135,(anonymous_8)
FN:147,(anonymous_9)
FN:171,(anonymous_10)
FN:207,(anonymous_11)
FN:227,(anonymous_12)
FN:236,(anonymous_13)
FN:261,(anonymous_14)
FN:269,(anonymous_15)
FN:274,(anonymous_16)
FN:284,(anonymous_17)
FN:337,(anonymous_18)
FN:376,(anonymous_19)
FN:463,getWaitingMessage
FNF:21
FNH:0
FNDA:0,GameContainer
FNDA:0,(anonymous_1)
FNDA:0,(anonymous_2)
FNDA:0,(anonymous_3)
FNDA:0,(anonymous_4)
FNDA:0,(anonymous_5)
FNDA:0,(anonymous_6)
FNDA:0,(anonymous_7)
FNDA:0,(anonymous_8)
FNDA:0,(anonymous_9)
FNDA:0,(anonymous_10)
FNDA:0,(anonymous_11)
FNDA:0,(anonymous_12)
FNDA:0,(anonymous_13)
FNDA:0,(anonymous_14)
FNDA:0,(anonymous_15)
FNDA:0,(anonymous_16)
FNDA:0,(anonymous_17)
FNDA:0,(anonymous_18)
FNDA:0,(anonymous_19)
FNDA:0,getWaitingMessage
DA:36,0
DA:37,0
DA:38,0
DA:41,0
DA:42,0
DA:44,0
DA:73,0
DA:74,0
DA:76,0
DA:84,0
DA:85,0
DA:88,0
DA:89,0
DA:91,0
DA:93,0
DA:94,0
DA:99,0
DA:103,0
DA:104,0
DA:106,0
DA:108,0
DA:135,0
DA:136,0
DA:139,0
DA:140,0
DA:146,0
DA:147,0
DA:150,0
DA:152,0
DA:153,0
DA:158,0
DA:166,0
DA:169,0
DA:170,0
DA:171,0
DA:173,0
DA:174,0
DA:177,0
DA:182,0
DA:207,0
DA:208,0
DA:211,0
DA:213,0
DA:229,0
DA:233,0
DA:236,0
DA:237,0
DA:239,0
DA:257,0
DA:260,0
DA:261,0
DA:269,0
DA:274,0
DA:275,0
DA:277,0
DA:286,0
DA:287,0
DA:289,0
DA:290,0
DA:297,0
DA:298,0
DA:310,0
DA:311,0
DA:319,0
DA:320,0
DA:335,0
DA:338,0
DA:340,0
DA:352,0
DA:364,0
DA:376,0
DA:377,0
DA:379,0
DA:380,0
DA:382,0
DA:383,0
DA:389,0
DA:390,0
DA:396,0
DA:402,0
DA:418,0
DA:431,0
DA:443,0
DA:455,0
DA:464,0
DA:465,0
DA:468,0
DA:469,0
DA:472,0
DA:474,0
DA:476,0
DA:478,0
DA:480,0
DA:482,0
DA:484,0
DA:486,0
DA:488,0
DA:495,0
DA:500,0
LF:99
LH:0
BRDA:42,0,0,0
BRDA:42,0,1,0
BRDA:46,1,0,0
BRDA:46,1,1,0
BRDA:47,2,0,0
BRDA:47,2,1,0
BRDA:48,3,0,0
BRDA:48,3,1,0
BRDA:49,4,0,0
BRDA:49,4,1,0
BRDA:53,5,0,0
BRDA:53,5,1,0
BRDA:54,6,0,0
BRDA:54,6,1,0
BRDA:55,7,0,0
BRDA:55,7,1,0
BRDA:56,8,0,0
BRDA:56,8,1,0
BRDA:59,9,0,0
BRDA:59,9,1,0
BRDA:60,10,0,0
BRDA:60,10,1,0
BRDA:61,11,0,0
BRDA:61,11,1,0
BRDA:62,12,0,0
BRDA:62,12,1,0
BRDA:65,13,0,0
BRDA:65,13,1,0
BRDA:74,14,0,0
BRDA:74,14,1,0
BRDA:78,15,0,0
BRDA:78,15,1,0
BRDA:79,16,0,0
BRDA:79,16,1,0
BRDA:80,17,0,0
BRDA:80,17,1,0
BRDA:85,18,0,0
BRDA:85,18,1,0
BRDA:88,19,0,0
BRDA:88,19,1,0
BRDA:89,20,0,0
BRDA:89,20,1,0
BRDA:89,21,0,0
BRDA:89,21,1,0
BRDA:94,22,0,0
BRDA:94,22,1,0
BRDA:106,23,0,0
BRDA:106,23,1,0
BRDA:110,24,0,0
BRDA:110,24,1,0
BRDA:111,25,0,0
BRDA:111,25,1,0
BRDA:113,26,0,0
BRDA:113,26,1,0
BRDA:114,27,0,0
BRDA:114,27,1,0
BRDA:115,28,0,0
BRDA:115,28,1,0
BRDA:118,29,0,0
BRDA:118,29,1,0
BRDA:119,30,0,0
BRDA:119,30,1,0
BRDA:120,31,0,0
BRDA:120,31,1,0
BRDA:124,32,0,0
BRDA:124,32,1,0
BRDA:125,33,0,0
BRDA:125,33,1,0
BRDA:126,34,0,0
BRDA:126,34,1,0
BRDA:128,35,0,0
BRDA:128,35,1,0
BRDA:136,36,0,0
BRDA:136,36,1,0
BRDA:140,37,0,0
BRDA:140,37,1,0
BRDA:141,38,0,0
BRDA:141,38,1,0
BRDA:141,38,2,0
BRDA:150,39,0,0
BRDA:150,39,1,0
BRDA:152,40,0,0
BRDA:152,40,1,0
BRDA:153,41,0,0
BRDA:153,41,1,0
BRDA:154,42,0,0
BRDA:154,42,1,0
BRDA:154,42,2,0
BRDA:166,43,0,0
BRDA:166,43,1,0
BRDA:166,43,2,0
BRDA:170,44,0,0
BRDA:170,44,1,0
BRDA:173,45,0,0
BRDA:173,45,1,0
BRDA:177,46,0,0
BRDA:177,46,1,0
BRDA:184,47,0,0
BRDA:184,47,1,0
BRDA:185,48,0,0
BRDA:185,48,1,0
BRDA:186,49,0,0
BRDA:186,49,1,0
BRDA:187,50,0,0
BRDA:187,50,1,0
BRDA:188,51,0,0
BRDA:188,51,1,0
BRDA:190,52,0,0
BRDA:190,52,1,0
BRDA:192,53,0,0
BRDA:192,53,1,0
BRDA:194,54,0,0
BRDA:194,54,1,0
BRDA:198,55,0,0
BRDA:198,55,1,0
BRDA:199,56,0,0
BRDA:199,56,1,0
BRDA:208,57,0,0
BRDA:208,57,1,0
BRDA:211,58,0,0
BRDA:211,58,1,0
BRDA:215,59,0,0
BRDA:215,59,1,0
BRDA:216,60,0,0
BRDA:216,60,1,0
BRDA:217,61,0,0
BRDA:217,61,1,0
BRDA:218,62,0,0
BRDA:218,62,1,0
BRDA:219,63,0,0
BRDA:219,63,1,0
BRDA:219,63,2,0
BRDA:220,64,0,0
BRDA:220,64,1,0
BRDA:221,65,0,0
BRDA:221,65,1,0
BRDA:222,66,0,0
BRDA:222,66,1,0
BRDA:224,67,0,0
BRDA:224,67,1,0
BRDA:237,68,0,0
BRDA:237,68,1,0
BRDA:241,69,0,0
BRDA:241,69,1,0
BRDA:242,70,0,0
BRDA:242,70,1,0
BRDA:243,71,0,0
BRDA:243,71,1,0
BRDA:244,72,0,0
BRDA:244,72,1,0
BRDA:245,73,0,0
BRDA:245,73,1,0
BRDA:246,74,0,0
BRDA:246,74,1,0
BRDA:247,75,0,0
BRDA:247,75,1,0
BRDA:250,76,0,0
BRDA:250,76,1,0
BRDA:251,77,0,0
BRDA:251,77,1,0
BRDA:254,78,0,0
BRDA:254,78,1,0
BRDA:267,79,0,0
BRDA:267,79,1,0
BRDA:275,80,0,0
BRDA:275,80,1,0
BRDA:278,81,0,0
BRDA:278,81,1,0
BRDA:279,82,0,0
BRDA:279,82,1,0
BRDA:283,83,0,0
BRDA:283,83,1,0
BRDA:286,84,0,0
BRDA:286,84,1,0
BRDA:289,85,0,0
BRDA:289,85,1,0
BRDA:297,86,0,0
BRDA:297,86,1,0
BRDA:310,87,0,0
BRDA:310,87,1,0
BRDA:310,88,0,0
BRDA:310,88,1,0
BRDA:319,89,0,0
BRDA:319,89,1,0
BRDA:319,90,0,0
BRDA:319,90,1,0
BRDA:325,91,0,0
BRDA:325,91,1,0
BRDA:338,92,0,0
BRDA:338,92,1,0
BRDA:338,92,2,0
BRDA:338,92,3,0
BRDA:338,92,4,0
BRDA:338,92,5,0
BRDA:338,92,6,0
BRDA:338,92,7,0
BRDA:338,92,8,0
BRDA:377,93,0,0
BRDA:377,93,1,0
BRDA:382,94,0,0
BRDA:382,94,1,0
BRDA:389,95,0,0
BRDA:389,95,1,0
BRDA:389,96,0,0
BRDA:389,96,1,0
BRDA:398,97,0,0
BRDA:398,97,1,0
BRDA:408,98,0,0
BRDA:408,98,1,0
BRDA:409,99,0,0
BRDA:409,99,1,0
BRDA:464,100,0,0
BRDA:464,100,1,0
BRDA:468,101,0,0
BRDA:468,101,1,0
BRDA:472,102,0,0
BRDA:472,102,1,0
BRDA:472,102,2,0
BRDA:472,102,3,0
BRDA:472,102,4,0
BRDA:472,102,5,0
BRDA:472,102,6,0
BRDA:472,102,7,0
BRF:223
BRH:0
end_of_record
TN:
SF:src/components/game/GameLayout.jsx
FN:15,(anonymous_0)
FN:29,(anonymous_1)
FNF:2
FNH:0
FNDA:0,(anonymous_0)
FNDA:0,(anonymous_1)
DA:15,0
DA:29,0
DA:30,0
DA:32,0
DA:37,0
DA:42,0
DA:49,0
DA:56,0
DA:61,0
DA:66,0
DA:73,0
DA:75,0
DA:101,0
LF:13
LH:0
BRDA:18,0,0,0
BRDA:19,1,0,0
BRDA:20,2,0,0
BRDA:22,3,0,0
BRDA:23,4,0,0
BRDA:24,5,0,0
BRDA:26,6,0,0
BRDA:30,7,0,0
BRDA:30,7,1,0
BRDA:30,7,2,0
BRDA:30,7,3,0
BRDA:30,7,4,0
BRDA:30,7,5,0
BRDA:30,7,6,0
BRDA:43,8,0,0
BRDA:43,8,1,0
BRDA:44,9,0,0
BRDA:44,9,1,0
BRDA:51,10,0,0
BRDA:51,10,1,0
BRDA:81,11,0,0
BRDA:81,11,1,0
BRDA:88,12,0,0
BRDA:88,12,1,0
BRDA:88,13,0,0
BRDA:88,13,1,0
BRF:26
BRH:0
end_of_record
TN:
SF:src/components/game/GameOverUI.jsx
FN:7,GameOverUI
FN:9,(anonymous_1)
FN:16,(anonymous_2)
FN:21,(anonymous_3)
FN:32,(anonymous_4)
FN:37,parseGameDuration
FNF:6
FNH:0
FNDA:0,GameOverUI
FNDA:0,(anonymous_1)
FNDA:0,(anonymous_2)
FNDA:0,(anonymous_3)
FNDA:0,(anonymous_4)
FNDA:0,parseGameDuration
DA:9,0
DA:16,0
DA:17,0
DA:18,0
DA:21,0
DA:22,0
DA:25,0
DA:32,0
DA:38,0
DA:39,0
DA:40,0
DA:42,0
DA:45,0
DA:68,0
DA:84,0
LF:15
LH:0
BRDA:12,0,0,0
BRDA:12,0,1,0
BRDA:13,1,0,0
BRDA:13,1,1,0
BRDA:22,2,0,0
BRDA:22,2,1,0
BRDA:27,3,0,0
BRDA:27,3,1,0
BRDA:31,4,0,0
BRDA:31,4,1,0
BRDA:39,5,0,0
BRDA:39,5,1,0
BRF:12
BRH:0
end_of_record
TN:
SF:src/components/game/PreparationUI.jsx
FN:21,PreparationUI
FN:126,(anonymous_1)
FN:127,(anonymous_2)
FNF:3
FNH:0
FNDA:0,PreparationUI
FNDA:0,(anonymous_1)
FNDA:0,(anonymous_2)
DA:49,0
DA:74,0
DA:113,0
LF:3
LH:0
BRDA:23,0,0,0
BRDA:24,1,0,0
BRDA:25,2,0,0
BRDA:26,3,0,0
BRDA:29,4,0,0
BRDA:30,5,0,0
BRDA:31,6,0,0
BRDA:32,7,0,0
BRDA:33,8,0,0
BRDA:36,9,0,0
BRDA:37,10,0,0
BRDA:38,11,0,0
BRDA:39,12,0,0
BRDA:42,13,0,0
BRF:14
BRH:0
end_of_record
TN:
SF:src/components/game/RoundStartUI.jsx
FN:19,RoundStartUI
FNF:1
FNH:1
FNDA:11,RoundStartUI
DA:26,11
DA:36,1
DA:47,1
LF:3
LH:3
BRDA:21,0,0,1
BRDA:22,1,0,1
BRDA:23,2,0,1
BRF:3
BRH:3
end_of_record
TN:
SF:src/components/game/ScoringUI.jsx
FN:21,ScoringUI
FN:42,(anonymous_1)
FN:57,(anonymous_2)
FNF:3
FNH:0
FNDA:0,ScoringUI
FNDA:0,(anonymous_1)
FNDA:0,(anonymous_2)
DA:41,0
DA:42,0
DA:57,0
DA:77,0
DA:92,0
DA:127,0
LF:6
LH:0
BRDA:23,0,0,0
BRDA:24,1,0,0
BRDA:25,2,0,0
BRDA:26,3,0,0
BRDA:27,4,0,0
BRDA:28,5,0,0
BRDA:29,6,0,0
BRDA:32,7,0,0
BRDA:33,8,0,0
BRDA:41,9,0,0
BRDA:41,9,1,0
BRDA:44,10,0,0
BRDA:44,10,1,0
BRDA:45,11,0,0
BRDA:45,11,1,0
BRDA:48,12,0,0
BRDA:48,12,1,0
BRDA:49,13,0,0
BRDA:49,13,1,0
BRDA:52,14,0,0
BRDA:52,14,1,0
BRDA:54,15,0,0
BRDA:54,15,1,0
BRDA:54,15,2,0
BRDA:55,16,0,0
BRDA:55,16,1,0
BRDA:55,16,2,0
BRDA:59,17,0,0
BRDA:59,17,1,0
BRDA:60,18,0,0
BRDA:60,18,1,0
BRDA:63,19,0,0
BRDA:63,19,1,0
BRDA:67,20,0,0
BRDA:67,20,1,0
BRDA:68,21,0,0
BRDA:68,21,1,0
BRDA:73,22,0,0
BRDA:73,22,1,0
BRDA:74,23,0,0
BRDA:74,23,1,0
BRF:41
BRH:0
end_of_record
TN:
SF:src/components/game/TurnResultsUI.jsx
FN:17,TurnResultsUI
FN:44,(anonymous_1)
FN:57,(anonymous_2)
FN:60,(anonymous_3)
FN:71,(anonymous_4)
FNF:5
FNH:0
FNDA:0,TurnResultsUI
FNDA:0,(anonymous_1)
FNDA:0,(anonymous_2)
FNDA:0,(anonymous_3)
FNDA:0,(anonymous_4)
DA:34,0
DA:38,0
DA:44,0
DA:45,0
DA:57,0
DA:59,0
DA:60,0
DA:62,0
DA:70,0
DA:71,0
DA:73,0
DA:75,0
DA:77,0
DA:86,0
DA:103,0
LF:15
LH:0
BRDA:19,0,0,0
BRDA:20,1,0,0
BRDA:21,2,0,0
BRDA:22,3,0,0
BRDA:23,4,0,0
BRDA:24,5,0,0
BRDA:25,6,0,0
BRDA:26,7,0,0
BRDA:27,8,0,0
BRDA:28,9,0,0
BRDA:34,10,0,0
BRDA:34,10,1,0
BRDA:49,11,0,0
BRDA:49,11,1,0
BRDA:52,12,0,0
BRDA:52,12,1,0
BRDA:53,13,0,0
BRDA:53,13,1,0
BRDA:65,14,0,0
BRDA:65,14,1,0
BRDA:65,14,2,0
BRDA:71,15,0,0
BRDA:71,15,1,0
BRDA:73,16,0,0
BRDA:73,16,1,0
BRDA:75,17,0,0
BRDA:75,17,1,0
BRDA:75,17,2,0
BRDA:75,17,3,0
BRF:29
BRH:0
end_of_record
TN:
SF:src/components/game/TurnUI.jsx
FN:17,TurnUI
FN:49,(anonymous_1)
FN:61,(anonymous_2)
FN:71,(anonymous_3)
FN:73,(anonymous_4)
FN:94,(anonymous_5)
FN:106,(anonymous_6)
FNF:7
FNH:0
FNDA:0,TurnUI
FNDA:0,(anonymous_1)
FNDA:0,(anonymous_2)
FNDA:0,(anonymous_3)
FNDA:0,(anonymous_4)
FNDA:0,(anonymous_5)
FNDA:0,(anonymous_6)
DA:42,0
DA:43,0
DA:49,0
DA:50,0
DA:61,0
DA:62,0
DA:64,0
DA:70,0
DA:72,0
DA:73,0
DA:75,0
DA:76,0
DA:78,0
DA:79,0
DA:86,0
DA:88,0
DA:89,0
DA:93,0
DA:94,0
DA:95,0
DA:103,0
DA:106,0
DA:111,0
DA:114,0
DA:134,0
LF:25
LH:0
BRDA:19,0,0,0
BRDA:20,1,0,0
BRDA:21,2,0,0
BRDA:22,3,0,0
BRDA:23,4,0,0
BRDA:24,5,0,0
BRDA:25,6,0,0
BRDA:26,7,0,0
BRDA:27,8,0,0
BRDA:28,9,0,0
BRDA:29,10,0,0
BRDA:30,11,0,0
BRDA:31,12,0,0
BRDA:34,13,0,0
BRDA:35,14,0,0
BRDA:54,15,0,0
BRDA:54,15,1,0
BRDA:56,16,0,0
BRDA:56,16,1,0
BRDA:57,17,0,0
BRDA:57,17,1,0
BRDA:62,18,0,0
BRDA:62,18,1,0
BRDA:62,19,0,0
BRDA:62,19,1,0
BRDA:62,19,2,0
BRDA:64,20,0,0
BRDA:64,20,1,0
BRDA:70,21,0,0
BRDA:70,21,1,0
BRDA:75,22,0,0
BRDA:75,22,1,0
BRDA:78,23,0,0
BRDA:78,23,1,0
BRDA:78,23,2,0
BRDA:96,24,0,0
BRDA:96,24,1,0
BRDA:97,25,0,0
BRDA:97,25,1,0
BRDA:103,26,0,0
BRDA:103,26,1,0
BRDA:106,27,0,0
BRDA:106,27,1,0
BRDA:106,27,2,0
BRDA:111,28,0,0
BRDA:111,28,1,0
BRF:46
BRH:0
end_of_record
TN:
SF:src/components/game/WaitingUI.jsx
FN:22,WaitingUI
FN:93,(anonymous_1)
FN:136,getPhaseIcon
FN:153,getPhaseTitle
FN:170,getConnectionStatus
FNF:5
FNH:0
FNDA:0,WaitingUI
FNDA:0,(anonymous_1)
FNDA:0,getPhaseIcon
FNDA:0,getPhaseTitle
FNDA:0,getConnectionStatus
DA:37,0
DA:94,0
DA:137,0
DA:139,0
DA:141,0
DA:143,0
DA:145,0
DA:147,0
DA:149,0
DA:154,0
DA:156,0
DA:158,0
DA:160,0
DA:162,0
DA:164,0
DA:166,0
DA:171,0
DA:172,0
DA:173,0
DA:174,0
DA:175,0
DA:179,0
DA:201,0
LF:23
LH:0
BRDA:30,0,0,0
BRDA:31,1,0,0
BRDA:62,2,0,0
BRDA:62,2,1,0
BRDA:62,2,2,0
BRDA:65,3,0,0
BRDA:65,3,1,0
BRDA:71,4,0,0
BRDA:71,4,1,0
BRDA:77,5,0,0
BRDA:77,5,1,0
BRDA:90,6,0,0
BRDA:90,6,1,0
BRDA:90,6,2,0
BRDA:90,6,3,0
BRDA:119,7,0,0
BRDA:119,7,1,0
BRDA:137,8,0,0
BRDA:137,8,1,0
BRDA:137,8,2,0
BRDA:137,8,3,0
BRDA:137,8,4,0
BRDA:137,8,5,0
BRDA:154,9,0,0
BRDA:154,9,1,0
BRDA:154,9,2,0
BRDA:154,9,3,0
BRDA:154,9,4,0
BRDA:154,9,5,0
BRDA:171,10,0,0
BRDA:171,10,1,0
BRDA:172,11,0,0
BRDA:172,11,1,0
BRDA:173,12,0,0
BRDA:173,12,1,0
BRDA:174,13,0,0
BRDA:174,13,1,0
BRF:37
BRH:0
end_of_record
TN:
SF:src/components/game/index.js
FNF:0
FNH:0
LF:0
LH:0
BRF:0
BRH:0
end_of_record
TN:
SF:src/components/game/content/DeclarationContent.jsx
FN:14,(anonymous_0)
FN:32,(anonymous_1)
FN:42,(anonymous_2)
FN:73,(anonymous_3)
FN:91,(anonymous_4)
FN:96,(anonymous_5)
FN:121,(anonymous_6)
FN:128,(anonymous_7)
FN:135,(anonymous_8)
FN:148,(anonymous_9)
FN:193,(anonymous_10)
FN:201,(anonymous_11)
FNF:12
FNH:0
FNDA:0,(anonymous_0)
FNDA:0,(anonymous_1)
FNDA:0,(anonymous_2)
FNDA:0,(anonymous_3)
FNDA:0,(anonymous_4)
FNDA:0,(anonymous_5)
FNDA:0,(anonymous_6)
FNDA:0,(anonymous_7)
FNDA:0,(anonymous_8)
FNDA:0,(anonymous_9)
FNDA:0,(anonymous_10)
FNDA:0,(anonymous_11)
DA:14,0
DA:25,0
DA:26,0
DA:29,0
DA:32,0
DA:33,0
DA:34,0
DA:36,0
DA:37,0
DA:42,0
DA:43,0
DA:49,0
DA:50,0
DA:52,0
DA:54,0
DA:55,0
DA:56,0
DA:57,0
DA:62,0
DA:63,0
DA:64,0
DA:67,0
DA:70,0
DA:73,0
DA:75,0
DA:77,0
DA:79,0
DA:80,0
DA:84,0
DA:85,0
DA:91,0
DA:92,0
DA:93,0
DA:94,0
DA:96,0
DA:97,0
DA:98,0
DA:99,0
DA:102,0
DA:107,0
DA:113,0
DA:121,0
DA:122,0
DA:123,0
DA:128,0
DA:129,0
DA:130,0
DA:135,0
DA:136,0
DA:139,0
DA:151,0
DA:153,0
DA:155,0
DA:156,0
DA:157,0
DA:159,0
DA:194,0
DA:195,0
DA:197,0
DA:201,0
DA:230,0
LF:61
LH:0
BRDA:15,0,0,0
BRDA:16,1,0,0
BRDA:17,2,0,0
BRDA:18,3,0,0
BRDA:19,4,0,0
BRDA:20,5,0,0
BRDA:21,6,0,0
BRDA:22,7,0,0
BRDA:33,8,0,0
BRDA:33,8,1,0
BRDA:52,9,0,0
BRDA:52,9,1,0
BRDA:55,10,0,0
BRDA:55,10,1,0
BRDA:55,11,0,0
BRDA:55,11,1,0
BRDA:62,12,0,0
BRDA:62,12,1,0
BRDA:75,13,0,0
BRDA:75,13,1,0
BRDA:79,14,0,0
BRDA:79,14,1,0
BRDA:84,15,0,0
BRDA:84,15,1,0
BRDA:84,16,0,0
BRDA:84,16,1,0
BRDA:92,17,0,0
BRDA:92,17,1,0
BRDA:94,18,0,0
BRDA:94,18,1,0
BRDA:97,19,0,0
BRDA:97,19,1,0
BRDA:102,20,0,0
BRDA:102,20,1,0
BRDA:103,21,0,0
BRDA:103,21,1,0
BRDA:103,21,2,0
BRDA:122,22,0,0
BRDA:122,22,1,0
BRDA:129,23,0,0
BRDA:129,23,1,0
BRDA:129,24,0,0
BRDA:129,24,1,0
BRDA:151,25,0,0
BRDA:151,25,1,0
BRDA:162,26,0,0
BRDA:162,26,1,0
BRDA:162,27,0,0
BRDA:162,27,1,0
BRDA:172,28,0,0
BRDA:172,28,1,0
BRDA:176,29,0,0
BRDA:176,29,1,0
BRDA:191,30,0,0
BRDA:191,30,1,0
BRDA:200,31,0,0
BRDA:200,31,1,0
BRDA:200,32,0,0
BRDA:200,32,1,0
BRF:59
BRH:0
end_of_record
TN:
SF:src/components/game/content/GameOverContent.jsx
FN:6,(anonymous_0)
FN:14,(anonymous_1)
FN:51,(anonymous_2)
FN:58,(anonymous_3)
FN:72,(anonymous_4)
FN:79,(anonymous_5)
FN:103,(anonymous_6)
FNF:7
FNH:7
FNDA:28,(anonymous_0)
FNDA:28,(anonymous_1)
FNDA:126,(anonymous_2)
FNDA:105,(anonymous_3)
FNDA:4,(anonymous_4)
FNDA:26,(anonymous_5)
FNDA:105,(anonymous_6)
DA:6,1
DA:14,28
DA:15,28
DA:16,28
DA:24,28
DA:26,28
DA:27,1400
DA:28,1400
DA:29,1400
DA:30,1400
DA:31,1400
DA:33,1400
DA:47,28
DA:51,28
DA:52,126
DA:53,126
DA:54,126
DA:58,28
DA:59,105
DA:61,27
DA:63,26
DA:65,26
DA:67,26
DA:72,28
DA:73,4
DA:74,4
DA:79,28
DA:80,26
DA:81,26
DA:84,28
DA:104,105
DA:105,105
DA:106,105
DA:108,105
DA:179,1
LF:35
LH:35
BRDA:52,0,0,126
BRDA:52,0,1,2
BRDA:53,1,0,126
BRDA:53,1,1,1
BRDA:59,2,0,27
BRDA:59,2,1,26
BRDA:59,2,2,26
BRDA:59,2,3,26
BRDA:73,3,0,4
BRDA:73,3,1,0
BRDA:96,4,0,28
BRDA:96,4,1,1
BRDA:106,5,0,105
BRDA:106,5,1,2
BRDA:111,6,0,105
BRDA:111,6,1,79
BRDA:115,7,0,75
BRDA:115,7,1,30
BRDA:116,8,0,50
BRDA:116,8,1,25
BRDA:128,9,0,28
BRDA:128,9,1,26
BRDA:131,10,0,26
BRDA:131,10,1,26
BRDA:139,11,0,26
BRDA:139,11,1,26
BRDA:145,12,0,26
BRDA:145,12,1,26
BRF:28
BRH:27
end_of_record
TN:
SF:src/components/game/content/PreparationContent.jsx
FN:14,(anonymous_0)
FN:37,(anonymous_1)
FN:38,(anonymous_2)
FN:42,(anonymous_3)
FN:48,(anonymous_4)
FN:53,(anonymous_5)
FN:58,(anonymous_6)
FN:60,(anonymous_7)
FN:64,(anonymous_8)
FN:71,(anonymous_9)
FNF:10
FNH:0
FNDA:0,(anonymous_0)
FNDA:0,(anonymous_1)
FNDA:0,(anonymous_2)
FNDA:0,(anonymous_3)
FNDA:0,(anonymous_4)
FNDA:0,(anonymous_5)
FNDA:0,(anonymous_6)
FNDA:0,(anonymous_7)
FNDA:0,(anonymous_8)
FNDA:0,(anonymous_9)
DA:14,0
DA:32,0
DA:33,0
DA:34,0
DA:37,0
DA:38,0
DA:39,0
DA:42,0
DA:43,0
DA:48,0
DA:49,0
DA:51,0
DA:53,0
DA:58,0
DA:59,0
DA:60,0
DA:61,0
DA:64,0
DA:65,0
DA:71,0
DA:72,0
DA:74,0
DA:78,0
DA:79,0
DA:81,0
DA:84,0
DA:88,0
DA:91,0
DA:176,0
LF:29
LH:0
BRDA:15,0,0,0
BRDA:16,1,0,0
BRDA:17,2,0,0
BRDA:18,3,0,0
BRDA:20,4,0,0
BRDA:21,5,0,0
BRDA:22,6,0,0
BRDA:23,7,0,0
BRDA:24,8,0,0
BRDA:25,9,0,0
BRDA:26,10,0,0
BRDA:27,11,0,0
BRDA:28,12,0,0
BRDA:49,13,0,0
BRDA:49,13,1,0
BRDA:49,14,0,0
BRDA:49,14,1,0
BRDA:59,15,0,0
BRDA:59,15,1,0
BRDA:72,16,0,0
BRDA:72,16,1,0
BRDA:72,16,2,0
BRDA:74,17,0,0
BRDA:74,17,1,0
BRDA:74,18,0,0
BRDA:74,18,1,0
BRDA:78,19,0,0
BRDA:78,19,1,0
BRDA:79,20,0,0
BRDA:79,20,1,0
BRDA:95,21,0,0
BRDA:95,21,1,0
BRDA:95,22,0,0
BRDA:95,22,1,0
BRDA:104,23,0,0
BRDA:104,23,1,0
BRDA:119,24,0,0
BRDA:119,24,1,0
BRDA:147,25,0,0
BRDA:147,25,1,0
BRDA:147,25,2,0
BRDA:147,25,3,0
BRF:42
BRH:0
end_of_record
TN:
SF:src/components/game/content/RoundStartContent.jsx
FN:13,(anonymous_0)
FN:15,(anonymous_1)
FN:47,(anonymous_2)
FNF:3
FNH:2
FNDA:17,(anonymous_0)
FNDA:17,(anonymous_1)
FNDA:0,(anonymous_2)
DA:13,1
DA:15,17
DA:16,17
DA:18,6
DA:20,3
DA:22,2
DA:24,6
DA:28,17
DA:55,1
LF:9
LH:9
BRDA:16,0,0,6
BRDA:16,0,1,3
BRDA:16,0,2,2
BRDA:16,0,3,6
BRF:4
BRH:4
end_of_record
TN:
SF:src/components/game/content/ScoringContent.jsx
FN:17,(anonymous_0)
FN:26,(anonymous_1)
FN:33,(anonymous_2)
FN:39,(anonymous_3)
FN:46,(anonymous_4)
FN:54,(anonymous_5)
FN:62,(anonymous_6)
FN:73,(anonymous_7)
FN:74,(anonymous_8)
FNF:9
FNH:0
FNDA:0,(anonymous_0)
FNDA:0,(anonymous_1)
FNDA:0,(anonymous_2)
FNDA:0,(anonymous_3)
FNDA:0,(anonymous_4)
FNDA:0,(anonymous_5)
FNDA:0,(anonymous_6)
FNDA:0,(anonymous_7)
FNDA:0,(anonymous_8)
DA:17,0
DA:26,0
DA:27,0
DA:28,0
DA:29,0
DA:33,0
DA:34,0
DA:35,0
DA:39,0
DA:40,0
DA:41,0
DA:42,0
DA:46,0
DA:48,0
DA:49,0
DA:50,0
DA:54,0
DA:56,0
DA:57,0
DA:58,0
DA:62,0
DA:63,0
DA:64,0
DA:65,0
DA:66,0
DA:69,0
DA:74,0
DA:78,0
DA:170,0
LF:29
LH:0
BRDA:18,0,0,0
BRDA:19,1,0,0
BRDA:20,2,0,0
BRDA:21,3,0,0
BRDA:22,4,0,0
BRDA:27,5,0,0
BRDA:27,5,1,0
BRDA:28,6,0,0
BRDA:28,6,1,0
BRDA:34,7,0,0
BRDA:34,7,1,0
BRDA:40,8,0,0
BRDA:40,8,1,0
BRDA:40,9,0,0
BRDA:40,9,1,0
BRDA:41,10,0,0
BRDA:41,10,1,0
BRDA:48,11,0,0
BRDA:48,11,1,0
BRDA:48,12,0,0
BRDA:48,12,1,0
BRDA:49,13,0,0
BRDA:49,13,1,0
BRDA:56,14,0,0
BRDA:56,14,1,0
BRDA:56,15,0,0
BRDA:56,15,1,0
BRDA:57,16,0,0
BRDA:57,16,1,0
BRDA:63,17,0,0
BRDA:63,17,1,0
BRDA:63,18,0,0
BRDA:63,18,1,0
BRDA:64,19,0,0
BRDA:64,19,1,0
BRDA:65,20,0,0
BRDA:65,20,1,0
BRDA:74,21,0,0
BRDA:74,21,1,0
BRDA:90,22,0,0
BRDA:90,22,1,0
BRDA:115,23,0,0
BRDA:115,23,1,0
BRDA:131,24,0,0
BRDA:131,24,1,0
BRF:45
BRH:0
end_of_record
TN:
SF:src/components/game/content/TurnContent.jsx
FN:22,(anonymous_0)
FN:47,(anonymous_1)
FN:50,(anonymous_2)
FN:51,(anonymous_3)
FN:61,(anonymous_4)
FN:66,(anonymous_5)
FN:69,(anonymous_6)
FN:80,(anonymous_7)
FN:98,(anonymous_8)
FN:103,(anonymous_9)
FN:109,(anonymous_10)
FN:114,(anonymous_11)
FN:116,(anonymous_12)
FN:117,(anonymous_13)
FN:149,(anonymous_14)
FN:154,(anonymous_15)
FN:165,(anonymous_16)
FN:167,(anonymous_17)
FN:174,(anonymous_18)
FN:182,(anonymous_19)
FN:187,(anonymous_20)
FN:195,(anonymous_21)
FN:227,(anonymous_22)
FN:238,(anonymous_23)
FN:268,(anonymous_24)
FN:303,(anonymous_25)
FN:317,(anonymous_26)
FNF:27
FNH:0
FNDA:0,(anonymous_0)
FNDA:0,(anonymous_1)
FNDA:0,(anonymous_2)
FNDA:0,(anonymous_3)
FNDA:0,(anonymous_4)
FNDA:0,(anonymous_5)
FNDA:0,(anonymous_6)
FNDA:0,(anonymous_7)
FNDA:0,(anonymous_8)
FNDA:0,(anonymous_9)
FNDA:0,(anonymous_10)
FNDA:0,(anonymous_11)
FNDA:0,(anonymous_12)
FNDA:0,(anonymous_13)
FNDA:0,(anonymous_14)
FNDA:0,(anonymous_15)
FNDA:0,(anonymous_16)
FNDA:0,(anonymous_17)
FNDA:0,(anonymous_18)
FNDA:0,(anonymous_19)
FNDA:0,(anonymous_20)
FNDA:0,(anonymous_21)
FNDA:0,(anonymous_22)
FNDA:0,(anonymous_23)
FNDA:0,(anonymous_24)
FNDA:0,(anonymous_25)
FNDA:0,(anonymous_26)
DA:22,0
DA:38,0
DA:39,0
DA:40,0
DA:41,0
DA:44,0
DA:47,0
DA:50,0
DA:51,0
DA:52,0
DA:55,0
DA:56,0
DA:57,0
DA:61,0
DA:62,0
DA:66,0
DA:68,0
DA:69,0
DA:74,0
DA:76,0
DA:77,0
DA:80,0
DA:81,0
DA:88,0
DA:94,0
DA:95,0
DA:98,0
DA:103,0
DA:104,0
DA:105,0
DA:109,0
DA:110,0
DA:112,0
DA:114,0
DA:116,0
DA:117,0
DA:123,0
DA:124,0
DA:132,0
DA:134,0
DA:138,0
DA:140,0
DA:144,0
DA:149,0
DA:150,0
DA:154,0
DA:155,0
DA:156,0
DA:158,0
DA:159,0
DA:161,0
DA:165,0
DA:166,0
DA:167,0
DA:168,0
DA:169,0
DA:174,0
DA:175,0
DA:176,0
DA:177,0
DA:182,0
DA:183,0
DA:187,0
DA:188,0
DA:189,0
DA:190,0
DA:191,0
DA:195,0
DA:196,0
DA:197,0
DA:200,0
DA:201,0
DA:204,0
DA:210,0
DA:212,0
DA:228,0
DA:229,0
DA:230,0
DA:232,0
DA:239,0
DA:240,0
DA:242,0
DA:244,0
DA:246,0
DA:269,0
DA:270,0
DA:271,0
DA:272,0
DA:273,0
DA:274,0
DA:277,0
DA:279,0
DA:304,0
DA:319,0
DA:322,0
DA:323,0
DA:324,0
DA:325,0
DA:330,0
DA:334,0
DA:337,0
DA:339,0
DA:340,0
DA:344,0
DA:346,0
DA:348,0
DA:349,0
DA:351,0
DA:355,0
DA:356,0
DA:361,0
DA:391,0
LF:112
LH:0
BRDA:23,0,0,0
BRDA:24,1,0,0
BRDA:25,2,0,0
BRDA:26,3,0,0
BRDA:27,4,0,0
BRDA:28,5,0,0
BRDA:29,6,0,0
BRDA:30,7,0,0
BRDA:31,8,0,0
BRDA:32,9,0,0
BRDA:33,10,0,0
BRDA:34,11,0,0
BRDA:52,12,0,0
BRDA:52,12,1,0
BRDA:62,13,0,0
BRDA:62,13,1,0
BRDA:74,14,0,0
BRDA:74,14,1,0
BRDA:76,15,0,0
BRDA:76,15,1,0
BRDA:110,16,0,0
BRDA:110,16,1,0
BRDA:116,17,0,0
BRDA:116,17,1,0
BRDA:123,18,0,0
BRDA:123,18,1,0
BRDA:132,19,0,0
BRDA:132,19,1,0
BRDA:132,20,0,0
BRDA:132,20,1,0
BRDA:138,21,0,0
BRDA:138,21,1,0
BRDA:138,22,0,0
BRDA:138,22,1,0
BRDA:155,23,0,0
BRDA:155,23,1,0
BRDA:158,24,0,0
BRDA:158,24,1,0
BRDA:158,25,0,0
BRDA:158,25,1,0
BRDA:166,26,0,0
BRDA:166,26,1,0
BRDA:166,27,0,0
BRDA:166,27,1,0
BRDA:175,28,0,0
BRDA:175,28,1,0
BRDA:175,29,0,0
BRDA:175,29,1,0
BRDA:183,30,0,0
BRDA:183,30,1,0
BRDA:188,31,0,0
BRDA:188,31,1,0
BRDA:188,32,0,0
BRDA:188,32,1,0
BRDA:189,33,0,0
BRDA:189,33,1,0
BRDA:189,34,0,0
BRDA:189,34,1,0
BRDA:190,35,0,0
BRDA:190,35,1,0
BRDA:196,36,0,0
BRDA:196,36,1,0
BRDA:200,37,0,0
BRDA:200,37,1,0
BRDA:206,38,0,0
BRDA:206,38,1,0
BRDA:229,39,0,0
BRDA:229,39,1,0
BRDA:233,40,0,0
BRDA:233,40,1,0
BRDA:236,41,0,0
BRDA:236,41,1,0
BRDA:242,42,0,0
BRDA:242,42,1,0
BRDA:254,43,0,0
BRDA:254,43,1,0
BRDA:256,44,0,0
BRDA:256,44,1,0
BRDA:271,45,0,0
BRDA:271,45,1,0
BRDA:273,46,0,0
BRDA:273,46,1,0
BRDA:277,47,0,0
BRDA:277,47,1,0
BRDA:282,48,0,0
BRDA:282,48,1,0
BRDA:282,49,0,0
BRDA:282,49,1,0
BRDA:282,50,0,0
BRDA:282,50,1,0
BRDA:314,51,0,0
BRDA:314,51,1,0
BRDA:319,52,0,0
BRDA:319,52,1,0
BRDA:322,53,0,0
BRDA:322,53,1,0
BRDA:323,54,0,0
BRDA:323,54,1,0
BRDA:325,55,0,0
BRDA:325,55,1,0
BRDA:334,56,0,0
BRDA:334,56,1,0
BRDA:337,57,0,0
BRDA:337,57,1,0
BRDA:339,58,0,0
BRDA:339,58,1,0
BRDA:346,59,0,0
BRDA:346,59,1,0
BRDA:348,60,0,0
BRDA:348,60,1,0
BRDA:355,61,0,0
BRDA:355,61,1,0
BRDA:382,62,0,0
BRDA:382,62,1,0
BRDA:384,63,0,0
BRDA:384,63,1,0
BRF:116
BRH:0
end_of_record
TN:
SF:src/components/game/content/TurnResultsContent.jsx
FN:20,(anonymous_0)
FN:38,(anonymous_1)
FN:40,(anonymous_2)
FN:54,(anonymous_3)
FN:56,(anonymous_4)
FN:59,(anonymous_5)
FN:81,(anonymous_6)
FN:84,(anonymous_7)
FN:101,(anonymous_8)
FN:113,(anonymous_9)
FN:143,(anonymous_10)
FN:151,(anonymous_11)
FN:172,(anonymous_12)
FN:181,(anonymous_13)
FN:202,(anonymous_14)
FN:210,(anonymous_15)
FNF:16
FNH:0
FNDA:0,(anonymous_0)
FNDA:0,(anonymous_1)
FNDA:0,(anonymous_2)
FNDA:0,(anonymous_3)
FNDA:0,(anonymous_4)
FNDA:0,(anonymous_5)
FNDA:0,(anonymous_6)
FNDA:0,(anonymous_7)
FNDA:0,(anonymous_8)
FNDA:0,(anonymous_9)
FNDA:0,(anonymous_10)
FNDA:0,(anonymous_11)
FNDA:0,(anonymous_12)
FNDA:0,(anonymous_13)
FNDA:0,(anonymous_14)
FNDA:0,(anonymous_15)
DA:20,0
DA:33,0
DA:37,0
DA:39,0
DA:40,0
DA:42,0
DA:43,0
DA:50,0
DA:54,0
DA:56,0
DA:58,0
DA:59,0
DA:60,0
DA:64,0
DA:71,0
DA:77,0
DA:78,0
DA:81,0
DA:84,0
DA:85,0
DA:86,0
DA:91,0
DA:98,0
DA:101,0
DA:102,0
DA:103,0
DA:104,0
DA:105,0
DA:108,0
DA:114,0
DA:115,0
DA:116,0
DA:118,0
DA:144,0
DA:145,0
DA:147,0
DA:149,0
DA:151,0
DA:154,0
DA:173,0
DA:174,0
DA:175,0
DA:177,0
DA:179,0
DA:181,0
DA:184,0
DA:203,0
DA:204,0
DA:206,0
DA:208,0
DA:210,0
DA:213,0
DA:250,0
LF:53
LH:0
BRDA:21,0,0,0
BRDA:22,1,0,0
BRDA:23,2,0,0
BRDA:24,3,0,0
BRDA:25,4,0,0
BRDA:26,5,0,0
BRDA:27,6,0,0
BRDA:28,7,0,0
BRDA:29,8,0,0
BRDA:30,9,0,0
BRDA:37,10,0,0
BRDA:37,10,1,0
BRDA:40,11,0,0
BRDA:40,11,1,0
BRDA:42,12,0,0
BRDA:42,12,1,0
BRDA:74,13,0,0
BRDA:74,13,1,0
BRDA:85,14,0,0
BRDA:85,14,1,0
BRDA:102,15,0,0
BRDA:102,15,1,0
BRDA:102,16,0,0
BRDA:102,16,1,0
BRDA:103,17,0,0
BRDA:103,17,1,0
BRDA:103,18,0,0
BRDA:103,18,1,0
BRDA:104,19,0,0
BRDA:104,19,1,0
BRDA:121,20,0,0
BRDA:121,20,1,0
BRDA:126,21,0,0
BRDA:126,21,1,0
BRDA:126,22,0,0
BRDA:126,22,1,0
BRDA:128,23,0,0
BRDA:128,23,1,0
BRDA:129,24,0,0
BRDA:129,24,1,0
BRDA:133,25,0,0
BRDA:133,25,1,0
BRDA:135,26,0,0
BRDA:135,26,1,0
BRDA:137,27,0,0
BRDA:137,27,1,0
BRDA:147,28,0,0
BRDA:147,28,1,0
BRDA:161,29,0,0
BRDA:161,29,1,0
BRDA:163,30,0,0
BRDA:163,30,1,0
BRDA:177,31,0,0
BRDA:177,31,1,0
BRDA:191,32,0,0
BRDA:191,32,1,0
BRDA:193,33,0,0
BRDA:193,33,1,0
BRDA:206,34,0,0
BRDA:206,34,1,0
BRDA:220,35,0,0
BRDA:220,35,1,0
BRDA:222,36,0,0
BRDA:222,36,1,0
BRF:64
BRH:0
end_of_record
TN:
SF:src/components/game/shared/FooterTimer.jsx
FN:17,(anonymous_0)
FN:28,(anonymous_1)
FN:29,(anonymous_2)
FN:30,(anonymous_3)
FN:42,(anonymous_4)
FNF:5
FNH:3
FNDA:17,(anonymous_0)
FNDA:17,(anonymous_1)
FNDA:0,(anonymous_2)
FNDA:0,(anonymous_3)
FNDA:17,(anonymous_4)
DA:17,1
DA:25,17
DA:28,17
DA:29,17
DA:30,0
DA:31,0
DA:32,0
DA:33,0
DA:34,0
DA:36,0
DA:38,0
DA:42,17
DA:46,17
DA:54,17
DA:65,1
LF:15
LH:8
BRDA:18,0,0,0
BRDA:20,1,0,0
BRDA:21,2,0,17
BRDA:22,3,0,0
BRDA:23,4,0,17
BRDA:31,5,0,0
BRDA:31,5,1,0
BRDA:33,6,0,0
BRDA:33,6,1,0
BRDA:57,7,0,17
BRDA:57,7,1,17
BRDA:59,8,0,17
BRDA:59,8,1,17
BRF:13
BRH:6
end_of_record
TN:
SF:src/components/game/shared/GamePiece.jsx
FN:26,(anonymous_0)
FNF:1
FNH:0
FNDA:0,(anonymous_0)
DA:26,2
DA:39,0
DA:53,0
DA:54,0
DA:55,0
DA:57,0
DA:58,0
DA:62,0
DA:63,0
DA:83,0
DA:93,2
LF:11
LH:2
BRDA:28,0,0,0
BRDA:29,1,0,0
BRDA:30,2,0,0
BRDA:31,3,0,0
BRDA:32,4,0,0
BRDA:33,5,0,0
BRDA:35,6,0,0
BRDA:44,7,0,0
BRDA:44,7,1,0
BRDA:45,8,0,0
BRDA:45,8,1,0
BRDA:46,9,0,0
BRDA:46,9,1,0
BRDA:54,10,0,0
BRDA:54,10,1,0
BRDA:57,11,0,0
BRDA:57,11,1,0
BRDA:57,12,0,0
BRDA:57,12,1,0
BRDA:62,13,0,0
BRDA:62,13,1,0
BRDA:69,14,0,0
BRDA:69,14,1,0
BRDA:86,15,0,0
BRDA:86,15,1,0
BRF:25
BRH:0
end_of_record
TN:
SF:src/components/game/shared/PieceTray.jsx
FN:19,(anonymous_0)
FN:40,(anonymous_1)
FN:47,(anonymous_2)
FN:53,(anonymous_3)
FN:60,(anonymous_4)
FN:88,(anonymous_5)
FNF:6
FNH:0
FNDA:0,(anonymous_0)
FNDA:0,(anonymous_1)
FNDA:0,(anonymous_2)
FNDA:0,(anonymous_3)
FNDA:0,(anonymous_4)
FNDA:0,(anonymous_5)
DA:19,2
DA:30,0
DA:40,0
DA:41,0
DA:42,0
DA:47,0
DA:48,0
DA:51,0
DA:52,0
DA:53,0
DA:57,0
DA:61,0
DA:62,0
DA:65,0
DA:66,0
DA:67,0
DA:68,0
DA:69,0
DA:73,0
DA:79,0
DA:88,0
DA:99,2
LF:22
LH:2
BRDA:20,0,0,0
BRDA:21,1,0,0
BRDA:23,2,0,0
BRDA:24,3,0,0
BRDA:25,4,0,0
BRDA:26,5,0,0
BRDA:27,6,0,0
BRDA:32,7,0,0
BRDA:32,7,1,0
BRDA:33,8,0,0
BRDA:33,8,1,0
BRDA:41,9,0,0
BRDA:41,9,1,0
BRDA:48,10,0,0
BRDA:48,10,1,0
BRDA:53,11,0,0
BRDA:53,11,1,0
BRDA:66,12,0,0
BRDA:66,12,1,0
BRDA:66,13,0,0
BRDA:66,13,1,0
BRDA:68,14,0,0
BRDA:68,14,1,0
BRDA:73,15,0,0
BRDA:73,15,1,0
BRDA:74,16,0,0
BRDA:74,16,1,0
BRDA:88,17,0,0
BRDA:88,17,1,0
BRF:29
BRH:0
end_of_record
TN:
SF:src/components/game/shared/PlayerAvatar.jsx
FN:14,(anonymous_0)
FN:16,(anonymous_1)
FN:22,(anonymous_2)
FNF:3
FNH:0
FNDA:0,(anonymous_0)
FNDA:0,(anonymous_1)
FNDA:0,(anonymous_2)
DA:14,2
DA:16,0
DA:17,0
DA:18,0
DA:22,0
DA:23,0
DA:25,0
DA:27,0
DA:29,0
DA:33,0
DA:40,2
LF:11
LH:2
BRDA:14,0,0,0
BRDA:14,1,0,0
BRDA:17,2,0,0
BRDA:17,2,1,0
BRDA:17,3,0,0
BRDA:17,3,1,0
BRDA:23,4,0,0
BRDA:23,4,1,0
BRDA:23,4,2,0
BRF:9
BRH:0
end_of_record
TN:
SF:src/components/game/shared/index.js
FNF:0
FNH:0
LF:0
LH:0
BRF:0
BRH:0
end_of_record
TN:
SF:src/contexts/AppContext.jsx
FN:7,(anonymous_0)
FN:15,(anonymous_1)
FN:23,(anonymous_2)
FN:37,(anonymous_3)
FN:46,(anonymous_4)
FN:55,(anonymous_5)
FN:99,(anonymous_6)
FN:100,(anonymous_7)
FN:101,(anonymous_8)
FN:102,(anonymous_9)
FN:105,(anonymous_10)
FN:117,(anonymous_11)
FN:124,(anonymous_12)
FN:130,(anonymous_13)
FN:135,(anonymous_14)
FNF:15
FNH:0
FNDA:0,(anonymous_0)
FNDA:0,(anonymous_1)
FNDA:0,(anonymous_2)
FNDA:0,(anonymous_3)
FNDA:0,(anonymous_4)
FNDA:0,(anonymous_5)
FNDA:0,(anonymous_6)
FNDA:0,(anonymous_7)
FNDA:0,(anonymous_8)
FNDA:0,(anonymous_9)
FNDA:0,(anonymous_10)
FNDA:0,(anonymous_11)
FNDA:0,(anonymous_12)
FNDA:0,(anonymous_13)
FNDA:0,(anonymous_14)
DA:5,0
DA:7,0
DA:8,0
DA:9,0
DA:10,0
DA:12,0
DA:15,0
DA:16,0
DA:17,0
DA:18,0
DA:19,0
DA:20,0
DA:23,0
DA:24,0
DA:25,0
DA:26,0
DA:29,0
DA:30,0
DA:31,0
DA:37,0
DA:38,0
DA:39,0
DA:41,0
DA:46,0
DA:47,0
DA:48,0
DA:50,0
DA:55,0
DA:56,0
DA:57,0
DA:59,0
DA:61,0
DA:63,0
DA:64,0
DA:67,0
DA:68,0
DA:70,0
DA:73,0
DA:74,0
DA:76,0
DA:77,0
DA:80,0
DA:81,0
DA:83,0
DA:86,0
DA:89,0
DA:91,0
DA:92,0
DA:94,0
DA:99,0
DA:100,0
DA:101,0
DA:102,0
DA:105,0
DA:106,0
DA:107,0
DA:108,0
DA:110,0
DA:111,0
DA:113,0
DA:117,0
DA:118,0
DA:119,0
DA:121,0
DA:124,0
DA:125,0
DA:126,0
DA:130,0
DA:131,0
DA:135,0
DA:136,0
DA:138,0
DA:140,0
DA:142,0
DA:144,0
DA:146,0
DA:150,0
DA:177,0
LF:78
LH:0
BRDA:9,0,0,0
BRDA:9,0,1,0
BRDA:25,1,0,0
BRDA:25,1,1,0
BRDA:30,2,0,0
BRDA:30,2,1,0
BRDA:38,3,0,0
BRDA:38,3,1,0
BRDA:47,4,0,0
BRDA:47,4,1,0
BRDA:55,5,0,0
BRDA:61,6,0,0
BRDA:61,6,1,0
BRDA:61,6,2,0
BRDA:61,6,3,0
BRDA:61,6,4,0
BRDA:67,7,0,0
BRDA:67,7,1,0
BRDA:73,8,0,0
BRDA:73,8,1,0
BRDA:73,9,0,0
BRDA:73,9,1,0
BRDA:80,10,0,0
BRDA:80,10,1,0
BRDA:80,11,0,0
BRDA:80,11,1,0
BRDA:107,12,0,0
BRDA:107,12,1,0
BRDA:110,13,0,0
BRDA:110,13,1,0
BRDA:118,14,0,0
BRDA:118,14,1,0
BRDA:136,15,0,0
BRDA:136,15,1,0
BRDA:136,15,2,0
BRDA:136,15,3,0
BRDA:136,15,4,0
BRDA:142,16,0,0
BRDA:142,16,1,0
BRDA:144,17,0,0
BRDA:144,17,1,0
BRF:41
BRH:0
end_of_record
TN:
SF:src/contexts/GameContext.jsx
FN:11,(anonymous_0)
FN:19,(anonymous_1)
FN:30,(anonymous_2)
FN:31,(anonymous_3)
FN:41,(anonymous_4)
FN:86,(anonymous_5)
FNF:6
FNH:0
FNDA:0,(anonymous_0)
FNDA:0,(anonymous_1)
FNDA:0,(anonymous_2)
FNDA:0,(anonymous_3)
FNDA:0,(anonymous_4)
FNDA:0,(anonymous_5)
DA:9,0
DA:11,0
DA:12,0
DA:13,0
DA:14,0
DA:16,0
DA:19,0
DA:25,0
DA:26,0
DA:27,0
DA:30,0
DA:31,0
DA:32,0
DA:33,0
DA:35,0
DA:36,0
DA:41,0
DA:42,0
DA:46,0
DA:47,0
DA:49,0
DA:51,0
DA:56,0
DA:57,0
DA:61,0
DA:62,0
DA:67,0
DA:86,0
DA:95,0
LF:29
LH:0
BRDA:13,0,0,0
BRDA:13,0,1,0
BRDA:23,1,0,0
BRDA:35,2,0,0
BRDA:35,2,1,0
BRDA:35,3,0,0
BRDA:35,3,1,0
BRDA:35,3,2,0
BRDA:61,4,0,0
BRDA:61,4,1,0
BRDA:61,5,0,0
BRDA:61,5,1,0
BRDA:78,6,0,0
BRDA:78,6,1,0
BRDA:90,7,0,0
BRDA:90,7,1,0
BRDA:91,8,0,0
BRDA:91,8,1,0
BRF:18
BRH:0
end_of_record
TN:
SF:src/pages/GamePage.jsx
FN:26,(anonymous_0)
FN:39,(anonymous_1)
FN:40,(anonymous_2)
FN:67,(anonymous_3)
FN:69,(anonymous_4)
FN:77,(anonymous_5)
FN:101,(anonymous_6)
FNF:7
FNH:0
FNDA:0,(anonymous_0)
FNDA:0,(anonymous_1)
FNDA:0,(anonymous_2)
FNDA:0,(anonymous_3)
FNDA:0,(anonymous_4)
FNDA:0,(anonymous_5)
FNDA:0,(anonymous_6)
DA:26,0
DA:27,0
DA:28,0
DA:29,0
DA:32,0
DA:33,0
DA:34,0
DA:36,0
DA:39,0
DA:40,0
DA:41,0
DA:43,0
DA:45,0
DA:46,0
DA:47,0
DA:48,0
DA:51,0
DA:52,0
DA:53,0
DA:56,0
DA:58,0
DA:59,0
DA:64,0
DA:67,0
DA:68,0
DA:69,0
DA:70,0
DA:77,0
DA:78,0
DA:79,0
DA:85,0
DA:86,0
DA:95,0
DA:101,0
LF:34
LH:0
BRDA:45,0,0,0
BRDA:45,0,1,0
BRDA:51,1,0,0
BRDA:51,1,1,0
BRDA:58,2,0,0
BRDA:58,2,1,0
BRDA:68,3,0,0
BRDA:68,3,1,0
BRDA:78,4,0,0
BRDA:78,4,1,0
BRDA:78,5,0,0
BRDA:78,5,1,0
BRDA:85,6,0,0
BRDA:85,6,1,0
BRDA:85,7,0,0
BRDA:85,7,1,0
BRF:16
BRH:0
end_of_record
TN:
SF:src/pages/LobbyPage.jsx
FN:11,(anonymous_0)
FN:25,(anonymous_1)
FN:26,(anonymous_2)
FN:42,(anonymous_3)
FN:50,(anonymous_4)
FN:58,(anonymous_5)
FN:87,(anonymous_6)
FN:92,(anonymous_7)
FN:103,(anonymous_8)
FN:108,(anonymous_9)
FN:117,(anonymous_10)
FN:127,(anonymous_11)
FN:128,(anonymous_12)
FN:135,(anonymous_13)
FN:142,(anonymous_14)
FN:146,(anonymous_15)
FN:154,(anonymous_16)
FN:165,(anonymous_17)
FN:172,(anonymous_18)
FN:175,(anonymous_19)
FN:184,(anonymous_20)
FN:187,(anonymous_21)
FN:195,(anonymous_22)
FN:203,(anonymous_23)
FN:213,(anonymous_24)
FN:214,(anonymous_25)
FN:216,(anonymous_26)
FN:219,(anonymous_27)
FN:222,(anonymous_28)
FN:223,(anonymous_29)
FN:231,(anonymous_30)
FN:239,(anonymous_31)
FN:251,(anonymous_32)
FN:314,(anonymous_33)
FN:361,(anonymous_34)
FN:379,(anonymous_35)
FN:380,(anonymous_36)
FN:396,(anonymous_37)
FNF:38
FNH:0
FNDA:0,(anonymous_0)
FNDA:0,(anonymous_1)
FNDA:0,(anonymous_2)
FNDA:0,(anonymous_3)
FNDA:0,(anonymous_4)
FNDA:0,(anonymous_5)
FNDA:0,(anonymous_6)
FNDA:0,(anonymous_7)
FNDA:0,(anonymous_8)
FNDA:0,(anonymous_9)
FNDA:0,(anonymous_10)
FNDA:0,(anonymous_11)
FNDA:0,(anonymous_12)
FNDA:0,(anonymous_13)
FNDA:0,(anonymous_14)
FNDA:0,(anonymous_15)
FNDA:0,(anonymous_16)
FNDA:0,(anonymous_17)
FNDA:0,(anonymous_18)
FNDA:0,(anonymous_19)
FNDA:0,(anonymous_20)
FNDA:0,(anonymous_21)
FNDA:0,(anonymous_22)
FNDA:0,(anonymous_23)
FNDA:0,(anonymous_24)
FNDA:0,(anonymous_25)
FNDA:0,(anonymous_26)
FNDA:0,(anonymous_27)
FNDA:0,(anonymous_28)
FNDA:0,(anonymous_29)
FNDA:0,(anonymous_30)
FNDA:0,(anonymous_31)
FNDA:0,(anonymous_32)
FNDA:0,(anonymous_33)
FNDA:0,(anonymous_34)
FNDA:0,(anonymous_35)
FNDA:0,(anonymous_36)
FNDA:0,(anonymous_37)
DA:11,0
DA:12,0
DA:13,0
DA:15,0
DA:16,0
DA:18,0
DA:19,0
DA:20,0
DA:21,0
DA:22,0
DA:25,0
DA:26,0
DA:27,0
DA:29,0
DA:30,0
DA:32,0
DA:33,0
DA:37,0
DA:39,0
DA:42,0
DA:43,0
DA:44,0
DA:45,0
DA:46,0
DA:47,0
DA:49,0
DA:50,0
DA:51,0
DA:58,0
DA:59,0
DA:60,0
DA:61,0
DA:62,0
DA:70,0
DA:71,0
DA:72,0
DA:73,0
DA:75,0
DA:76,0
DA:78,0
DA:86,0
DA:87,0
DA:88,0
DA:92,0
DA:93,0
DA:94,0
DA:95,0
DA:96,0
DA:97,0
DA:98,0
DA:99,0
DA:102,0
DA:103,0
DA:104,0
DA:108,0
DA:109,0
DA:110,0
DA:111,0
DA:112,0
DA:113,0
DA:114,0
DA:116,0
DA:117,0
DA:118,0
DA:122,0
DA:123,0
DA:127,0
DA:128,0
DA:130,0
DA:135,0
DA:136,0
DA:137,0
DA:142,0
DA:143,0
DA:146,0
DA:147,0
DA:154,0
DA:155,0
DA:157,0
DA:158,0
DA:165,0
DA:166,0
DA:172,0
DA:174,0
DA:175,0
DA:177,0
DA:179,0
DA:182,0
DA:184,0
DA:185,0
DA:186,0
DA:187,0
DA:188,0
DA:189,0
DA:191,0
DA:192,0
DA:193,0
DA:194,0
DA:195,0
DA:196,0
DA:203,0
DA:204,0
DA:205,0
DA:207,0
DA:208,0
DA:209,0
DA:213,0
DA:214,0
DA:216,0
DA:219,0
DA:222,0
DA:223,0
DA:224,0
DA:225,0
DA:227,0
DA:231,0
DA:239,0
DA:252,0
DA:253,0
DA:271,0
DA:314,0
DA:361,0
DA:379,0
DA:381,0
DA:382,0
DA:397,0
DA:398,0
LF:127
LH:0
BRDA:46,0,0,0
BRDA:46,0,1,0
BRDA:70,1,0,0
BRDA:70,1,1,0
BRDA:70,2,0,0
BRDA:70,2,1,0
BRDA:70,2,2,0
BRDA:82,3,0,0
BRDA:82,3,1,0
BRDA:97,4,0,0
BRDA:97,4,1,0
BRDA:114,5,0,0
BRDA:114,5,1,0
BRDA:122,6,0,0
BRDA:122,6,1,0
BRDA:136,7,0,0
BRDA:136,7,1,0
BRDA:155,8,0,0
BRDA:155,8,1,0
BRDA:174,9,0,0
BRDA:174,9,1,0
BRDA:176,10,0,0
BRDA:176,10,1,0
BRDA:177,11,0,0
BRDA:177,11,1,0
BRDA:179,12,0,0
BRDA:179,12,1,0
BRDA:192,13,0,0
BRDA:192,13,1,0
BRDA:207,14,0,0
BRDA:207,14,1,0
BRDA:208,15,0,0
BRDA:208,15,1,0
BRDA:223,16,0,0
BRDA:223,16,1,0
BRDA:225,17,0,0
BRDA:225,17,1,0
BRDA:230,18,0,0
BRDA:230,18,1,0
BRDA:231,19,0,0
BRDA:231,19,1,0
BRDA:238,20,0,0
BRDA:238,20,1,0
BRDA:238,20,2,0
BRDA:244,21,0,0
BRDA:244,21,1,0
BRDA:256,22,0,0
BRDA:256,22,1,0
BRDA:256,23,0,0
BRDA:256,23,1,0
BRDA:258,24,0,0
BRDA:258,24,1,0
BRDA:259,25,0,0
BRDA:259,25,1,0
BRDA:282,26,0,0
BRDA:282,26,1,0
BRDA:289,27,0,0
BRDA:289,27,1,0
BRDA:292,28,0,0
BRDA:292,28,1,0
BRDA:307,29,0,0
BRDA:307,29,1,0
BRDA:310,30,0,0
BRDA:310,30,1,0
BRDA:321,31,0,0
BRDA:321,31,1,0
BRDA:323,32,0,0
BRDA:323,32,1,0
BRDA:341,33,0,0
BRDA:341,33,1,0
BRDA:369,34,0,0
BRDA:369,34,1,0
BRDA:381,35,0,0
BRDA:381,35,1,0
BRDA:381,36,0,0
BRDA:381,36,1,0
BRDA:390,37,0,0
BRDA:390,37,1,0
BRDA:392,38,0,0
BRDA:392,38,1,0
BRDA:409,39,0,0
BRDA:409,39,1,0
BRDA:409,40,0,0
BRDA:409,40,1,0
BRF:84
BRH:0
end_of_record
TN:
SF:src/pages/RoomPage.jsx
FN:11,(anonymous_0)
FN:22,(anonymous_1)
FN:28,(anonymous_2)
FN:32,(anonymous_3)
FN:35,(anonymous_4)
FN:53,(anonymous_5)
FN:62,(anonymous_6)
FN:65,(anonymous_7)
FN:85,(anonymous_8)
FN:92,(anonymous_9)
FN:107,(anonymous_10)
FN:114,(anonymous_11)
FN:121,(anonymous_12)
FN:127,(anonymous_13)
FN:133,(anonymous_14)
FN:153,(anonymous_15)
FN:203,(anonymous_16)
FN:229,(anonymous_17)
FN:240,(anonymous_18)
FNF:19
FNH:0
FNDA:0,(anonymous_0)
FNDA:0,(anonymous_1)
FNDA:0,(anonymous_2)
FNDA:0,(anonymous_3)
FNDA:0,(anonymous_4)
FNDA:0,(anonymous_5)
FNDA:0,(anonymous_6)
FNDA:0,(anonymous_7)
FNDA:0,(anonymous_8)
FNDA:0,(anonymous_9)
FNDA:0,(anonymous_10)
FNDA:0,(anonymous_11)
FNDA:0,(anonymous_12)
FNDA:0,(anonymous_13)
FNDA:0,(anonymous_14)
FNDA:0,(anonymous_15)
FNDA:0,(anonymous_16)
FNDA:0,(anonymous_17)
FNDA:0,(anonymous_18)
DA:11,0
DA:12,0
DA:13,0
DA:14,0
DA:16,0
DA:17,0
DA:18,0
DA:22,0
DA:23,0
DA:27,0
DA:28,0
DA:32,0
DA:33,0
DA:35,0
DA:36,0
DA:37,0
DA:38,0
DA:39,0
DA:41,0
DA:44,0
DA:48,0
DA:49,0
DA:53,0
DA:54,0
DA:55,0
DA:56,0
DA:62,0
DA:63,0
DA:65,0
DA:66,0
DA:67,0
DA:68,0
DA:69,0
DA:70,0
DA:74,0
DA:78,0
DA:82,0
DA:85,0
DA:86,0
DA:88,0
DA:89,0
DA:92,0
DA:93,0
DA:94,0
DA:95,0
DA:96,0
DA:97,0
DA:100,0
DA:103,0
DA:104,0
DA:105,0
DA:107,0
DA:108,0
DA:109,0
DA:110,0
DA:114,0
DA:115,0
DA:116,0
DA:117,0
DA:118,0
DA:121,0
DA:122,0
DA:123,0
DA:124,0
DA:127,0
DA:128,0
DA:129,0
DA:130,0
DA:133,0
DA:134,0
DA:135,0
DA:136,0
DA:137,0
DA:140,0
DA:143,0
DA:144,0
DA:153,0
DA:159,0
DA:204,0
DA:205,0
DA:206,0
DA:207,0
DA:208,0
DA:214,0
DA:229,0
DA:240,0
LF:86
LH:0
BRDA:22,0,0,0
BRDA:22,0,1,0
BRDA:27,1,0,0
BRDA:27,1,1,0
BRDA:28,2,0,0
BRDA:28,2,1,0
BRDA:38,3,0,0
BRDA:38,3,1,0
BRDA:48,4,0,0
BRDA:48,4,1,0
BRDA:48,5,0,0
BRDA:48,5,1,0
BRDA:55,6,0,0
BRDA:55,6,1,0
BRDA:63,7,0,0
BRDA:63,7,1,0
BRDA:80,8,0,0
BRDA:80,8,1,0
BRDA:143,9,0,0
BRDA:143,9,1,0
BRDA:168,10,0,0
BRDA:168,10,1,0
BRDA:171,11,0,0
BRDA:171,11,1,0
BRDA:177,12,0,0
BRDA:177,12,1,0
BRDA:178,13,0,0
BRDA:178,13,1,0
BRDA:192,14,0,0
BRDA:192,14,1,0
BRDA:208,15,0,0
BRDA:208,15,1,0
BRDA:209,16,0,0
BRDA:209,16,1,0
BRDA:221,17,0,0
BRDA:221,17,1,0
BRDA:221,18,0,0
BRDA:221,18,1,0
BRDA:224,19,0,0
BRDA:224,19,1,0
BRDA:225,20,0,0
BRDA:225,20,1,0
BRDA:236,21,0,0
BRDA:236,21,1,0
BRDA:258,22,0,0
BRDA:258,22,1,0
BRDA:259,23,0,0
BRDA:259,23,1,0
BRDA:261,24,0,0
BRDA:261,24,1,0
BRDA:264,25,0,0
BRDA:264,25,1,0
BRDA:268,26,0,0
BRDA:268,26,1,0
BRDA:268,26,2,0
BRDA:270,27,0,0
BRDA:270,27,1,0
BRF:57
BRH:0
end_of_record
TN:
SF:src/pages/StartPage.jsx
FN:10,(anonymous_0)
FN:30,(anonymous_1)
FN:36,(anonymous_2)
FN:53,(anonymous_3)
FNF:4
FNH:0
FNDA:0,(anonymous_0)
FNDA:0,(anonymous_1)
FNDA:0,(anonymous_2)
FNDA:0,(anonymous_3)
DA:10,0
DA:11,0
DA:12,0
DA:13,0
DA:21,0
DA:27,0
DA:30,0
DA:31,0
DA:32,0
DA:36,0
DA:37,0
DA:39,0
DA:41,0
DA:44,0
DA:46,0
DA:49,0
DA:53,0
DA:54,0
DA:55,0
DA:59,0
LF:20
LH:0
BRDA:23,0,0,0
BRDA:23,0,1,0
BRDA:31,1,0,0
BRDA:31,1,1,0
BRDA:54,2,0,0
BRDA:54,2,1,0
BRDA:113,3,0,0
BRDA:113,3,1,0
BRDA:128,4,0,0
BRDA:128,4,1,0
BRDA:130,5,0,0
BRDA:130,5,1,0
BRDA:131,6,0,0
BRDA:131,6,1,0
BRDA:135,7,0,0
BRDA:135,7,1,0
BRF:16
BRH:0
end_of_record
TN:
SF:src/utils/gameValidation.js
FN:18,isValidPlay
FN:49,getPieceValue
FN:59,isPair
FN:64,isThreeOfAKind
FN:67,(anonymous_4)
FN:70,isStraight
FN:71,(anonymous_6)
FN:77,(anonymous_7)
FN:78,(anonymous_8)
FN:82,isFourOfAKind
FN:85,(anonymous_10)
FN:88,(anonymous_11)
FN:94,isExtendedStraight
FN:96,(anonymous_13)
FN:98,(anonymous_14)
FN:106,(anonymous_15)
FN:108,(anonymous_16)
FN:109,(anonymous_17)
FN:110,(anonymous_18)
FN:115,isFiveOfAKind
FN:118,(anonymous_20)
FN:121,isExtendedStraight5
FN:123,(anonymous_22)
FN:125,(anonymous_23)
FN:133,(anonymous_24)
FN:134,(anonymous_25)
FN:134,(anonymous_26)
FN:139,isDoubleStraight
FN:143,(anonymous_28)
FN:145,(anonymous_29)
FN:148,(anonymous_30)
FN:150,(anonymous_31)
FN:158,getPlayType
FN:162,(anonymous_33)
FNF:34
FNH:0
FNDA:0,isValidPlay
FNDA:0,getPieceValue
FNDA:0,isPair
FNDA:0,isThreeOfAKind
FNDA:0,(anonymous_4)
FNDA:0,isStraight
FNDA:0,(anonymous_6)
FNDA:0,(anonymous_7)
FNDA:0,(anonymous_8)
FNDA:0,isFourOfAKind
FNDA:0,(anonymous_10)
FNDA:0,(anonymous_11)
FNDA:0,isExtendedStraight
FNDA:0,(anonymous_13)
FNDA:0,(anonymous_14)
FNDA:0,(anonymous_15)
FNDA:0,(anonymous_16)
FNDA:0,(anonymous_17)
FNDA:0,(anonymous_18)
FNDA:0,isFiveOfAKind
FNDA:0,(anonymous_20)
FNDA:0,isExtendedStraight5
FNDA:0,(anonymous_22)
FNDA:0,(anonymous_23)
FNDA:0,(anonymous_24)
FNDA:0,(anonymous_25)
FNDA:0,(anonymous_26)
FNDA:0,isDoubleStraight
FNDA:0,(anonymous_28)
FNDA:0,(anonymous_29)
FNDA:0,(anonymous_30)
FNDA:0,(anonymous_31)
FNDA:0,getPlayType
FNDA:0,(anonymous_33)
DA:5,0
DA:19,0
DA:21,0
DA:23,0
DA:24,0
DA:27,0
DA:28,0
DA:31,0
DA:32,0
DA:35,0
DA:36,0
DA:39,0
DA:40,0
DA:43,0
DA:51,0
DA:52,0
DA:53,0
DA:60,0
DA:61,0
DA:65,0
DA:66,0
DA:67,0
DA:71,0
DA:72,0
DA:76,0
DA:77,0
DA:78,0
DA:83,0
DA:84,0
DA:85,0
DA:86,0
DA:88,0
DA:91,0
DA:95,0
DA:96,0
DA:97,0
DA:98,0
DA:100,0
DA:105,0
DA:106,0
DA:109,0
DA:110,0
DA:116,0
DA:117,0
DA:118,0
DA:122,0
DA:123,0
DA:124,0
DA:125,0
DA:127,0
DA:132,0
DA:133,0
DA:134,0
DA:140,0
DA:142,0
DA:143,0
DA:144,0
DA:145,0
DA:147,0
DA:148,0
DA:150,0
DA:159,0
DA:162,0
DA:170,0
DA:171,0
DA:174,0
DA:175,0
DA:179,0
DA:180,0
DA:181,0
DA:185,0
DA:186,0
DA:187,0
DA:188,0
DA:190,0
DA:191,0
DA:192,0
DA:197,0
DA:198,0
DA:199,0
DA:203,0
DA:204,0
DA:207,0
LF:83
LH:0
BRDA:19,0,0,0
BRDA:19,0,1,0
BRDA:19,1,0,0
BRDA:19,1,1,0
BRDA:19,1,2,0
BRDA:21,2,0,0
BRDA:21,2,1,0
BRDA:23,3,0,0
BRDA:23,3,1,0
BRDA:27,4,0,0
BRDA:27,4,1,0
BRDA:28,5,0,0
BRDA:28,5,1,0
BRDA:31,6,0,0
BRDA:31,6,1,0
BRDA:32,7,0,0
BRDA:32,7,1,0
BRDA:35,8,0,0
BRDA:35,8,1,0
BRDA:36,9,0,0
BRDA:36,9,1,0
BRDA:39,10,0,0
BRDA:39,10,1,0
BRDA:51,11,0,0
BRDA:51,11,1,0
BRDA:52,12,0,0
BRDA:52,12,1,0
BRDA:52,13,0,0
BRDA:52,13,1,0
BRDA:60,14,0,0
BRDA:60,14,1,0
BRDA:65,15,0,0
BRDA:65,15,1,0
BRDA:77,16,0,0
BRDA:77,16,1,0
BRDA:83,17,0,0
BRDA:83,17,1,0
BRDA:98,18,0,0
BRDA:98,18,1,0
BRDA:106,19,0,0
BRDA:106,19,1,0
BRDA:109,20,0,0
BRDA:109,20,1,0
BRDA:116,21,0,0
BRDA:116,21,1,0
BRDA:125,22,0,0
BRDA:125,22,1,0
BRDA:133,23,0,0
BRDA:133,23,1,0
BRDA:133,23,2,0
BRDA:140,24,0,0
BRDA:140,24,1,0
BRDA:145,25,0,0
BRDA:145,25,1,0
BRDA:148,26,0,0
BRDA:148,26,1,0
BRDA:148,26,2,0
BRDA:163,27,0,0
BRDA:163,27,1,0
BRDA:170,28,0,0
BRDA:170,28,1,0
BRDA:170,29,0,0
BRDA:170,29,1,0
BRDA:171,30,0,0
BRDA:171,30,1,0
BRDA:174,31,0,0
BRDA:174,31,1,0
BRDA:174,32,0,0
BRDA:174,32,1,0
BRDA:179,33,0,0
BRDA:179,33,1,0
BRDA:180,34,0,0
BRDA:180,34,1,0
BRDA:181,35,0,0
BRDA:181,35,1,0
BRDA:185,36,0,0
BRDA:185,36,1,0
BRDA:186,37,0,0
BRDA:186,37,1,0
BRDA:190,38,0,0
BRDA:190,38,1,0
BRDA:197,39,0,0
BRDA:197,39,1,0
BRDA:198,40,0,0
BRDA:198,40,1,0
BRDA:199,41,0,0
BRDA:199,41,1,0
BRDA:203,42,0,0
BRDA:203,42,1,0
BRDA:203,43,0,0
BRDA:203,43,1,0
BRF:91
BRH:0
end_of_record
TN:
SF:src/utils/pieceMapping.js
FN:42,parsePiece
FN:77,getPieceDisplay
FN:113,getPieceColorClass
FN:131,formatPieceValue
FNF:4
FNH:0
FNDA:0,parsePiece
FNDA:0,getPieceDisplay
FNDA:0,getPieceColorClass
FNDA:0,formatPieceValue
DA:9,2
DA:27,2
DA:44,0
DA:46,0
DA:47,0
DA:52,0
DA:53,0
DA:54,0
DA:55,0
DA:56,0
DA:65,0
DA:78,0
DA:80,0
DA:81,0
DA:85,0
DA:86,0
DA:87,0
DA:91,0
DA:92,0
DA:96,0
DA:97,0
DA:98,0
DA:99,0
DA:105,0
DA:115,0
DA:116,0
DA:119,0
DA:120,0
DA:121,0
DA:123,0
DA:132,0
DA:133,0
DA:134,0
DA:136,0
LF:34
LH:2
BRDA:44,0,0,0
BRDA:44,0,1,0
BRDA:44,1,0,0
BRDA:44,1,1,0
BRDA:46,2,0,0
BRDA:46,2,1,0
BRDA:52,3,0,0
BRDA:52,3,1,0
BRDA:54,4,0,0
BRDA:54,4,1,0
BRDA:80,5,0,0
BRDA:80,5,1,0
BRDA:80,6,0,0
BRDA:80,6,1,0
BRDA:86,7,0,0
BRDA:86,7,1,0
BRDA:91,8,0,0
BRDA:91,8,1,0
BRDA:97,9,0,0
BRDA:97,9,1,0
BRDA:99,10,0,0
BRDA:99,10,1,0
BRDA:101,11,0,0
BRDA:101,11,1,0
BRDA:115,12,0,0
BRDA:115,12,1,0
BRDA:115,13,0,0
BRDA:115,13,1,0
BRDA:120,14,0,0
BRDA:120,14,1,0
BRDA:120,15,0,0
BRDA:120,15,1,0
BRDA:133,16,0,0
BRDA:133,16,1,0
BRDA:133,17,0,0
BRDA:133,17,1,0
BRF:36
BRH:0
end_of_record
TN:
SF:src/utils/pieceParser.js
FN:14,parsePieceString
FN:40,parsePieces
FN:46,(anonymous_2)
FN:65,(anonymous_3)
FN:73,parseTurnPlay
FNF:5
FNH:0
FNDA:0,parsePieceString
FNDA:0,parsePieces
FNDA:0,(anonymous_2)
FNDA:0,(anonymous_3)
FNDA:0,parseTurnPlay
DA:15,0
DA:16,0
DA:20,0
DA:21,0
DA:22,0
DA:23,0
DA:26,0
DA:27,0
DA:41,0
DA:42,0
DA:45,0
DA:48,0
DA:55,0
DA:59,0
DA:60,0
DA:63,0
DA:65,0
DA:74,0
DA:75,0
DA:79,0
DA:82,0
DA:83,0
DA:87,0
DA:88,0
DA:91,0
LF:25
LH:0
BRDA:15,0,0,0
BRDA:15,0,1,0
BRDA:15,1,0,0
BRDA:15,1,1,0
BRDA:21,2,0,0
BRDA:21,2,1,0
BRDA:41,3,0,0
BRDA:41,3,1,0
BRDA:48,4,0,0
BRDA:48,4,1,0
BRDA:49,5,0,0
BRDA:49,5,1,0
BRDA:49,5,2,0
BRDA:49,5,3,0
BRDA:49,5,4,0
BRDA:49,5,5,0
BRDA:59,6,0,0
BRDA:59,6,1,0
BRDA:74,7,0,0
BRDA:74,7,1,0
BRDA:74,8,0,0
BRDA:74,8,1,0
BRDA:82,9,0,0
BRDA:82,9,1,0
BRDA:87,10,0,0
BRDA:87,10,1,0
BRF:26
BRH:0
end_of_record
TN:
SF:src/utils/playTypeFormatter.js
FN:4,formatPlayType
FN:25,getPlayTypeDescription
FNF:2
FNH:0
FNDA:0,formatPlayType
FNDA:0,getPlayTypeDescription
DA:5,0
DA:19,0
DA:26,0
DA:38,0
LF:4
LH:0
BRDA:19,0,0,0
BRDA:19,0,1,0
BRDA:38,1,0,0
BRDA:38,1,1,0
BRF:4
BRH:0
end_of_record
TN:
SF:src/utils/playTypeMatching.js
FN:17,doesPlayMatchStarterType
FN:22,(anonymous_1)
FN:85,determinePiecesToReveal
FN:124,(anonymous_3)
FN:126,(anonymous_4)
FN:134,(anonymous_5)
FN:152,(anonymous_6)
FN:165,(anonymous_7)
FN:187,calculateRevealDelay
FN:193,(anonymous_9)
FN:208,getNonMatchMessage
FNF:11
FNH:0
FNDA:0,doesPlayMatchStarterType
FNDA:0,(anonymous_1)
FNDA:0,determinePiecesToReveal
FNDA:0,(anonymous_3)
FNDA:0,(anonymous_4)
FNDA:0,(anonymous_5)
FNDA:0,(anonymous_6)
FNDA:0,(anonymous_7)
FNDA:0,calculateRevealDelay
FNDA:0,(anonymous_9)
FNDA:0,getNonMatchMessage
DA:18,0
DA:22,0
DA:31,0
DA:32,0
DA:33,0
DA:36,0
DA:37,0
DA:40,0
DA:44,0
DA:45,0
DA:48,0
DA:53,0
DA:56,0
DA:60,0
DA:61,0
DA:64,0
DA:68,0
DA:69,0
DA:74,0
DA:90,0
DA:96,0
DA:98,0
DA:99,0
DA:102,0
DA:106,0
DA:107,0
DA:108,0
DA:109,0
DA:119,0
DA:120,0
DA:124,0
DA:125,0
DA:126,0
DA:127,0
DA:131,0
DA:134,0
DA:135,0
DA:140,0
DA:141,0
DA:144,0
DA:148,0
DA:149,0
DA:152,0
DA:153,0
DA:155,0
DA:159,0
DA:160,0
DA:164,0
DA:165,0
DA:166,0
DA:171,0
DA:175,0
DA:193,0
DA:194,0
DA:195,0
DA:198,0
DA:209,0
DA:211,0
DA:212,0
DA:215,0
DA:216,0
DA:219,0
LF:62
LH:0
BRDA:23,0,0,0
BRDA:23,0,1,0
BRDA:31,1,0,0
BRDA:31,1,1,0
BRDA:36,2,0,0
BRDA:36,2,1,0
BRDA:48,3,0,0
BRDA:48,3,1,0
BRDA:49,4,0,0
BRDA:49,4,1,0
BRDA:49,4,2,0
BRDA:60,5,0,0
BRDA:60,5,1,0
BRDA:60,6,0,0
BRDA:60,6,1,0
BRDA:98,7,0,0
BRDA:98,7,1,0
BRDA:107,8,0,0
BRDA:107,8,1,0
BRDA:107,9,0,0
BRDA:107,9,1,0
BRDA:107,9,2,0
BRDA:119,10,0,0
BRDA:119,10,1,0
BRDA:125,11,0,0
BRDA:125,11,1,0
BRDA:125,12,0,0
BRDA:125,12,1,0
BRDA:140,13,0,0
BRDA:140,13,1,0
BRDA:140,14,0,0
BRDA:140,14,1,0
BRDA:148,15,0,0
BRDA:148,15,1,0
BRDA:164,16,0,0
BRDA:164,16,1,0
BRDA:190,17,0,0
BRDA:191,18,0,0
BRDA:194,19,0,0
BRDA:194,19,1,0
BRDA:211,20,0,0
BRDA:211,20,1,0
BRDA:211,21,0,0
BRDA:211,21,1,0
BRDA:215,22,0,0
BRDA:215,22,1,0
BRF:46
BRH:0
end_of_record
TN:
SF:src/utils/roomHelpers.js
FN:3,(anonymous_0)
FN:8,(anonymous_1)
FN:15,(anonymous_2)
FN:21,(anonymous_3)
FN:22,(anonymous_4)
FN:36,(anonymous_5)
FN:37,(anonymous_6)
FNF:7
FNH:0
FNDA:0,(anonymous_0)
FNDA:0,(anonymous_1)
FNDA:0,(anonymous_2)
FNDA:0,(anonymous_3)
FNDA:0,(anonymous_4)
FNDA:0,(anonymous_5)
FNDA:0,(anonymous_6)
DA:3,0
DA:5,0
DA:8,0
DA:9,0
DA:10,0
DA:12,0
DA:15,0
DA:16,0
DA:17,0
DA:18,0
DA:21,0
DA:22,0
DA:23,0
DA:25,0
DA:26,0
DA:29,0
DA:30,0
DA:33,0
DA:36,0
DA:37,0
DA:38,0
DA:40,0
LF:22
LH:0
BRDA:8,0,0,0
BRDA:9,1,0,0
BRDA:9,1,1,0
BRDA:16,2,0,0
BRDA:16,2,1,0
BRDA:17,3,0,0
BRDA:17,3,1,0
BRDA:22,4,0,0
BRDA:22,4,1,0
BRDA:23,5,0,0
BRDA:23,5,1,0
BRDA:25,6,0,0
BRDA:25,6,1,0
BRDA:25,7,0,0
BRDA:25,7,1,0
BRDA:29,8,0,0
BRDA:29,8,1,0
BRDA:37,9,0,0
BRDA:37,9,1,0
BRDA:38,10,0,0
BRDA:38,10,1,0
BRDA:40,11,0,0
BRDA:40,11,1,0
BRF:23
BRH:0
end_of_record
